#
# A fatal error has been detected by the Java Runtime Environment:
#
#  Internal Error (jvmciRuntime.cpp:1609), pid=21, tid=60
#  fatal error: Fatal exception in JVMCI: Error calling jdk.vm.ci.services.Services.serializeSavedProperties
#
# JRE version: OpenJDK Runtime Environment GraalVM CE 22.3.0 (17.0.5+8) (build 17.0.5+8-jvmci-22.3-b08)
# Java VM: OpenJDK 64-Bit Server VM GraalVM CE 22.3.0 (17.0.5+8-jvmci-22.3-b08, mixed mode, sharing, tiered, jvmci, jvmci compiler, compressed oops, compressed class ptrs, parallel gc, linux-amd64)
# Problematic frame:
# V  [libjvm.so+0x972714]  JVMCIRuntime::fatal_exception(JVMCIEnv*, char const*)+0x74
#
# Core dump will be written. Default location: Core dumps may be processed with "/usr/share/apport/apport -p%p -s%s -c%c -d%d -P%P -u%u -g%g -- %E" (or dumping to /home/runner/Listadeanimes/core.21)
#
# If you would like to submit a bug report, please visit:
#   https://github.com/oracle/graal/issues
#

---------------  S U M M A R Y ------------

Command Line: -XX:ThreadPriorityPolicy=1 -XX:+UnlockExperimentalVMOptions -XX:+EnableJVMCIProduct -XX:JVMCIThreadsPerNativeLibraryRuntime=1 -XX:-UnlockExperimentalVMOptions -Declipse.application=org.eclipse.jdt.ls.core.id1 -Dosgi.bundles.defaultStartLevel=4 -Declipse.product=org.eclipse.jdt.ls.core.product -Dlog.level=ALL -Xverify:none -XX:+UseParallelGC -XX:GCTimeRatio=4 -XX:AdaptiveSizePolicyWeight=90 -Dsun.zip.disableMemoryMapping=true -Xmx512m -Xms100m /nix/store/q9712qvwdh22a4krw4jz2sjrz07mvjbl-jdt-language-server-1.9.0/share/java/plugins/org.eclipse.equinox.launcher_1.6.400.v20210924-0641.jar --add-modules=ALL-SYSTEM --add-opens java.base/java.util=ALL-UNNAMED --add-opens java.base/java.lang=ALL-UNNAMED -configuration /home/runner/Listadeanimes/.cache/jdt-language-server/config -data /home/runner/.cache/jdt-language-server/data/home/runner/Listadeanimes

Host: Intel(R) Xeon(R) CPU @ 2.20GHz, 8 cores, 1G, Ubuntu 20.04.2 LTS
Time: Tue Apr  9 00:34:55 2024 UTC elapsed time: 834.162740 seconds (0d 0h 13m 54s)

---------------  T H R E A D  ---------------

Current thread (0x00007f64d40b1990):  JavaThread "JVMCI-native CompilerThread0" daemon [_thread_in_vm, id=60, stack(0x00007f64d8118000,0x00007f64d8318000)]


Current CompileTask:
JVMCI-native: 834163 7829       4       java.util.concurrent.locks.AbstractQueuedSynchronizer::acquireShared (20 bytes)

Stack: [0x00007f64d8118000,0x00007f64d8318000],  sp=0x00007f64d8316380,  free space=2040k
Native frames: (J=compiled Java code, j=interpreted, Vv=VM code, C=native code)
V  [libjvm.so+0x972714]  JVMCIRuntime::fatal_exception(JVMCIEnv*, char const*)+0x74
V  [libjvm.so+0x93e2fe]  JVMCIEnv::copy_saved_properties()+0x14e
V  [libjvm.so+0x9732a9]  JVMCIRuntime::initialize(JVMCIEnv*)+0xb19
V  [libjvm.so+0x9738a2]  JVMCIRuntime::get_HotSpotJVMCIRuntime(JVMCIEnv*)+0x12
V  [libjvm.so+0x9749f2]  JVMCIRuntime::compile_method(JVMCIEnv*, JVMCICompiler*, methodHandle const&, int)+0xd2
V  [libjvm.so+0x5b0d20]  CompileBroker::invoke_compiler_on_method(CompileTask*)+0x1470
V  [libjvm.so+0x5b12e8]  CompileBroker::compiler_thread_loop()+0x528
V  [libjvm.so+0xd82460]  JavaThread::thread_main_inner()+0xd0
V  [libjvm.so+0xd85a40]  Thread::call_run()+0xc0
V  [libjvm.so+0xbdb1e1]  thread_native_entry(Thread*)+0xe1

Register to memory mapping:

RAX=0x00007f64db202000 points into unknown readable memory: 0x0000000000000058 | 58 00 00 00 00 00 00 00
RBX=0x00007f64dc2fd398: <offset 0x0000000000ef5398> in /nix/store/gpxl5qgg8kicmcvivwmybwjlpf7wh20l-graalvm17-ce-22.3.0/lib/server/libjvm.so at 0x00007f64db408000
RCX=0x00007f64dc2b51e8: <offset 0x0000000000ead1e8> in /nix/store/gpxl5qgg8kicmcvivwmybwjlpf7wh20l-graalvm17-ce-22.3.0/lib/server/libjvm.so at 0x00007f64db408000
RDX=0x0000000000000649 is an unknown value
RSP=0x00007f64d8316380 is pointing into the stack for thread: 0x00007f64d40b1990
RBP=0x00007f64d83163a0 is pointing into the stack for thread: 0x00007f64d40b1990
RSI=0x00007f64dc2fdc48: <offset 0x0000000000ef5c48> in /nix/store/gpxl5qgg8kicmcvivwmybwjlpf7wh20l-graalvm17-ce-22.3.0/lib/server/libjvm.so at 0x00007f64db408000
RDI=0x00000000e0000000 is an oop: java.util.LinkedHashMap$Entry 
{0x00000000e0000000} - klass: 'java/util/LinkedHashMap$Entry'
 - ---- fields (total size 5 words):
 - final 'hash' 'I' @12  -2034522908 (86bba4e4)
 - final 'key' 'Ljava/lang/Object;' @16  a 'java/util/jar/Attributes$Name'{0x00000000e05e6900} (e05e6900)
 - 'value' 'Ljava/lang/Object;' @20  "UQVcqdTXTptm+yg+a3GMIILUGmVbc7maq+N0RC+Oh6w="{0x00000000e0000028} (e0000028)
 - 'next' 'Ljava/util/HashMap$Node;' @24  NULL (0)
 - 'before' 'Ljava/util/LinkedHashMap$Entry;' @28  NULL (0)
 - 'after' 'Ljava/util/LinkedHashMap$Entry;' @32  NULL (0)
R8 =0x00007f64dc2fd398: <offset 0x0000000000ef5398> in /nix/store/gpxl5qgg8kicmcvivwmybwjlpf7wh20l-graalvm17-ce-22.3.0/lib/server/libjvm.so at 0x00007f64db408000
R9 =0x00007f64d8316330 is pointing into the stack for thread: 0x00007f64d40b1990
R10=0x00007f64d8317948 is pointing into the stack for thread: 0x00007f64d40b1990
R11=0x0000000000000293 is an unknown value
R12=0x0 is NULL
R13=0x00007f64d40b1990 is a thread
R14=0x00007f64d4000b80 points into unknown readable memory: 0x00007f64dc52ea38 | 38 ea 52 dc 64 7f 00 00
R15=0x00007f64dc63ce40: <offset 0x0000000001234e40> in /nix/store/gpxl5qgg8kicmcvivwmybwjlpf7wh20l-graalvm17-ce-22.3.0/lib/server/libjvm.so at 0x00007f64db408000


Registers:
RAX=0x00007f64db202000, RBX=0x00007f64dc2fd398, RCX=0x00007f64dc2b51e8, RDX=0x0000000000000649
RSP=0x00007f64d8316380, RBP=0x00007f64d83163a0, RSI=0x00007f64dc2fdc48, RDI=0x00000000e0000000
R8 =0x00007f64dc2fd398, R9 =0x00007f64d8316330, R10=0x00007f64d8317948, R11=0x0000000000000293
R12=0x0000000000000000, R13=0x00007f64d40b1990, R14=0x00007f64d4000b80, R15=0x00007f64dc63ce40
RIP=0x00007f64dbd7a714, EFLAGS=0x0000000000010206, CSGSFS=0x002b000000000033, ERR=0x0000000000000006
  TRAPNO=0x000000000000000e

Top of Stack: (sp=0x00007f64d8316380)
0x00007f64d8316380:   00007f64d8316940 00007f64d40b1990
0x00007f64d8316390:   00007f64d9b938c8 0000000800c417a0
0x00007f64d83163a0:   00007f64d8316500 00007f64dbd462fe
0x00007f64d83163b0:   00007f64d83163e0 00007f64d8316440 

Instructions: (pc=0x00007f64dbd7a714)
0x00007f64dbd7a614:   30 e8 f6 cf e8 ff 4c 89 e7 e8 2e 48 d1 ff 84 db
0x00007f64dbd7a624:   75 2a 4d 85 ed 74 04 4d 8b 6d 00 48 83 c4 08 44
0x00007f64dbd7a634:   89 f9 4c 89 f2 4c 89 ee 5b 4c 89 e7 41 5c 41 5d
0x00007f64dbd7a644:   41 5e 41 5f 5d e9 e2 47 d1 ff 66 90 48 83 c4 08
0x00007f64dbd7a654:   5b 41 5c 41 5d 41 5e 41 5f 5d c3 90 31 d2 be 08
0x00007f64dbd7a664:   00 00 00 4c 89 ff e8 b1 78 a3 ff 49 89 c5 e9 37
0x00007f64dbd7a674:   ff ff ff 66 0f 1f 84 00 00 00 00 00 48 8b 7a 08
0x00007f64dbd7a684:   e9 6d ff ff ff 0f 1f 80 00 00 00 00 e8 5b 48 0a
0x00007f64dbd7a694:   00 84 c0 75 89 e9 6a ff ff ff 66 90 55 48 89 e5
0x00007f64dbd7a6a4:   41 56 41 55 41 54 49 89 fc 53 48 89 f3 66 48 8d
0x00007f64dbd7a6b4:   3d 27 5e 85 00 66 66 48 e8 df 43 8d ff 4c 8b 28
0x00007f64dbd7a6c4:   8b 05 be 72 8a 00 85 c0 75 14 ba 01 00 00 00 48
0x00007f64dbd7a6d4:   8d 0d ae 72 8a 00 f0 0f b1 11 85 c0 74 4e be c8
0x00007f64dbd7a6e4:   00 00 00 4c 89 ef e8 01 0b 41 00 48 8d 05 12 ac
0x00007f64dbd7a6f4:   85 00 49 89 d8 48 8d 0d e8 aa 53 00 ba 49 06 00
0x00007f64dbd7a704:   00 48 8d 35 3c 35 58 00 bf 00 00 00 e0 48 8b 00
0x00007f64dbd7a714:   c6 00 58 31 c0 e8 e2 91 c6 ff 5b 41 5c 41 5d 41
0x00007f64dbd7a724:   5e 5d e9 55 34 26 00 0f 1f 44 00 00 48 8d 05 81
0x00007f64dbd7a734:   a3 8b 00 48 89 df 4c 8b 30 e8 9e 43 8d ff 48 89
0x00007f64dbd7a744:   de 48 89 c2 49 8b 06 4c 89 f7 ff 50 08 4c 89 f7
0x00007f64dbd7a754:   e8 a7 5c 27 00 4d 85 e4 74 12 be 01 00 00 00 4c
0x00007f64dbd7a764:   89 e7 e8 35 43 fc ff eb 82 0f 1f 00 be 01 00 00
0x00007f64dbd7a774:   00 4c 89 ef e8 d3 fd ff ff e9 6d ff ff ff 66 66
0x00007f64dbd7a784:   2e 0f 1f 84 00 00 00 00 00 0f 1f 00 55 48 89 e5
0x00007f64dbd7a794:   41 57 41 56 41 55 41 54 53 48 81 ec 08 02 00 00
0x00007f64dbd7a7a4:   64 48 8b 04 25 28 00 00 00 48 89 45 c8 8b 07 83
0x00007f64dbd7a7b4:   f8 02 0f 84 11 04 00 00 4c 8b 6f 18 49 89 ff 49
0x00007f64dbd7a7c4:   89 f4 4d 85 ed 74 14 4c 89 ef e8 5d 57 22 00 41
0x00007f64dbd7a7d4:   8b 07 83 f8 02 0f 84 19 04 00 00 48 8d 1d 9a 06
0x00007f64dbd7a7e4:   8a 00 4c 8d 35 0b 3c 58 00 eb 38 90 48 85 d2 7f
0x00007f64dbd7a7f4:   0d 48 8d 05 b4 c0 85 00 48 83 38 00 7e 0e 41 8b
0x00007f64dbd7a804:   77 2c 4c 89 f7 31 c0 e8 a0 b2 f7 ff 49 8b 7f 18 


Stack slot to memory mapping:
stack at sp + 0 slots: 0x00007f64d8316940 is pointing into the stack for thread: 0x00007f64d40b1990
stack at sp + 1 slots: 0x00007f64d40b1990 is a thread
stack at sp + 2 slots: 0x00007f64d9b938c8 points into unknown readable memory: 0x65730018052dffff | ff ff 2d 05 18 00 73 65
stack at sp + 3 slots: 0x0000000800c417a0 is a pointer to class: 
jdk.vm.ci.services.Services {0x0000000800c417a0}
 - instance size:     2
 - klass size:        65
 - access:            public final synchronized 
 - state:             fully_initialized
 - name:              'jdk/vm/ci/services/Services'
 - super:             'java/lang/Object'
 - sub:               
 - arrays:            NULL
 - methods:           Array<T>(0x00007f64d8c44550)
 - method ordering:   Array<T>(0x0000000800928960)
 - default_methods:   Array<T>(0x0000000000000000)
 - local interfaces:  Array<T>(0x00000008005ce810)
 - trans. interfaces: Array<T>(0x00000008005ce810)
 - constants:         constant pool [427] {0x00007f64d8c43630} for 'jdk/vm/ci/services/Services' cache=0x00007f64d8c45820
 - class loader data:  loader data: 0x00007f64d4027b90 of 'bootstrap'
 - source file:       'Services.java'
 - class annotations:       Array<T>(0x0000000000000000)
 - class type annotations:  Array<T>(0x0000000000000000)
 - field annotations:       Array<T>(0x0000000000000000)
 - field type annotations:  Array<T>(0x0000000000000000)
 - inner classes:     Array<T>(0x00007f64d8c457f0)
 - nest members:     Array<T>(0x00007f64d8c45810)
 - permitted subclasses:     Array<T>(0x00000008005ce7a0)
 - java mirror:       a 'java/lang/Class'{0x00000000e02aeed0} = 'jdk/vm/ci/services/Services'
 - vtable length      5  (start addr: 0x0000000800c41970)
 - itable length      2 (start addr: 0x0000000800c41998)
 - ---- static fields (3 words):
 - public static final 'IS_BUILDING_NATIVE_IMAGE' 'Z' @128 
 - public static final 'IS_IN_NATIVE_IMAGE' 'Z' @129 
 - private static volatile 'savedProperties' 'Ljava/util/Map;' @112 
 - static final 'JVMCI_ENABLED' 'Z' @130 
 - private static final 'servicesCache' 'Ljava/util/Map;' @116 
 - private static final 'MAX_UNICODE_IN_UTF8_LENGTH' 'I' @120 
 - private static final 'MAX_UTF8_PROPERTY_STRING_LENGTH' 'I' @124 
 - ---- non-static fields (0 words):
 - non-static oop maps: 
stack at sp + 4 slots: 0x00007f64d8316500 is pointing into the stack for thread: 0x00007f64d40b1990
stack at sp + 5 slots: 0x00007f64dbd462fe: <offset 0x000000000093e2fe> in /nix/store/gpxl5qgg8kicmcvivwmybwjlpf7wh20l-graalvm17-ce-22.3.0/lib/server/libjvm.so at 0x00007f64db408000
stack at sp + 6 slots: 0x00007f64d83163e0 is pointing into the stack for thread: 0x00007f64d40b1990
stack at sp + 7 slots: 0x00007f64d8316440 is pointing into the stack for thread: 0x00007f64d40b1990


---------------  P R O C E S S  ---------------

Threads class SMR info:
_java_thread_list=0x00007f64380074e0, length=23, elements={
0x00007f64d4025e30, 0x00007f64d40a5c80, 0x00007f64d40a70c0, 0x00007f64d40ad800,
0x00007f64d40aebb0, 0x00007f64d40affa0, 0x00007f64d40b1990, 0x00007f64d40b2ea0,
0x00007f64d40b42f0, 0x00007f64d40d7540, 0x00007f64d411f110, 0x00007f64d42dcb00,
0x00007f64d4324900, 0x00007f64d4327ab0, 0x00007f646c02be60, 0x00007f646c424550,
0x00007f64580010d0, 0x00007f646c614dc0, 0x00007f646c765c20, 0x00007f64d4362bc0,
0x00007f64d43f9740, 0x00007f6444000ff0, 0x00007f6438003250
}

Java Threads: ( => current thread )
  0x00007f64d4025e30 JavaThread "main" [_thread_blocked, id=47, stack(0x00007f64db223000,0x00007f64db323000)]
  0x00007f64d40a5c80 JavaThread "Reference Handler" daemon [_thread_blocked, id=55, stack(0x00007f64d89fe000,0x00007f64d8afe000)]
  0x00007f64d40a70c0 JavaThread "Finalizer" daemon [_thread_blocked, id=56, stack(0x00007f64d88fe000,0x00007f64d89fe000)]
  0x00007f64d40ad800 JavaThread "Signal Dispatcher" daemon [_thread_blocked, id=57, stack(0x00007f64d8518000,0x00007f64d8618000)]
  0x00007f64d40aebb0 JavaThread "Service Thread" daemon [_thread_blocked, id=58, stack(0x00007f64d8418000,0x00007f64d8518000)]
  0x00007f64d40affa0 JavaThread "Monitor Deflation Thread" daemon [_thread_blocked, id=59, stack(0x00007f64d8318000,0x00007f64d8418000)]
=>0x00007f64d40b1990 JavaThread "JVMCI-native CompilerThread0" daemon [_thread_in_vm, id=60, stack(0x00007f64d8118000,0x00007f64d8318000)]
  0x00007f64d40b2ea0 JavaThread "C1 CompilerThread0" daemon [_thread_blocked, id=61, stack(0x00007f64bb2b3000,0x00007f64bb4b3000)]
  0x00007f64d40b42f0 JavaThread "Sweeper thread" daemon [_thread_blocked, id=62, stack(0x00007f64d8018000,0x00007f64d8118000)]
  0x00007f64d40d7540 JavaThread "Common-Cleaner" daemon [_thread_blocked, id=63, stack(0x00007f64bb1b3000,0x00007f64bb2b3000)]
  0x00007f64d411f110 JavaThread "Notification Thread" daemon [_thread_blocked, id=67, stack(0x00007f64bb0b3000,0x00007f64bb1b3000)]
  0x00007f64d42dcb00 JavaThread "Active Thread: Equinox Container: 6a2d02db-5e36-40ac-b927-6672db9c287d" [_thread_blocked, id=86, stack(0x00007f64b8b00000,0x00007f64b8c00000)]
  0x00007f64d4324900 JavaThread "Framework Event Dispatcher: Equinox Container: 6a2d02db-5e36-40ac-b927-6672db9c287d" daemon [_thread_blocked, id=87, stack(0x00007f64b8900000,0x00007f64b8a00000)]
  0x00007f64d4327ab0 JavaThread "Start Level: Equinox Container: 6a2d02db-5e36-40ac-b927-6672db9c287d" daemon [_thread_blocked, id=88, stack(0x00007f64b8700000,0x00007f64b8800000)]
  0x00007f646c02be60 JavaThread "SCR Component Actor" daemon [_thread_blocked, id=89, stack(0x00007f64b8500000,0x00007f64b8600000)]
  0x00007f646c424550 JavaThread "Worker-JM" [_thread_blocked, id=94, stack(0x00007f64b8100000,0x00007f64b8200000)]
  0x00007f64580010d0 JavaThread "Worker-1: Periodic workspace save." [_thread_blocked, id=96, stack(0x00007f6482b00000,0x00007f6482c00000)]
  0x00007f646c614dc0 JavaThread "Java indexing" daemon [_thread_blocked, id=97, stack(0x00007f6482900000,0x00007f6482a00000)]
  0x00007f646c765c20 JavaThread "Bundle File Closer" daemon [_thread_blocked, id=101, stack(0x00007f6482700000,0x00007f6482800000)]
  0x00007f64d4362bc0 JavaThread "pool-3-thread-1" [_thread_blocked, id=102, stack(0x00007f6482500000,0x00007f6482600000)]
  0x00007f64d43f9740 JavaThread "pool-2-thread-1" [_thread_in_native, id=104, stack(0x00007f6482200000,0x00007f6482300000)]
  0x00007f6444000ff0 JavaThread "Worker-5: Building" [_thread_blocked, id=110, stack(0x00007f6481f00000,0x00007f6482000000)]
  0x00007f6438003250 JavaThread "Worker-6" [_thread_blocked, id=289, stack(0x00007f64b8300000,0x00007f64b8400000)]

Other Threads:
  0x00007f64d40a13c0 VMThread "VM Thread" [stack: 0x00007f64d8b00000,0x00007f64d8c00000] [id=54] _threads_hazard_ptr=0x00007f64380074e0
  0x00007f64d4120ab0 WatcherThread [stack: 0x00007f64bafb3000,0x00007f64bb0b3000] [id=68]
  0x00007f64d403d730 GCTaskThread "GC Thread#0" [stack: 0x00007f64dade6000,0x00007f64daee6000] [id=53]

Threads with active compile tasks:
JVMCI-native CompilerThread0   834279 7829       4       java.util.concurrent.locks.AbstractQueuedSynchronizer::acquireShared (20 bytes)

VM state: synchronizing (normal execution)

VM Mutex/Monitor currently owned by a thread:  ([mutex/lock_event])
[0x00007f64d4022f80] Threads_lock - owner thread: 0x00007f64d40a13c0
[0x00007f64d4023730] Heap_lock - owner thread: 0x00007f64580010d0

OutOfMemory and StackOverflow Exception counts:
OutOfMemoryError java_heap_errors=8
LinkageErrors=61

Heap address: 0x00000000e0000000, size: 512 MB, Compressed Oops mode: 32-bit

CDS archive(s) mapped at: [0x0000000800000000-0x0000000800bc8000-0x0000000800bc8000), size 12353536, SharedBaseAddress: 0x0000000800000000, ArchiveRelocationMode: 0.
Compressed class space mapped at: 0x0000000800c00000-0x0000000840c00000, reserved size: 1073741824
Narrow klass base: 0x0000000800000000, Narrow klass shift: 0, Narrow klass range: 0x100000000

GC Precious Log:
 CPUs: 8 total, 1 available
 Memory: 1024M
 Large Page Support: Disabled
 NUMA Support: Disabled
 Compressed Oops: Enabled (32-bit)
 Alignments: Space 512K, Generation 512K, Heap 2M
 Heap Min Capacity: 100M
 Heap Initial Capacity: 100M
 Heap Max Capacity: 512M
 Pre-touch: Disabled
 Parallel Workers: 1

Heap:
 PSYoungGen      total 37888K, used 26623K [0x00000000f5580000, 0x00000000f8700000, 0x0000000100000000)
  eden space 26624K, 99% used [0x00000000f5580000,0x00000000f6f7ffe8,0x00000000f6f80000)
  from space 11264K, 0% used [0x00000000f6f80000,0x00000000f6f80000,0x00000000f7a80000)
  to   space 10752K, 0% used [0x00000000f7a80000,0x00000000f7a80000,0x00000000f8500000)
 ParOldGen       total 349696K, used 349695K [0x00000000e0000000, 0x00000000f5580000, 0x00000000f5580000)
  object space 349696K, 99% used [0x00000000e0000000,0x00000000f557ffe8,0x00000000f5580000)
 Metaspace       used 49069K, committed 50304K, reserved 1097728K
  class space    used 4847K, committed 5312K, reserved 1048576K

Card table byte_map: [0x00007f64daee6000,0x00007f64dafe7000] _byte_map_base: 0x00007f64da7e6000

Marking Bits: (ParMarkBitMap*) 0x00007f64dc6364c0
 Begin Bits: [0x00007f64d9d39000, 0x00007f64da539000)
 End Bits:   [0x00007f64da539000, 0x00007f64dad39000)

Polling page: 0x00007f64db200000

Metaspace:

Usage:
  Non-class:     43.18 MB used.
      Class:      4.73 MB used.
       Both:     47.92 MB used.

Virtual space:
  Non-class space:       48.00 MB reserved,      43.94 MB ( 92%) committed,  6 nodes.
      Class space:        1.00 GB reserved,       5.19 MB ( <1%) committed,  1 nodes.
             Both:        1.05 GB reserved,      49.12 MB (  5%) committed. 

Chunk freelists:
   Non-Class:  199.00 KB
       Class:  2.94 MB
        Both:  3.13 MB

MaxMetaspaceSize: unlimited
CompressedClassSpaceSize: 1.00 GB
Initial GC threshold: 21.00 MB
Current GC threshold: 81.69 MB
CDS: on
MetaspaceReclaimPolicy: balanced
 - commit_granule_bytes: 65536.
 - commit_granule_words: 8192.
 - virtual_space_node_default_size: 1048576.
 - enlarge_chunks_in_place: 1.
 - new_chunks_are_fully_committed: 0.
 - uncommit_free_chunks: 1.
 - use_allocation_guard: 0.
 - handle_deallocations: 1.


Internal statistics:

num_allocs_failed_limit: 6.
num_arena_births: 462.
num_arena_deaths: 138.
num_vsnodes_births: 7.
num_vsnodes_deaths: 0.
num_space_committed: 785.
num_space_uncommitted: 0.
num_chunks_returned_to_freelist: 193.
num_chunks_taken_from_freelist: 2510.
num_chunk_merges: 82.
num_chunk_splits: 1642.
num_chunks_enlarged: 1009.
num_purges: 12.
num_inconsistent_stats: 0.

CodeHeap 'non-profiled nmethods': size=120036Kb used=2326Kb max_used=2326Kb free=117709Kb
 bounds [0x00007f64c2f7a000, 0x00007f64c31ea000, 0x00007f64ca4b3000]
CodeHeap 'profiled nmethods': size=120032Kb used=13467Kb max_used=13467Kb free=106565Kb
 bounds [0x00007f64bba42000, 0x00007f64bc772000, 0x00007f64c2f7a000]
CodeHeap 'non-nmethods': size=5692Kb used=1321Kb max_used=1340Kb free=4370Kb
 bounds [0x00007f64bb4b3000, 0x00007f64bb723000, 0x00007f64bba42000]
 total_blobs=6816 nmethods=6168 adapters=558
 compilation: enabled
              stopped_count=0, restarted_count=0
 full_count=0

JVMCI Events (20 events):
Event: 561.684 Thread 0x00007f64d40b1990 compacted oop handles in JVMCI runtime 0 from 64 to 64
Event: 561.684 Thread 0x00007f64d40b1990 releasing handles for JVMCI runtime 0: oop handles=64, metadata handles={total=96, live=92, blocks=29}
Event: 561.684 Thread 0x00007f64d40b1990 detached from JVMCI runtime 0
Event: 578.892 Thread 0x00007f64d40b1990 attached to JVMCI runtime 0
Event: 578.895 Thread 0x00007f64d40b1990 created JavaVM[3]@0x00007f648199e340 for JVMCI runtime 0
Event: 580.406 Thread 0x00007f64d40b1990 initializing JVMCI runtime 0
Event: 580.406 Thread 0x00007f64d40b1990 done waiting for JavaVM references initialization in JVMCI runtime 0
Event: 604.615 Thread 0x00007f64d40b1990 initialized JVMCI runtime 0
Event: 655.483 Thread 0x00007f64d40b1990 compacted oop handles in JVMCI runtime 0 from 58 to 57
Event: 664.813 Thread 0x00007f64d40b1990 detaching from JVMCI runtime 0: releasing idle compiler thread (0 other threads still attached)
Event: 664.813 Thread 0x00007f64d40b1990 shutting down HotSpotJVMCIRuntime for JVMCI runtime 0
Event: 664.813 Thread 0x00007f64d40b1990 shut down JVMCI runtime 0
Event: 664.817 Thread 0x00007f64d40b1990 destroyed JavaVM[3]@0x00007f648199e340 for JVMCI runtime 0
Event: 664.817 Thread 0x00007f64d40b1990 compacted oop handles in JVMCI runtime 0 from 69 to 69
Event: 664.817 Thread 0x00007f64d40b1990 releasing handles for JVMCI runtime 0: oop handles=69, metadata handles={total=101, live=101, blocks=29}
Event: 664.817 Thread 0x00007f64d40b1990 detached from JVMCI runtime 0
Event: 807.084 Thread 0x00007f64d40b1990 attached to JVMCI runtime 0
Event: 807.087 Thread 0x00007f64d40b1990 created JavaVM[4]@0x00007f648199e340 for JVMCI runtime 0
Event: 810.303 Thread 0x00007f64d40b1990 initializing JVMCI runtime 0
Event: 810.303 Thread 0x00007f64d40b1990 done waiting for JavaVM references initialization in JVMCI runtime 0

Compilation events (20 events):
Event: 645.983 Thread 0x00007f64d40b2ea0 7822       3       org.eclipse.jdt.internal.core.JavaModelManager$VariablesAndContainersSaveHelper::savePath (34 bytes)
Event: 645.984 Thread 0x00007f64d40b2ea0 nmethod 7822 0x00007f64bc763d90 code [0x00007f64bc763fc0, 0x00007f64bc764a00]
Event: 653.982 Thread 0x00007f64d40b2ea0 7823       3       org.eclipse.jdt.internal.core.JavaModelManager$VariablesAndContainersSaveHelper::saveAccessRule (17 bytes)
Event: 655.481 Thread 0x00007f64d40b2ea0 nmethod 7823 0x00007f64bc764d10 code [0x00007f64bc764f80, 0x00007f64bc765b20]
Event: 655.481 Thread 0x00007f64d40b2ea0 7824       3       org.eclipse.jdt.internal.core.ClasspathAccessRule::getPattern (34 bytes)
Event: 655.481 Thread 0x00007f64d40b2ea0 nmethod 7824 0x00007f64bc765f10 code [0x00007f64bc7660e0, 0x00007f64bc766410]
Event: 655.483 Thread 0x00007f64d40b1990 nmethod 7815 0x00007f64c31be510 code [0x00007f64c31be6c0, 0x00007f64c31bed30]
Event: 655.483 Thread 0x00007f64d40b1990 7816       4       java.util.Collections$UnmodifiableMap$UnmodifiableEntrySet$1::next (5 bytes)
Event: 663.208 Thread 0x00007f64d40b1990 nmethod 7816 0x00007f64c31bf110 code [0x00007f64c31bf2a0, 0x00007f64c31bf598]
Event: 751.864 Thread 0x00007f64d40b2ea0 7825       3       java.util.concurrent.atomic.AtomicLong::weakCompareAndSetVolatile (13 bytes)
Event: 753.510 Thread 0x00007f64d40b2ea0 nmethod 7825 0x00007f64bc766590 code [0x00007f64bc766740, 0x00007f64bc7668a0]
Event: 770.381 Thread 0x00007f64d40b2ea0 7826       3       java.util.concurrent.ThreadPoolExecutor::isShutdown (12 bytes)
Event: 770.382 Thread 0x00007f64d40b2ea0 nmethod 7826 0x00007f64bc766990 code [0x00007f64bc766b40, 0x00007f64bc766d30]
Event: 780.613 Thread 0x00007f64d40b2ea0 7827       3       java.util.concurrent.ScheduledThreadPoolExecutor::canRunInCurrentRunState (61 bytes)
Event: 780.614 Thread 0x00007f64d40b2ea0 nmethod 7827 0x00007f64bc766e10 code [0x00007f64bc767020, 0x00007f64bc767ac0]
Event: 807.083 Thread 0x00007f64d40b2ea0 7828       3       java.lang.Throwable::<init> (29 bytes)
Event: 807.084 Thread 0x00007f64d40b2ea0 nmethod 7828 0x00007f64bc767d10 code [0x00007f64bc767ec0, 0x00007f64bc768280]
Event: 807.084 Thread 0x00007f64d40b1990 7829       4       java.util.concurrent.locks.AbstractQueuedSynchronizer::acquireShared (20 bytes)
Event: 826.104 Thread 0x00007f64d40b2ea0 7830       3       org.eclipse.core.runtime.SubProgressMonitor::internalWorked (67 bytes)
Event: 829.318 Thread 0x00007f64d40b2ea0 nmethod 7830 0x00007f64bc768390 code [0x00007f64bc768560, 0x00007f64bc768aa0]

GC Heap History (20 events):
Event: 818.194 GC heap before
{Heap before GC invocations=536 (full 462):
 PSYoungGen      total 37888K, used 26624K [0x00000000f5580000, 0x00000000f8700000, 0x0000000100000000)
  eden space 26624K, 100% used [0x00000000f5580000,0x00000000f6f80000,0x00000000f6f80000)
  from space 11264K, 0% used [0x00000000f6f80000,0x00000000f6f80000,0x00000000f7a80000)
  to   space 10752K, 0% used [0x00000000f7a80000,0x00000000f7a80000,0x00000000f8500000)
 ParOldGen       total 349696K, used 349695K [0x00000000e0000000, 0x00000000f5580000, 0x00000000f5580000)
  object space 349696K, 99% used [0x00000000e0000000,0x00000000f557ff30,0x00000000f5580000)
 Metaspace       used 49067K, committed 50304K, reserved 1097728K
  class space    used 4847K, committed 5312K, reserved 1048576K
}
Event: 819.903 GC heap after
{Heap after GC invocations=536 (full 462):
 PSYoungGen      total 37376K, used 26623K [0x00000000f5580000, 0x00000000f8700000, 0x0000000100000000)
  eden space 26624K, 99% used [0x00000000f5580000,0x00000000f6f7ff88,0x00000000f6f80000)
  from space 10752K, 0% used [0x00000000f7a80000,0x00000000f7a80000,0x00000000f8500000)
  to   space 11264K, 0% used [0x00000000f6f80000,0x00000000f6f80000,0x00000000f7a80000)
 ParOldGen       total 349696K, used 349694K [0x00000000e0000000, 0x00000000f5580000, 0x00000000f5580000)
  object space 349696K, 99% used [0x00000000e0000000,0x00000000f557fb28,0x00000000f5580000)
 Metaspace       used 49067K, committed 50304K, reserved 1097728K
  class space    used 4847K, committed 5312K, reserved 1048576K
}
Event: 819.904 GC heap before
{Heap before GC invocations=537 (full 463):
 PSYoungGen      total 37376K, used 26623K [0x00000000f5580000, 0x00000000f8700000, 0x0000000100000000)
  eden space 26624K, 99% used [0x00000000f5580000,0x00000000f6f7fff8,0x00000000f6f80000)
  from space 10752K, 0% used [0x00000000f7a80000,0x00000000f7a80000,0x00000000f8500000)
  to   space 11264K, 0% used [0x00000000f6f80000,0x00000000f6f80000,0x00000000f7a80000)
 ParOldGen       total 349696K, used 349694K [0x00000000e0000000, 0x00000000f5580000, 0x00000000f5580000)
  object space 349696K, 99% used [0x00000000e0000000,0x00000000f557fb28,0x00000000f5580000)
 Metaspace       used 49067K, committed 50304K, reserved 1097728K
  class space    used 4847K, committed 5312K, reserved 1048576K
}
Event: 821.371 GC heap after
{Heap after GC invocations=537 (full 463):
 PSYoungGen      total 37888K, used 26623K [0x00000000f5580000, 0x00000000f8700000, 0x0000000100000000)
  eden space 26624K, 99% used [0x00000000f5580000,0x00000000f6f7ff88,0x00000000f6f80000)
  from space 11264K, 0% used [0x00000000f6f80000,0x00000000f6f80000,0x00000000f7a80000)
  to   space 10752K, 0% used [0x00000000f7a80000,0x00000000f7a80000,0x00000000f8500000)
 ParOldGen       total 349696K, used 349694K [0x00000000e0000000, 0x00000000f5580000, 0x00000000f5580000)
  object space 349696K, 99% used [0x00000000e0000000,0x00000000f557fb28,0x00000000f5580000)
 Metaspace       used 49067K, committed 50304K, reserved 1097728K
  class space    used 4847K, committed 5312K, reserved 1048576K
}
Event: 821.372 GC heap before
{Heap before GC invocations=538 (full 464):
 PSYoungGen      total 37888K, used 26623K [0x00000000f5580000, 0x00000000f8700000, 0x0000000100000000)
  eden space 26624K, 99% used [0x00000000f5580000,0x00000000f6f7fff8,0x00000000f6f80000)
  from space 11264K, 0% used [0x00000000f6f80000,0x00000000f6f80000,0x00000000f7a80000)
  to   space 10752K, 0% used [0x00000000f7a80000,0x00000000f7a80000,0x00000000f8500000)
 ParOldGen       total 349696K, used 349694K [0x00000000e0000000, 0x00000000f5580000, 0x00000000f5580000)
  object space 349696K, 99% used [0x00000000e0000000,0x00000000f557fb28,0x00000000f5580000)
 Metaspace       used 49067K, committed 50304K, reserved 1097728K
  class space    used 4847K, committed 5312K, reserved 1048576K
}
Event: 822.883 GC heap after
{Heap after GC invocations=538 (full 464):
 PSYoungGen      total 37376K, used 26623K [0x00000000f5580000, 0x00000000f8700000, 0x0000000100000000)
  eden space 26624K, 99% used [0x00000000f5580000,0x00000000f6f7ff88,0x00000000f6f80000)
  from space 10752K, 0% used [0x00000000f7a80000,0x00000000f7a80000,0x00000000f8500000)
  to   space 11264K, 0% used [0x00000000f6f80000,0x00000000f6f80000,0x00000000f7a80000)
 ParOldGen       total 349696K, used 349694K [0x00000000e0000000, 0x00000000f5580000, 0x00000000f5580000)
  object space 349696K, 99% used [0x00000000e0000000,0x00000000f557fb28,0x00000000f5580000)
 Metaspace       used 49067K, committed 50304K, reserved 1097728K
  class space    used 4847K, committed 5312K, reserved 1048576K
}
Event: 822.884 GC heap before
{Heap before GC invocations=539 (full 465):
 PSYoungGen      total 37376K, used 26624K [0x00000000f5580000, 0x00000000f8700000, 0x0000000100000000)
  eden space 26624K, 100% used [0x00000000f5580000,0x00000000f6f80000,0x00000000f6f80000)
  from space 10752K, 0% used [0x00000000f7a80000,0x00000000f7a80000,0x00000000f8500000)
  to   space 11264K, 0% used [0x00000000f6f80000,0x00000000f6f80000,0x00000000f7a80000)
 ParOldGen       total 349696K, used 349694K [0x00000000e0000000, 0x00000000f5580000, 0x00000000f5580000)
  object space 349696K, 99% used [0x00000000e0000000,0x00000000f557fb28,0x00000000f5580000)
 Metaspace       used 49067K, committed 50304K, reserved 1097728K
  class space    used 4847K, committed 5312K, reserved 1048576K
}
Event: 824.394 GC heap after
{Heap after GC invocations=539 (full 465):
 PSYoungGen      total 37888K, used 26623K [0x00000000f5580000, 0x00000000f8700000, 0x0000000100000000)
  eden space 26624K, 99% used [0x00000000f5580000,0x00000000f6f7ffc8,0x00000000f6f80000)
  from space 11264K, 0% used [0x00000000f6f80000,0x00000000f6f80000,0x00000000f7a80000)
  to   space 10752K, 0% used [0x00000000f7a80000,0x00000000f7a80000,0x00000000f8500000)
 ParOldGen       total 349696K, used 349694K [0x00000000e0000000, 0x00000000f5580000, 0x00000000f5580000)
  object space 349696K, 99% used [0x00000000e0000000,0x00000000f557fa98,0x00000000f5580000)
 Metaspace       used 49067K, committed 50304K, reserved 1097728K
  class space    used 4847K, committed 5312K, reserved 1048576K
}
Event: 824.394 GC heap before
{Heap before GC invocations=540 (full 466):
 PSYoungGen      total 37888K, used 26624K [0x00000000f5580000, 0x00000000f8700000, 0x0000000100000000)
  eden space 26624K, 100% used [0x00000000f5580000,0x00000000f6f80000,0x00000000f6f80000)
  from space 11264K, 0% used [0x00000000f6f80000,0x00000000f6f80000,0x00000000f7a80000)
  to   space 10752K, 0% used [0x00000000f7a80000,0x00000000f7a80000,0x00000000f8500000)
 ParOldGen       total 349696K, used 349694K [0x00000000e0000000, 0x00000000f5580000, 0x00000000f5580000)
  object space 349696K, 99% used [0x00000000e0000000,0x00000000f557fa98,0x00000000f5580000)
 Metaspace       used 49067K, committed 50304K, reserved 1097728K
  class space    used 4847K, committed 5312K, reserved 1048576K
}
Event: 826.103 GC heap after
{Heap after GC invocations=540 (full 466):
 PSYoungGen      total 37376K, used 26624K [0x00000000f5580000, 0x00000000f8700000, 0x0000000100000000)
  eden space 26624K, 100% used [0x00000000f5580000,0x00000000f6f80000,0x00000000f6f80000)
  from space 10752K, 0% used [0x00000000f7a80000,0x00000000f7a80000,0x00000000f8500000)
  to   space 11264K, 0% used [0x00000000f6f80000,0x00000000f6f80000,0x00000000f7a80000)
 ParOldGen       total 349696K, used 349694K [0x00000000e0000000, 0x00000000f5580000, 0x00000000f5580000)
  object space 349696K, 99% used [0x00000000e0000000,0x00000000f557fa80,0x00000000f5580000)
 Metaspace       used 49067K, committed 50304K, reserved 1097728K
  class space    used 4847K, committed 5312K, reserved 1048576K
}
Event: 826.105 GC heap before
{Heap before GC invocations=541 (full 467):
 PSYoungGen      total 37376K, used 26624K [0x00000000f5580000, 0x00000000f8700000, 0x0000000100000000)
  eden space 26624K, 100% used [0x00000000f5580000,0x00000000f6f80000,0x00000000f6f80000)
  from space 10752K, 0% used [0x00000000f7a80000,0x00000000f7a80000,0x00000000f8500000)
  to   space 11264K, 0% used [0x00000000f6f80000,0x00000000f6f80000,0x00000000f7a80000)
 ParOldGen       total 349696K, used 349695K [0x00000000e0000000, 0x00000000f5580000, 0x00000000f5580000)
  object space 349696K, 99% used [0x00000000e0000000,0x00000000f557fff0,0x00000000f5580000)
 Metaspace       used 49067K, committed 50304K, reserved 1097728K
  class space    used 4847K, committed 5312K, reserved 1048576K
}
Event: 827.770 GC heap after
{Heap after GC invocations=541 (full 467):
 PSYoungGen      total 37888K, used 26623K [0x00000000f5580000, 0x00000000f8700000, 0x0000000100000000)
  eden space 26624K, 99% used [0x00000000f5580000,0x00000000f6f7ff60,0x00000000f6f80000)
  from space 11264K, 0% used [0x00000000f6f80000,0x00000000f6f80000,0x00000000f7a80000)
  to   space 10752K, 0% used [0x00000000f7a80000,0x00000000f7a80000,0x00000000f8500000)
 ParOldGen       total 349696K, used 349695K [0x00000000e0000000, 0x00000000f5580000, 0x00000000f5580000)
  object space 349696K, 99% used [0x00000000e0000000,0x00000000f557fc18,0x00000000f5580000)
 Metaspace       used 49067K, committed 50304K, reserved 1097728K
  class space    used 4847K, committed 5312K, reserved 1048576K
}
Event: 827.770 GC heap before
{Heap before GC invocations=542 (full 468):
 PSYoungGen      total 37888K, used 26623K [0x00000000f5580000, 0x00000000f8700000, 0x0000000100000000)
  eden space 26624K, 99% used [0x00000000f5580000,0x00000000f6f7fff0,0x00000000f6f80000)
  from space 11264K, 0% used [0x00000000f6f80000,0x00000000f6f80000,0x00000000f7a80000)
  to   space 10752K, 0% used [0x00000000f7a80000,0x00000000f7a80000,0x00000000f8500000)
 ParOldGen       total 349696K, used 349695K [0x00000000e0000000, 0x00000000f5580000, 0x00000000f5580000)
  object space 349696K, 99% used [0x00000000e0000000,0x00000000f557fc18,0x00000000f5580000)
 Metaspace       used 49068K, committed 50304K, reserved 1097728K
  class space    used 4847K, committed 5312K, reserved 1048576K
}
Event: 829.317 GC heap after
{Heap after GC invocations=542 (full 468):
 PSYoungGen      total 37376K, used 26623K [0x00000000f5580000, 0x00000000f8700000, 0x0000000100000000)
  eden space 26624K, 99% used [0x00000000f5580000,0x00000000f6f7ffd8,0x00000000f6f80000)
  from space 10752K, 0% used [0x00000000f7a80000,0x00000000f7a80000,0x00000000f8500000)
  to   space 11264K, 0% used [0x00000000f6f80000,0x00000000f6f80000,0x00000000f7a80000)
 ParOldGen       total 349696K, used 349695K [0x00000000e0000000, 0x00000000f5580000, 0x00000000f5580000)
  object space 349696K, 99% used [0x00000000e0000000,0x00000000f557fc18,0x00000000f5580000)
 Metaspace       used 49068K, committed 50304K, reserved 1097728K
  class space    used 4847K, committed 5312K, reserved 1048576K
}
Event: 829.363 GC heap before
{Heap before GC invocations=543 (full 469):
 PSYoungGen      total 37376K, used 26623K [0x00000000f5580000, 0x00000000f8700000, 0x0000000100000000)
  eden space 26624K, 99% used [0x00000000f5580000,0x00000000f6f7fff0,0x00000000f6f80000)
  from space 10752K, 0% used [0x00000000f7a80000,0x00000000f7a80000,0x00000000f8500000)
  to   space 11264K, 0% used [0x00000000f6f80000,0x00000000f6f80000,0x00000000f7a80000)
 ParOldGen       total 349696K, used 349695K [0x00000000e0000000, 0x00000000f5580000, 0x00000000f5580000)
  object space 349696K, 99% used [0x00000000e0000000,0x00000000f557fc18,0x00000000f5580000)
 Metaspace       used 49068K, committed 50304K, reserved 1097728K
  class space    used 4847K, committed 5312K, reserved 1048576K
}
Event: 830.916 GC heap after
{Heap after GC invocations=543 (full 469):
 PSYoungGen      total 37888K, used 26623K [0x00000000f5580000, 0x00000000f8700000, 0x0000000100000000)
  eden space 26624K, 99% used [0x00000000f5580000,0x00000000f6f7fff0,0x00000000f6f80000)
  from space 11264K, 0% used [0x00000000f6f80000,0x00000000f6f80000,0x00000000f7a80000)
  to   space 10752K, 0% used [0x00000000f7a80000,0x00000000f7a80000,0x00000000f8500000)
 ParOldGen       total 349696K, used 349695K [0x00000000e0000000, 0x00000000f5580000, 0x00000000f5580000)
  object space 349696K, 99% used [0x00000000e0000000,0x00000000f557fc18,0x00000000f5580000)
 Metaspace       used 49068K, committed 50304K, reserved 1097728K
  class space    used 4847K, committed 5312K, reserved 1048576K
}
Event: 830.963 GC heap before
{Heap before GC invocations=544 (full 470):
 PSYoungGen      total 37888K, used 26624K [0x00000000f5580000, 0x00000000f8700000, 0x0000000100000000)
  eden space 26624K, 100% used [0x00000000f5580000,0x00000000f6f80000,0x00000000f6f80000)
  from space 11264K, 0% used [0x00000000f6f80000,0x00000000f6f80000,0x00000000f7a80000)
  to   space 10752K, 0% used [0x00000000f7a80000,0x00000000f7a80000,0x00000000f8500000)
 ParOldGen       total 349696K, used 349695K [0x00000000e0000000, 0x00000000f5580000, 0x00000000f5580000)
  object space 349696K, 99% used [0x00000000e0000000,0x00000000f557ff20,0x00000000f5580000)
 Metaspace       used 49068K, committed 50304K, reserved 1097728K
  class space    used 4847K, committed 5312K, reserved 1048576K
}
Event: 832.563 GC heap after
{Heap after GC invocations=544 (full 470):
 PSYoungGen      total 37376K, used 26623K [0x00000000f5580000, 0x00000000f8700000, 0x0000000100000000)
  eden space 26624K, 99% used [0x00000000f5580000,0x00000000f6f7ff78,0x00000000f6f80000)
  from space 10752K, 0% used [0x00000000f7a80000,0x00000000f7a80000,0x00000000f8500000)
  to   space 11264K, 0% used [0x00000000f6f80000,0x00000000f6f80000,0x00000000f7a80000)
 ParOldGen       total 349696K, used 349695K [0x00000000e0000000, 0x00000000f5580000, 0x00000000f5580000)
  object space 349696K, 99% used [0x00000000e0000000,0x00000000f557fee0,0x00000000f5580000)
 Metaspace       used 49068K, committed 50304K, reserved 1097728K
  class space    used 4847K, committed 5312K, reserved 1048576K
}
Event: 832.563 GC heap before
{Heap before GC invocations=545 (full 471):
 PSYoungGen      total 37376K, used 26623K [0x00000000f5580000, 0x00000000f8700000, 0x0000000100000000)
  eden space 26624K, 99% used [0x00000000f5580000,0x00000000f6f7ff78,0x00000000f6f80000)
  from space 10752K, 0% used [0x00000000f7a80000,0x00000000f7a80000,0x00000000f8500000)
  to   space 11264K, 0% used [0x00000000f6f80000,0x00000000f6f80000,0x00000000f7a80000)
 ParOldGen       total 349696K, used 349695K [0x00000000e0000000, 0x00000000f5580000, 0x00000000f5580000)
  object space 349696K, 99% used [0x00000000e0000000,0x00000000f557fee0,0x00000000f5580000)
 Metaspace       used 49068K, committed 50304K, reserved 1097728K
  class space    used 4847K, committed 5312K, reserved 1048576K
}
Event: 834.105 GC heap after
{Heap after GC invocations=545 (full 471):
 PSYoungGen      total 37888K, used 26623K [0x00000000f5580000, 0x00000000f8700000, 0x0000000100000000)
  eden space 26624K, 99% used [0x00000000f5580000,0x00000000f6f7ff78,0x00000000f6f80000)
  from space 11264K, 0% used [0x00000000f6f80000,0x00000000f6f80000,0x00000000f7a80000)
  to   space 10752K, 0% used [0x00000000f7a80000,0x00000000f7a80000,0x00000000f8500000)
 ParOldGen       total 349696K, used 349695K [0x00000000e0000000, 0x00000000f5580000, 0x00000000f5580000)
  object space 349696K, 99% used [0x00000000e0000000,0x00000000f557fee0,0x00000000f5580000)
 Metaspace       used 49068K, committed 50304K, reserved 1097728K
  class space    used 4847K, committed 5312K, reserved 1048576K
}

Dll operation events (8 events):
Event: 0.034 Loaded shared library /nix/store/gpxl5qgg8kicmcvivwmybwjlpf7wh20l-graalvm17-ce-22.3.0/lib/libjava.so
Event: 0.095 Loaded shared library /nix/store/gpxl5qgg8kicmcvivwmybwjlpf7wh20l-graalvm17-ce-22.3.0/lib/libjsvml.so
Event: 0.382 Loaded shared library /nix/store/gpxl5qgg8kicmcvivwmybwjlpf7wh20l-graalvm17-ce-22.3.0/lib/libnio.so
Event: 0.388 Loaded shared library /nix/store/gpxl5qgg8kicmcvivwmybwjlpf7wh20l-graalvm17-ce-22.3.0/lib/libzip.so
Event: 0.393 Loaded shared library /nix/store/gpxl5qgg8kicmcvivwmybwjlpf7wh20l-graalvm17-ce-22.3.0/lib/libjvmcicompiler.so
Event: 0.794 Loaded shared library /nix/store/gpxl5qgg8kicmcvivwmybwjlpf7wh20l-graalvm17-ce-22.3.0/lib/libjimage.so
Event: 2.795 Loaded shared library /nix/store/gpxl5qgg8kicmcvivwmybwjlpf7wh20l-graalvm17-ce-22.3.0/lib/libnet.so
Event: 4.196 Loaded shared library /home/runner/Listadeanimes/.cache/jdt-language-server/config/org.eclipse.equinox.launcher/org.eclipse.equinox.launcher.gtk.linux.x86_64_1.2.400.v20211117-0650/eclipse_11600.so

Deoptimization events (20 events):
Event: 66.406 Thread 0x00007f646c614dc0 DEOPT PACKING pc=0x00007f64bc7543dd sp=0x00007f64829fe530
Event: 66.406 Thread 0x00007f646c614dc0 DEOPT UNPACKING pc=0x00007f64bb505325 sp=0x00007f64829fda20 mode 0
Event: 66.408 Thread 0x00007f646c614dc0 DEOPT PACKING pc=0x00007f64bc7543dd sp=0x00007f64829fe530
Event: 66.408 Thread 0x00007f646c614dc0 DEOPT UNPACKING pc=0x00007f64bb505325 sp=0x00007f64829fda20 mode 0
Event: 66.464 Thread 0x00007f646c614dc0 DEOPT PACKING pc=0x00007f64bc7543dd sp=0x00007f64829fe530
Event: 66.464 Thread 0x00007f646c614dc0 DEOPT UNPACKING pc=0x00007f64bb505325 sp=0x00007f64829fda20 mode 0
Event: 66.494 Thread 0x00007f646c614dc0 DEOPT PACKING pc=0x00007f64bc74d59b sp=0x00007f64829fe4b0
Event: 66.494 Thread 0x00007f646c614dc0 DEOPT UNPACKING pc=0x00007f64bb505325 sp=0x00007f64829fd968 mode 0
Event: 697.499 Thread 0x00007f64580010d0 Uncommon trap: trap_request=0xffffff8f fr.pc=0x00007f64c3068685 relative=0x0000000000000165
Event: 697.499 Thread 0x00007f64580010d0 Uncommon trap: reason=constraint action=none pc=0x00007f64c3068685 method=java.lang.AbstractStringBuilder.<init>(I)V @ 0 jvmci
Event: 697.499 Thread 0x00007f64580010d0 DEOPT PACKING pc=0x00007f64c3068685 sp=0x00007f6482bfdf00
Event: 697.499 Thread 0x00007f646c614dc0 Uncommon trap: trap_request=0xffffff8f fr.pc=0x00007f64c31b7b1c relative=0x000000000000105c
Event: 697.499 Thread 0x00007f646c614dc0 Uncommon trap: reason=constraint action=none pc=0x00007f64c31b7b1c method=org.eclipse.jdt.internal.core.index.DiskIndex.copyQueryResults(Lorg/eclipse/jdt/internal/compiler/util/HashtableOfObject;I)V @ 123 jvmci
Event: 697.499 Thread 0x00007f64580010d0 DEOPT UNPACKING pc=0x00007f64bb505325 sp=0x00007f6482bfd398 mode 3
Event: 699.199 Thread 0x00007f646c614dc0 DEOPT PACKING pc=0x00007f64c31b7b1c sp=0x00007f64829fe550
Event: 699.199 Thread 0x00007f646c614dc0 DEOPT UNPACKING pc=0x00007f64bb505325 sp=0x00007f64829fda28 mode 3
Event: 720.491 Thread 0x00007f64580010d0 Uncommon trap: trap_request=0xffffff8f fr.pc=0x00007f64c2f913b0 relative=0x0000000000000290
Event: 720.491 Thread 0x00007f64580010d0 Uncommon trap: reason=constraint action=none pc=0x00007f64c2f913b0 method=java.util.Arrays.copyOfRange([BII)[B @ 61 jvmci
Event: 723.726 Thread 0x00007f64580010d0 DEOPT PACKING pc=0x00007f64c2f913b0 sp=0x00007f6482bfdf00
Event: 723.726 Thread 0x00007f64580010d0 DEOPT UNPACKING pc=0x00007f64bb505325 sp=0x00007f6482bfd300 mode 1

Classes unloaded (20 events):
Event: 184.088 Thread 0x00007f64d40a13c0 Unloading class 0x00000008010b0800 'jdk/internal/reflect/GeneratedSerializationConstructorAccessor17'
Event: 184.088 Thread 0x00007f64d40a13c0 Unloading class 0x00000008010b0400 'jdk/internal/reflect/GeneratedSerializationConstructorAccessor16'
Event: 184.088 Thread 0x00007f64d40a13c0 Unloading class 0x00000008010b0000 'jdk/internal/reflect/GeneratedSerializationConstructorAccessor15'
Event: 184.088 Thread 0x00007f64d40a13c0 Unloading class 0x0000000801065400 'jdk/internal/reflect/GeneratedConstructorAccessor31'
Event: 184.088 Thread 0x00007f64d40a13c0 Unloading class 0x0000000801065000 'jdk/internal/reflect/GeneratedSerializationConstructorAccessor14'
Event: 184.088 Thread 0x00007f64d40a13c0 Unloading class 0x0000000801064c00 'jdk/internal/reflect/GeneratedSerializationConstructorAccessor13'
Event: 184.088 Thread 0x00007f64d40a13c0 Unloading class 0x0000000801064800 'jdk/internal/reflect/GeneratedSerializationConstructorAccessor12'
Event: 184.088 Thread 0x00007f64d40a13c0 Unloading class 0x0000000801064400 'jdk/internal/reflect/GeneratedMethodAccessor12'
Event: 184.088 Thread 0x00007f64d40a13c0 Unloading class 0x0000000801064000 'jdk/internal/reflect/GeneratedMethodAccessor11'
Event: 184.088 Thread 0x00007f64d40a13c0 Unloading class 0x0000000801063c00 'jdk/internal/reflect/GeneratedSerializationConstructorAccessor11'
Event: 184.088 Thread 0x00007f64d40a13c0 Unloading class 0x0000000801063800 'jdk/internal/reflect/GeneratedSerializationConstructorAccessor10'
Event: 184.088 Thread 0x00007f64d40a13c0 Unloading class 0x0000000801063400 'jdk/internal/reflect/GeneratedSerializationConstructorAccessor9'
Event: 184.088 Thread 0x00007f64d40a13c0 Unloading class 0x0000000801063000 'jdk/internal/reflect/GeneratedSerializationConstructorAccessor8'
Event: 184.088 Thread 0x00007f64d40a13c0 Unloading class 0x0000000800fea400 'jdk/internal/reflect/GeneratedSerializationConstructorAccessor2'
Event: 184.088 Thread 0x00007f64d40a13c0 Unloading class 0x0000000800fea000 'jdk/internal/reflect/GeneratedSerializationConstructorAccessor1'
Event: 191.693 Thread 0x00007f64d40a13c0 Unloading class 0x0000000801044800 'jdk/internal/reflect/GeneratedMethodAccessor10'
Event: 191.693 Thread 0x00007f64d40a13c0 Unloading class 0x0000000801044400 'jdk/internal/reflect/GeneratedMethodAccessor9'
Event: 191.693 Thread 0x00007f64d40a13c0 Unloading class 0x0000000801044000 'jdk/internal/reflect/GeneratedMethodAccessor8'
Event: 191.693 Thread 0x00007f64d40a13c0 Unloading class 0x0000000801039c00 'jdk/internal/reflect/GeneratedMethodAccessor7'
Event: 191.693 Thread 0x00007f64d40a13c0 Unloading class 0x0000000801020000 'jdk/internal/reflect/GeneratedConstructorAccessor23'

Classes redefined (0 events):
No events

Internal exceptions (20 events):
Event: 45.490 Thread 0x00007f644c000ff0 Exception <a 'java/io/FileNotFoundException'{0x00000000f6804528}> (0x00000000f6804528) 
thrown [src/hotspot/share/prims/jni.cpp, line 516]
Event: 45.564 Thread 0x00007f644c000ff0 Exception <a 'java/lang/NoSuchMethodError'{0x00000000f74d66b0}: 'java.lang.Object java.lang.invoke.DirectMethodHandle$Holder.newInvokeSpecial(java.lang.Object, java.lang.Object, int, java.lang.Object, java.lang.Object)'> (0x00000000f74d66b0) 
thrown [src/hotspot/share/interpreter/linkResolver.cpp, line 758]
Event: 45.564 Thread 0x00007f644c000ff0 Exception <a 'java/lang/NoSuchMethodError'{0x00000000f74daae0}: 'java.lang.Object java.lang.invoke.DirectMethodHandle$Holder.invokeSpecial(java.lang.Object, java.lang.Object, java.lang.Object, int, java.lang.Object, java.lang.Object)'> (0x00000000f74daae0) 
thrown [src/hotspot/share/interpreter/linkResolver.cpp, line 758]
Event: 45.789 Thread 0x00007f644c000ff0 Exception <a 'java/lang/NoSuchMethodError'{0x00000000f5a245c8}: 'java.lang.Object java.lang.invoke.DirectMethodHandle$Holder.newInvokeSpecial(java.lang.Object, java.lang.Object, java.lang.Object, int, java.lang.Object)'> (0x00000000f5a245c8) 
thrown [src/hotspot/share/interpreter/linkResolver.cpp, line 758]
Event: 45.790 Thread 0x00007f644c000ff0 Exception <a 'java/lang/NoSuchMethodError'{0x00000000f5a28778}: 'java.lang.Object java.lang.invoke.DirectMethodHandle$Holder.invokeSpecial(java.lang.Object, java.lang.Object, java.lang.Object, java.lang.Object, int, java.lang.Object)'> (0x00000000f5a28778) 
thrown [src/hotspot/share/interpreter/linkResolver.cpp, line 758]
Event: 45.790 Thread 0x00007f644c000ff0 Exception <a 'java/lang/NoSuchMethodError'{0x00000000f5a2c260}: 'java.lang.Object java.lang.invoke.Invokers$Holder.linkToTargetMethod(java.lang.Object, java.lang.Object, int, java.lang.Object, java.lang.Object)'> (0x00000000f5a2c260) 
thrown [src/hotspot/share/interpreter/linkResolver.cpp, line 758]
Event: 46.169 Thread 0x00007f6444000ff0 Exception <a 'java/lang/NoSuchMethodError'{0x00000000f6fe2ee8}: 'java.lang.Object java.lang.invoke.DirectMethodHandle$Holder.invokeStatic(java.lang.Object, java.lang.Object, int, java.lang.Object)'> (0x00000000f6fe2ee8) 
thrown [src/hotspot/share/interpreter/linkResolver.cpp, line 758]
Event: 46.182 Thread 0x00007f6444000ff0 Exception <a 'java/lang/NoSuchMethodError'{0x00000000f7050868}: 'java.lang.Object java.lang.invoke.DirectMethodHandle$Holder.newInvokeSpecial(java.lang.Object, java.lang.Object, int)'> (0x00000000f7050868) 
thrown [src/hotspot/share/interpreter/linkResolver.cpp, line 758]
Event: 48.782 Thread 0x00007f646c614dc0 Implicit null exception at 0x00007f64c313b215 to 0x00007f64c313b8fe
Event: 694.116 Thread 0x00007f64580010d0 Exception <a 'java/lang/OutOfMemoryError'{0x00000000e00bf758}> (0x00000000e00bf758) 
thrown [src/hotspot/share/gc/shared/memAllocator.cpp, line 138]
Event: 697.499 Thread 0x00007f64580010d0 Implicit null exception at 0x00007f64c3068657 to 0x00007f64c306866a
Event: 697.499 Thread 0x00007f646c614dc0 Exception <a 'java/lang/OutOfMemoryError'{0x00000000e00bf758}> (0x00000000e00bf758) 
thrown [src/hotspot/share/gc/shared/memAllocator.cpp, line 138]
Event: 697.499 Thread 0x00007f646c614dc0 Implicit null exception at 0x00007f64c31b7567 to 0x00007f64c31b7b01
Event: 720.490 Thread 0x00007f64580010d0 Exception <a 'java/lang/OutOfMemoryError'{0x00000000e00bec18}> (0x00000000e00bec18) 
thrown [src/hotspot/share/gc/shared/memAllocator.cpp, line 138]
Event: 720.491 Thread 0x00007f64580010d0 Implicit null exception at 0x00007f64c2f912cd to 0x00007f64c2f91395
Event: 723.726 Thread 0x00007f64580010d0 Exception <a 'java/lang/OutOfMemoryError'{0x00000000e00bef38}> (0x00000000e00bef38) 
thrown [src/hotspot/share/gc/shared/memAllocator.cpp, line 136]
Event: 723.726 Thread 0x00007f64580010d0 Exception <a 'java/lang/OutOfMemoryError'{0x00000000e00bec98}> (0x00000000e00bec98) 
thrown [src/hotspot/share/runtime/deoptimization.cpp, line 1108]
Event: 777.016 Thread 0x00007f64580010d0 Exception <a 'java/lang/OutOfMemoryError'{0x00000000e00bef38}> (0x00000000e00bef38) 
thrown [src/hotspot/share/gc/shared/memAllocator.cpp, line 136]
Event: 810.303 Thread 0x00007f64580010d0 Exception <a 'java/lang/OutOfMemoryError'{0x00000000e00bef38}> (0x00000000e00bef38) 
thrown [src/hotspot/share/gc/shared/memAllocator.cpp, line 136]
Event: 834.105 Thread 0x00007f64d40b1990 Exception <a 'java/lang/OutOfMemoryError'{0x00000000e00bef38}> (0x00000000e00bef38) 
thrown [src/hotspot/share/gc/shared/memAllocator.cpp, line 136]

VM Operations (20 events):
Event: 816.589 Executing VM operation: ParallelGCFailedAllocation
Event: 818.193 Executing VM operation: ParallelGCFailedAllocation done
Event: 818.193 Executing VM operation: ParallelGCFailedAllocation
Event: 819.903 Executing VM operation: ParallelGCFailedAllocation done
Event: 819.904 Executing VM operation: ParallelGCFailedAllocation
Event: 821.372 Executing VM operation: ParallelGCFailedAllocation done
Event: 821.372 Executing VM operation: ParallelGCFailedAllocation
Event: 822.883 Executing VM operation: ParallelGCFailedAllocation done
Event: 822.883 Executing VM operation: ParallelGCFailedAllocation
Event: 824.394 Executing VM operation: ParallelGCFailedAllocation done
Event: 824.394 Executing VM operation: ParallelGCFailedAllocation
Event: 826.103 Executing VM operation: ParallelGCFailedAllocation done
Event: 826.104 Executing VM operation: ParallelGCFailedAllocation
Event: 827.770 Executing VM operation: ParallelGCFailedAllocation done
Event: 827.770 Executing VM operation: ParallelGCFailedAllocation
Event: 829.318 Executing VM operation: ParallelGCFailedAllocation done
Event: 829.318 Executing VM operation: ParallelGCFailedAllocation
Event: 830.916 Executing VM operation: ParallelGCFailedAllocation done
Event: 830.963 Executing VM operation: ParallelGCFailedAllocation
Event: 834.105 Executing VM operation: ParallelGCFailedAllocation done

Events (20 events):
Event: 46.194 loading class com/sun/org/apache/xerces/internal/xni/parser/XMLParseException
Event: 46.194 loading class com/sun/org/apache/xerces/internal/xni/parser/XMLParseException done
Event: 48.580 Thread 0x00007f64d40b42f0 flushing nmethod 0x00007f64c305d310
Event: 48.580 Thread 0x00007f64d40b42f0 flushing nmethod 0x00007f64c305e510
Event: 48.580 Thread 0x00007f64d40b42f0 flushing nmethod 0x00007f64c305ea90
Event: 48.589 Thread 0x00007f64d40b42f0 flushing nmethod 0x00007f64bc005510
Event: 48.682 Thread 0x00007f64d40b42f0 flushing nmethod 0x00007f64bc54d690
Event: 61.792 Thread 0x00007f64d42075a0 Thread exited: 0x00007f64d42075a0
Event: 105.196 Thread 0x00007f6464001570 Thread exited: 0x00007f6464001570
Event: 105.196 Thread 0x00007f645c001300 Thread exited: 0x00007f645c001300
Event: 110.380 Thread 0x00007f646c483a00 Thread exited: 0x00007f646c483a00
Event: 110.380 Thread 0x00007f644c000ff0 Thread exited: 0x00007f644c000ff0
Event: 728.604 loading class java/lang/AssertionError
Event: 728.604 loading class java/lang/AssertionError done
Event: 748.668 Thread 0x00007f6438003250 Thread added: 0x00007f6438003250
Event: 748.668 Protecting memory [0x00007f64b8300000,0x00007f64b8304000] with protection modes 0
Event: 803.781 loading class java/util/concurrent/locks/ReentrantReadWriteLock$Sync$HoldCounter
Event: 803.781 loading class java/util/concurrent/locks/ReentrantReadWriteLock$Sync$HoldCounter done
Event: 818.193 loading class java/lang/Throwable$WrappedPrintStream
Event: 818.193 loading class java/lang/Throwable$PrintStreamOrWriter


Dynamic libraries:
e0000000-f2980000 rw-p 00000000 00:00 0 
f2980000-f8700000 rw-p 00000000 00:00 0 
f8700000-100000000 ---p 00000000 00:00 0 
800000000-800449000 rw-p 00001000 08:30 707969865                        /nix/store/gpxl5qgg8kicmcvivwmybwjlpf7wh20l-graalvm17-ce-22.3.0/lib/server/classes.jsa
800449000-800bc8000 r--p 0044a000 08:30 707969865                        /nix/store/gpxl5qgg8kicmcvivwmybwjlpf7wh20l-graalvm17-ce-22.3.0/lib/server/classes.jsa
800bc8000-800c00000 ---p 00000000 00:00 0 
800c00000-800c10000 rw-p 00000000 00:00 0 
800c10000-800c30000 rw-p 00000000 00:00 0 
800c30000-800cb0000 rw-p 00000000 00:00 0 
800cb0000-800cf0000 rw-p 00000000 00:00 0 
800cf0000-800db0000 rw-p 00000000 00:00 0 
800db0000-800df0000 rw-p 00000000 00:00 0 
800df0000-801130000 rw-p 00000000 00:00 0 
801130000-840c00000 ---p 00000000 00:00 0 
57f250143000-57f250144000 r-xp 00000000 08:30 672029940                  /nix/store/gpxl5qgg8kicmcvivwmybwjlpf7wh20l-graalvm17-ce-22.3.0/bin/.java-wrapped
57f250145000-57f250146000 r--p 00001000 08:30 672029940                  /nix/store/gpxl5qgg8kicmcvivwmybwjlpf7wh20l-graalvm17-ce-22.3.0/bin/.java-wrapped
57f250146000-57f250147000 rw-p 00002000 08:30 672029940                  /nix/store/gpxl5qgg8kicmcvivwmybwjlpf7wh20l-graalvm17-ce-22.3.0/bin/.java-wrapped
57f250147000-57f250148000 rw-p 00004000 08:30 672029940                  /nix/store/gpxl5qgg8kicmcvivwmybwjlpf7wh20l-graalvm17-ce-22.3.0/bin/.java-wrapped
57f250148000-57f250149000 rw-p 00005000 08:30 672029940                  /nix/store/gpxl5qgg8kicmcvivwmybwjlpf7wh20l-graalvm17-ce-22.3.0/bin/.java-wrapped
57f25101e000-57f251066000 rw-p 00000000 00:00 0                          [heap]
7f6428000000-7f6428021000 rw-p 00000000 00:00 0 
7f6428021000-7f642c000000 ---p 00000000 00:00 0 
7f642e4b3000-7f6438000000 r--s 00000000 08:30 707804677                  /nix/store/gpxl5qgg8kicmcvivwmybwjlpf7wh20l-graalvm17-ce-22.3.0/lib/modules
7f6438000000-7f6438044000 rw-p 00000000 00:00 0 
7f6438044000-7f643c000000 ---p 00000000 00:00 0 
7f643f400000-7f643f800000 rw-p 00000000 00:00 0 
7f643f800000-7f643fc00000 ---p 00000000 00:00 0 
7f6440000000-7f64401b8000 rw-p 00000000 00:00 0 
7f64401b8000-7f6444000000 ---p 00000000 00:00 0 
7f6444000000-7f6444077000 rw-p 00000000 00:00 0 
7f6444077000-7f6448000000 ---p 00000000 00:00 0 
7f6448000000-7f6448021000 rw-p 00000000 00:00 0 
7f6448021000-7f644c000000 ---p 00000000 00:00 0 
7f644c000000-7f644c049000 rw-p 00000000 00:00 0 
7f644c049000-7f6450000000 ---p 00000000 00:00 0 
7f6450000000-7f6450062000 rw-p 00000000 00:00 0 
7f6450062000-7f6454000000 ---p 00000000 00:00 0 
7f6454000000-7f6454021000 rw-p 00000000 00:00 0 
7f6454021000-7f6458000000 ---p 00000000 00:00 0 
7f6458000000-7f6458393000 rw-p 00000000 00:00 0 
7f6458393000-7f645c000000 ---p 00000000 00:00 0 
7f645c000000-7f645c03d000 rw-p 00000000 00:00 0 
7f645c03d000-7f6460000000 ---p 00000000 00:00 0 
7f6460000000-7f6460021000 rw-p 00000000 00:00 0 
7f6460021000-7f6464000000 ---p 00000000 00:00 0 
7f6464000000-7f6464552000 rw-p 00000000 00:00 0 
7f6464552000-7f6468000000 ---p 00000000 00:00 0 
7f6469000000-7f64690f0000 rw-p 00000000 00:00 0 
7f64690f0000-7f64691f0000 rw-p 00000000 00:00 0 
7f64691f0000-7f6469200000 ---p 00000000 00:00 0 
7f6469200000-7f6469670000 rw-p 00000000 00:00 0 
7f6469670000-7f64697f0000 rw-p 00000000 00:00 0 
7f64697f0000-7f6469ff0000 rw-p 00000000 00:00 0 
7f6469ff0000-7f646a000000 rw-p 00000000 00:00 0 
7f646b000000-7f646b170000 rw-p 00000000 00:00 0 
7f646b170000-7f646b1f0000 rw-p 00000000 00:00 0 
7f646b1f0000-7f646b6f0000 rw-p 00000000 00:00 0 
7f646b6f0000-7f646b7f0000 rw-p 00000000 00:00 0 
7f646b7f0000-7f646b8f0000 rw-p 00000000 00:00 0 
7f646b8f0000-7f646b9f0000 rw-p 00000000 00:00 0 
7f646b9f0000-7f646bef0000 rw-p 00000000 00:00 0 
7f646bef0000-7f646c000000 rw-p 00000000 00:00 0 
7f646c000000-7f646c8ec000 rw-p 00000000 00:00 0 
7f646c8ec000-7f6470000000 ---p 00000000 00:00 0 
7f6470000000-7f6470021000 rw-p 00000000 00:00 0 
7f6470021000-7f6474000000 ---p 00000000 00:00 0 
7f6474000000-7f6474021000 rw-p 00000000 00:00 0 
7f6474021000-7f6478000000 ---p 00000000 00:00 0 
7f6478000000-7f6478021000 rw-p 00000000 00:00 0 
7f6478021000-7f647c000000 ---p 00000000 00:00 0 
7f647c000000-7f647c021000 rw-p 00000000 00:00 0 
7f647c021000-7f6480000000 ---p 00000000 00:00 0 
7f6480200000-7f6480210000 r-xp 00000000 00:e1c 310                       /home/runner/Listadeanimes/.cache/jdt-language-server/config/org.eclipse.equinox.launcher/org.eclipse.equinox.launcher.gtk.linux.x86_64_1.2.400.v20211117-0650/eclipse_11600.so
7f6480210000-7f648040f000 ---p 00010000 00:e1c 310                       /home/runner/Listadeanimes/.cache/jdt-language-server/config/org.eclipse.equinox.launcher/org.eclipse.equinox.launcher.gtk.linux.x86_64_1.2.400.v20211117-0650/eclipse_11600.so
7f648040f000-7f6480410000 r--p 0000f000 00:e1c 310                       /home/runner/Listadeanimes/.cache/jdt-language-server/config/org.eclipse.equinox.launcher/org.eclipse.equinox.launcher.gtk.linux.x86_64_1.2.400.v20211117-0650/eclipse_11600.so
7f6480410000-7f6480411000 rw-p 00010000 00:e1c 310                       /home/runner/Listadeanimes/.cache/jdt-language-server/config/org.eclipse.equinox.launcher/org.eclipse.equinox.launcher.gtk.linux.x86_64_1.2.400.v20211117-0650/eclipse_11600.so
7f6480d00000-7f6480e00000 ---p 00000000 00:00 0 
7f6480e00000-7f64813af000 r--p 01122000 08:30 707802136                  /nix/store/gpxl5qgg8kicmcvivwmybwjlpf7wh20l-graalvm17-ce-22.3.0/lib/libjvmcicompiler.so
7f64813af000-7f6481500000 r--p 00000000 00:00 0 
7f6481500000-7f648153d000 rw-p 00000000 00:00 0 
7f648153d000-7f6481a5d000 rw-p 0185f000 08:30 707802136                  /nix/store/gpxl5qgg8kicmcvivwmybwjlpf7wh20l-graalvm17-ce-22.3.0/lib/libjvmcicompiler.so
7f6481a5d000-7f6481e44000 r--p 01d7f000 08:30 707802136                  /nix/store/gpxl5qgg8kicmcvivwmybwjlpf7wh20l-graalvm17-ce-22.3.0/lib/libjvmcicompiler.so
7f6481f00000-7f6481f04000 ---p 00000000 00:00 0 
7f6481f04000-7f6482000000 rw-p 00000000 00:00 0 
7f6482100000-7f6482104000 ---p 00000000 00:00 0 
7f6482104000-7f6482200000 rw-p 00000000 00:00 0 
7f6482200000-7f6482204000 ---p 00000000 00:00 0 
7f6482204000-7f6482300000 rw-p 00000000 00:00 0 
7f6482300000-7f6482304000 ---p 00000000 00:00 0 
7f6482304000-7f6482400000 rw-p 00000000 00:00 0 
7f6482500000-7f6482504000 ---p 00000000 00:00 0 
7f6482504000-7f6482600000 rw-p 00000000 00:00 0 
7f6482700000-7f6482704000 ---p 00000000 00:00 0 
7f6482704000-7f6482800000 rw-p 00000000 00:00 0 
7f6482900000-7f6482904000 ---p 00000000 00:00 0 
7f6482904000-7f6482a00000 rw-p 00000000 00:00 0 
7f6482b00000-7f6482b04000 ---p 00000000 00:00 0 
7f6482b04000-7f6482c00000 rw-p 00000000 00:00 0 
7f6482d00000-7f6482d04000 ---p 00000000 00:00 0 
7f6482d04000-7f6482e00000 rw-p 00000000 00:00 0 
7f6483a68000-7f6483f00000 rw-p 00000000 00:00 0 
7f6484000000-7f6484021000 rw-p 00000000 00:00 0 
7f6484021000-7f6488000000 ---p 00000000 00:00 0 
7f6488000000-7f6488021000 rw-p 00000000 00:00 0 
7f6488021000-7f648c000000 ---p 00000000 00:00 0 
7f648c000000-7f648c021000 rw-p 00000000 00:00 0 
7f648c021000-7f6490000000 ---p 00000000 00:00 0 
7f6490000000-7f6490021000 rw-p 00000000 00:00 0 
7f6490021000-7f6494000000 ---p 00000000 00:00 0 
7f6494000000-7f64940e5000 rw-p 00000000 00:00 0 
7f64940e5000-7f6498000000 ---p 00000000 00:00 0 
7f6498000000-7f6498b0a000 rw-p 00000000 00:00 0 
7f6498b0a000-7f649c000000 ---p 00000000 00:00 0 
7f649c000000-7f649c021000 rw-p 00000000 00:00 0 
7f649c021000-7f64a0000000 ---p 00000000 00:00 0 
7f64a0000000-7f64a0021000 rw-p 00000000 00:00 0 
7f64a0021000-7f64a4000000 ---p 00000000 00:00 0 
7f64a4000000-7f64a4021000 rw-p 00000000 00:00 0 
7f64a4021000-7f64a8000000 ---p 00000000 00:00 0 
7f64a8000000-7f64a8021000 rw-p 00000000 00:00 0 
7f64a8021000-7f64ac000000 ---p 00000000 00:00 0 
7f64ac000000-7f64ac021000 rw-p 00000000 00:00 0 
7f64ac021000-7f64b0000000 ---p 00000000 00:00 0 
7f64b0000000-7f64b0021000 rw-p 00000000 00:00 0 
7f64b0021000-7f64b4000000 ---p 00000000 00:00 0 
7f64b4000000-7f64b4054000 rw-p 00000000 00:00 0 
7f64b4054000-7f64b8000000 ---p 00000000 00:00 0 
7f64b8100000-7f64b8104000 ---p 00000000 00:00 0 
7f64b8104000-7f64b8200000 rw-p 00000000 00:00 0 
7f64b8300000-7f64b8304000 ---p 00000000 00:00 0 
7f64b8304000-7f64b8400000 rw-p 00000000 00:00 0 
7f64b8400000-7f64b8404000 ---p 00000000 00:00 0 
7f64b8404000-7f64b8500000 rw-p 00000000 00:00 0 
7f64b8500000-7f64b8504000 ---p 00000000 00:00 0 
7f64b8504000-7f64b8600000 rw-p 00000000 00:00 0 
7f64b8700000-7f64b8704000 ---p 00000000 00:00 0 
7f64b8704000-7f64b8800000 rw-p 00000000 00:00 0 
7f64b8900000-7f64b8904000 ---p 00000000 00:00 0 
7f64b8904000-7f64b8a00000 rw-p 00000000 00:00 0 
7f64b8b00000-7f64b8b04000 ---p 00000000 00:00 0 
7f64b8b04000-7f64b8c00000 rw-p 00000000 00:00 0 
7f64b8c00000-7f64bad6a000 r-xp 00000000 08:30 707802136                  /nix/store/gpxl5qgg8kicmcvivwmybwjlpf7wh20l-graalvm17-ce-22.3.0/lib/libjvmcicompiler.so
7f64bad6a000-7f64baf69000 ---p 0216a000 08:30 707802136                  /nix/store/gpxl5qgg8kicmcvivwmybwjlpf7wh20l-graalvm17-ce-22.3.0/lib/libjvmcicompiler.so
7f64baf69000-7f64baf6a000 r--p 02169000 08:30 707802136                  /nix/store/gpxl5qgg8kicmcvivwmybwjlpf7wh20l-graalvm17-ce-22.3.0/lib/libjvmcicompiler.so
7f64baf6a000-7f64baf6c000 rw-p 0216a000 08:30 707802136                  /nix/store/gpxl5qgg8kicmcvivwmybwjlpf7wh20l-graalvm17-ce-22.3.0/lib/libjvmcicompiler.so
7f64baf6c000-7f64baf6d000 rw-p 00000000 00:00 0 
7f64baf6d000-7f64baf72000 rw-p 023c3000 08:30 707802136                  /nix/store/gpxl5qgg8kicmcvivwmybwjlpf7wh20l-graalvm17-ce-22.3.0/lib/libjvmcicompiler.so
7f64baf8f000-7f64baf93000 ---p 00000000 00:00 0 
7f64baf93000-7f64bafb1000 rw-p 00000000 00:00 0 
7f64bafb1000-7f64bafb2000 ---p 00000000 00:00 0 
7f64bafb2000-7f64bb0b3000 rw-p 00000000 00:00 0 
7f64bb0b3000-7f64bb0b7000 ---p 00000000 00:00 0 
7f64bb0b7000-7f64bb1b3000 rw-p 00000000 00:00 0 
7f64bb1b3000-7f64bb1b7000 ---p 00000000 00:00 0 
7f64bb1b7000-7f64bb2b3000 rw-p 00000000 00:00 0 
7f64bb2b3000-7f64bb2b7000 ---p 00000000 00:00 0 
7f64bb2b7000-7f64bb4b3000 rw-p 00000000 00:00 0 
7f64bb4b3000-7f64bb723000 rwxp 00000000 00:00 0 
7f64bb723000-7f64bba42000 ---p 00000000 00:00 0 
7f64bba42000-7f64bc772000 rwxp 00000000 00:00 0 
7f64bc772000-7f64c2f7a000 ---p 00000000 00:00 0 
7f64c2f7a000-7f64c31ea000 rwxp 00000000 00:00 0 
7f64c31ea000-7f64ca4b3000 ---p 00000000 00:00 0 
7f64ca4b3000-7f64d4000000 r--s 00000000 08:30 707804677                  /nix/store/gpxl5qgg8kicmcvivwmybwjlpf7wh20l-graalvm17-ce-22.3.0/lib/modules
7f64d4000000-7f64d4401000 rw-p 00000000 00:00 0 
7f64d4401000-7f64d8000000 ---p 00000000 00:00 0 
7f64d800c000-7f64d8013000 r-xp 00000000 08:30 707804676                  /nix/store/gpxl5qgg8kicmcvivwmybwjlpf7wh20l-graalvm17-ce-22.3.0/lib/libzip.so
7f64d8013000-7f64d8014000 ---p 00007000 08:30 707804676                  /nix/store/gpxl5qgg8kicmcvivwmybwjlpf7wh20l-graalvm17-ce-22.3.0/lib/libzip.so
7f64d8014000-7f64d8015000 r--p 00007000 08:30 707804676                  /nix/store/gpxl5qgg8kicmcvivwmybwjlpf7wh20l-graalvm17-ce-22.3.0/lib/libzip.so
7f64d8015000-7f64d8016000 rw-p 00008000 08:30 707804676                  /nix/store/gpxl5qgg8kicmcvivwmybwjlpf7wh20l-graalvm17-ce-22.3.0/lib/libzip.so
7f64d8016000-7f64d8018000 rw-p 0000b000 08:30 707804676                  /nix/store/gpxl5qgg8kicmcvivwmybwjlpf7wh20l-graalvm17-ce-22.3.0/lib/libzip.so
7f64d8018000-7f64d801c000 ---p 00000000 00:00 0 
7f64d801c000-7f64d8118000 rw-p 00000000 00:00 0 
7f64d8118000-7f64d811c000 ---p 00000000 00:00 0 
7f64d811c000-7f64d8318000 rw-p 00000000 00:00 0 
7f64d8318000-7f64d831c000 ---p 00000000 00:00 0 
7f64d831c000-7f64d8418000 rw-p 00000000 00:00 0 
7f64d8418000-7f64d841c000 ---p 00000000 00:00 0 
7f64d841c000-7f64d8518000 rw-p 00000000 00:00 0 
7f64d8518000-7f64d851c000 ---p 00000000 00:00 0 
7f64d851c000-7f64d8618000 rw-p 00000000 00:00 0 
7f64d8618000-7f64d88fe000 r--p 00000000 fc:00 28444448                   /usr/lib/locale/locale-archive
7f64d88fe000-7f64d8902000 ---p 00000000 00:00 0 
7f64d8902000-7f64d89fe000 rw-p 00000000 00:00 0 
7f64d89fe000-7f64d8a02000 ---p 00000000 00:00 0 
7f64d8a02000-7f64d8afe000 rw-p 00000000 00:00 0 
7f64d8afe000-7f64d8aff000 ---p 00000000 00:00 0 
7f64d8aff000-7f64d8ff0000 rw-p 00000000 00:00 0 
7f64d8ff0000-7f64d92f0000 rw-p 00000000 00:00 0 
7f64d92f0000-7f64d9400000 rw-p 00000000 00:00 0 
7f64d9407000-7f64d941c000 r-xp 00000000 08:30 707804666                  /nix/store/gpxl5qgg8kicmcvivwmybwjlpf7wh20l-graalvm17-ce-22.3.0/lib/libnet.so
7f64d941c000-7f64d941d000 ---p 00015000 08:30 707804666                  /nix/store/gpxl5qgg8kicmcvivwmybwjlpf7wh20l-graalvm17-ce-22.3.0/lib/libnet.so
7f64d941d000-7f64d941e000 r--p 00015000 08:30 707804666                  /nix/store/gpxl5qgg8kicmcvivwmybwjlpf7wh20l-graalvm17-ce-22.3.0/lib/libnet.so
7f64d941e000-7f64d941f000 rw-p 00016000 08:30 707804666                  /nix/store/gpxl5qgg8kicmcvivwmybwjlpf7wh20l-graalvm17-ce-22.3.0/lib/libnet.so
7f64d941f000-7f64d9422000 rw-p 0001b000 08:30 707804666                  /nix/store/gpxl5qgg8kicmcvivwmybwjlpf7wh20l-graalvm17-ce-22.3.0/lib/libnet.so
7f64d9422000-7f64d9435000 r-xp 00000000 08:30 707804667                  /nix/store/gpxl5qgg8kicmcvivwmybwjlpf7wh20l-graalvm17-ce-22.3.0/lib/libnio.so
7f64d9435000-7f64d9436000 r--p 00012000 08:30 707804667                  /nix/store/gpxl5qgg8kicmcvivwmybwjlpf7wh20l-graalvm17-ce-22.3.0/lib/libnio.so
7f64d9436000-7f64d9437000 rw-p 00013000 08:30 707804667                  /nix/store/gpxl5qgg8kicmcvivwmybwjlpf7wh20l-graalvm17-ce-22.3.0/lib/libnio.so
7f64d9437000-7f64d943c000 rw-p 00019000 08:30 707804667                  /nix/store/gpxl5qgg8kicmcvivwmybwjlpf7wh20l-graalvm17-ce-22.3.0/lib/libnio.so
7f64d943c000-7f64d950a000 r-xp 00000000 08:30 707802132                  /nix/store/gpxl5qgg8kicmcvivwmybwjlpf7wh20l-graalvm17-ce-22.3.0/lib/libjsvml.so
7f64d950a000-7f64d950b000 r--p 000cd000 08:30 707802132                  /nix/store/gpxl5qgg8kicmcvivwmybwjlpf7wh20l-graalvm17-ce-22.3.0/lib/libjsvml.so
7f64d950b000-7f64d950c000 rw-p 000ce000 08:30 707802132                  /nix/store/gpxl5qgg8kicmcvivwmybwjlpf7wh20l-graalvm17-ce-22.3.0/lib/libjsvml.so
7f64d950c000-7f64dade4000 rw-p 00000000 00:00 0 
7f64dade4000-7f64dade5000 ---p 00000000 00:00 0 
7f64dade5000-7f64daf7b000 rw-p 00000000 00:00 0 
7f64daf7b000-7f64dafaa000 rw-p 00000000 00:00 0 
7f64dafaa000-7f64dafe6000 ---p 00000000 00:00 0 
7f64dafe6000-7f64dafec000 rw-p 00000000 00:00 0 
7f64dafec000-7f64db0d2000 ---p 00000000 00:00 0 
7f64db0d2000-7f64db0ed000 rw-p 00000000 00:00 0 
7f64db0ed000-7f64db1bd000 ---p 00000000 00:00 0 
7f64db1bd000-7f64db1c2000 rw-p 00000000 00:00 0 
7f64db1c2000-7f64db1c9000 ---p 00000000 00:00 0 
7f64db1c9000-7f64db1ed000 r-xp 00000000 08:30 707802124                  /nix/store/gpxl5qgg8kicmcvivwmybwjlpf7wh20l-graalvm17-ce-22.3.0/lib/libjava.so
7f64db1ed000-7f64db1ee000 ---p 00024000 08:30 707802124                  /nix/store/gpxl5qgg8kicmcvivwmybwjlpf7wh20l-graalvm17-ce-22.3.0/lib/libjava.so
7f64db1ee000-7f64db1ef000 r--p 00024000 08:30 707802124                  /nix/store/gpxl5qgg8kicmcvivwmybwjlpf7wh20l-graalvm17-ce-22.3.0/lib/libjava.so
7f64db1ef000-7f64db1f0000 rw-p 00025000 08:30 707802124                  /nix/store/gpxl5qgg8kicmcvivwmybwjlpf7wh20l-graalvm17-ce-22.3.0/lib/libjava.so
7f64db1f0000-7f64db1f1000 rw-p 00000000 00:00 0 
7f64db1f1000-7f64db1f8000 rw-p 0002f000 08:30 707802124                  /nix/store/gpxl5qgg8kicmcvivwmybwjlpf7wh20l-graalvm17-ce-22.3.0/lib/libjava.so
7f64db1f8000-7f64db200000 rw-s 00000000 00:e2e 374                       /tmp/hsperfdata_runner/21
7f64db200000-7f64db201000 ---p 00000000 00:00 0 
7f64db201000-7f64db202000 r--p 00000000 00:00 0 
7f64db202000-7f64db203000 rwxp 00000000 00:00 0 
7f64db203000-7f64db21e000 r-xp 00000000 08:30 707802128                  /nix/store/gpxl5qgg8kicmcvivwmybwjlpf7wh20l-graalvm17-ce-22.3.0/lib/libjimage.so
7f64db21e000-7f64db21f000 ---p 0001b000 08:30 707802128                  /nix/store/gpxl5qgg8kicmcvivwmybwjlpf7wh20l-graalvm17-ce-22.3.0/lib/libjimage.so
7f64db21f000-7f64db221000 r--p 0001b000 08:30 707802128                  /nix/store/gpxl5qgg8kicmcvivwmybwjlpf7wh20l-graalvm17-ce-22.3.0/lib/libjimage.so
7f64db221000-7f64db222000 rw-p 0001d000 08:30 707802128                  /nix/store/gpxl5qgg8kicmcvivwmybwjlpf7wh20l-graalvm17-ce-22.3.0/lib/libjimage.so
7f64db222000-7f64db223000 rw-p 00024000 08:30 707802128                  /nix/store/gpxl5qgg8kicmcvivwmybwjlpf7wh20l-graalvm17-ce-22.3.0/lib/libjimage.so
7f64db223000-7f64db227000 ---p 00000000 00:00 0 
7f64db227000-7f64db323000 rw-p 00000000 00:00 0 
7f64db323000-7f64db331000 r--p 00000000 08:30 600592023                  /nix/store/4nlgxhb09sdr51nc9hdm8az5b08vzkgx-glibc-2.35-163/lib/libm.so.6
7f64db331000-7f64db3a4000 r-xp 0000e000 08:30 600592023                  /nix/store/4nlgxhb09sdr51nc9hdm8az5b08vzkgx-glibc-2.35-163/lib/libm.so.6
7f64db3a4000-7f64db401000 r--p 00081000 08:30 600592023                  /nix/store/4nlgxhb09sdr51nc9hdm8az5b08vzkgx-glibc-2.35-163/lib/libm.so.6
7f64db401000-7f64db402000 r--p 000dd000 08:30 600592023                  /nix/store/4nlgxhb09sdr51nc9hdm8az5b08vzkgx-glibc-2.35-163/lib/libm.so.6
7f64db402000-7f64db403000 rw-p 000de000 08:30 600592023                  /nix/store/4nlgxhb09sdr51nc9hdm8az5b08vzkgx-glibc-2.35-163/lib/libm.so.6
7f64db403000-7f64db404000 r--p 00000000 08:30 600592042                  /nix/store/4nlgxhb09sdr51nc9hdm8az5b08vzkgx-glibc-2.35-163/lib/librt.so.1
7f64db404000-7f64db405000 r-xp 00001000 08:30 600592042                  /nix/store/4nlgxhb09sdr51nc9hdm8az5b08vzkgx-glibc-2.35-163/lib/librt.so.1
7f64db405000-7f64db406000 r--p 00002000 08:30 600592042                  /nix/store/4nlgxhb09sdr51nc9hdm8az5b08vzkgx-glibc-2.35-163/lib/librt.so.1
7f64db406000-7f64db407000 r--p 00002000 08:30 600592042                  /nix/store/4nlgxhb09sdr51nc9hdm8az5b08vzkgx-glibc-2.35-163/lib/librt.so.1
7f64db407000-7f64db408000 rw-p 00003000 08:30 600592042                  /nix/store/4nlgxhb09sdr51nc9hdm8az5b08vzkgx-glibc-2.35-163/lib/librt.so.1
7f64db408000-7f64dc51b000 r-xp 00000000 08:30 707972962                  /nix/store/gpxl5qgg8kicmcvivwmybwjlpf7wh20l-graalvm17-ce-22.3.0/lib/server/libjvm.so
7f64dc51b000-7f64dc51c000 ---p 01113000 08:30 707972962                  /nix/store/gpxl5qgg8kicmcvivwmybwjlpf7wh20l-graalvm17-ce-22.3.0/lib/server/libjvm.so
7f64dc51c000-7f64dc5d1000 r--p 01113000 08:30 707972962                  /nix/store/gpxl5qgg8kicmcvivwmybwjlpf7wh20l-graalvm17-ce-22.3.0/lib/server/libjvm.so
7f64dc5d1000-7f64dc605000 rw-p 011c8000 08:30 707972962                  /nix/store/gpxl5qgg8kicmcvivwmybwjlpf7wh20l-graalvm17-ce-22.3.0/lib/server/libjvm.so
7f64dc605000-7f64dc661000 rw-p 00000000 00:00 0 
7f64dc661000-7f64dc689000 r--p 00000000 08:30 600592014                  /nix/store/4nlgxhb09sdr51nc9hdm8az5b08vzkgx-glibc-2.35-163/lib/libc.so.6
7f64dc689000-7f64dc7ff000 r-xp 00028000 08:30 600592014                  /nix/store/4nlgxhb09sdr51nc9hdm8az5b08vzkgx-glibc-2.35-163/lib/libc.so.6
7f64dc7ff000-7f64dc857000 r--p 0019e000 08:30 600592014                  /nix/store/4nlgxhb09sdr51nc9hdm8az5b08vzkgx-glibc-2.35-163/lib/libc.so.6
7f64dc857000-7f64dc85b000 r--p 001f6000 08:30 600592014                  /nix/store/4nlgxhb09sdr51nc9hdm8az5b08vzkgx-glibc-2.35-163/lib/libc.so.6
7f64dc85b000-7f64dc85d000 rw-p 001fa000 08:30 600592014                  /nix/store/4nlgxhb09sdr51nc9hdm8az5b08vzkgx-glibc-2.35-163/lib/libc.so.6
7f64dc85d000-7f64dc86c000 rw-p 00000000 00:00 0 
7f64dc86c000-7f64dc86d000 r--p 00000000 08:30 600592019                  /nix/store/4nlgxhb09sdr51nc9hdm8az5b08vzkgx-glibc-2.35-163/lib/libdl.so.2
7f64dc86d000-7f64dc86e000 r-xp 00001000 08:30 600592019                  /nix/store/4nlgxhb09sdr51nc9hdm8az5b08vzkgx-glibc-2.35-163/lib/libdl.so.2
7f64dc86e000-7f64dc86f000 r--p 00002000 08:30 600592019                  /nix/store/4nlgxhb09sdr51nc9hdm8az5b08vzkgx-glibc-2.35-163/lib/libdl.so.2
7f64dc86f000-7f64dc870000 r--p 00002000 08:30 600592019                  /nix/store/4nlgxhb09sdr51nc9hdm8az5b08vzkgx-glibc-2.35-163/lib/libdl.so.2
7f64dc870000-7f64dc871000 rw-p 00003000 08:30 600592019                  /nix/store/4nlgxhb09sdr51nc9hdm8az5b08vzkgx-glibc-2.35-163/lib/libdl.so.2
7f64dc871000-7f64dc872000 r--p 00000000 08:30 600592038                  /nix/store/4nlgxhb09sdr51nc9hdm8az5b08vzkgx-glibc-2.35-163/lib/libpthread.so.0
7f64dc872000-7f64dc873000 r-xp 00001000 08:30 600592038                  /nix/store/4nlgxhb09sdr51nc9hdm8az5b08vzkgx-glibc-2.35-163/lib/libpthread.so.0
7f64dc873000-7f64dc874000 r--p 00002000 08:30 600592038                  /nix/store/4nlgxhb09sdr51nc9hdm8az5b08vzkgx-glibc-2.35-163/lib/libpthread.so.0
7f64dc874000-7f64dc875000 r--p 00002000 08:30 600592038                  /nix/store/4nlgxhb09sdr51nc9hdm8az5b08vzkgx-glibc-2.35-163/lib/libpthread.so.0
7f64dc875000-7f64dc876000 rw-p 00003000 08:30 600592038                  /nix/store/4nlgxhb09sdr51nc9hdm8az5b08vzkgx-glibc-2.35-163/lib/libpthread.so.0
7f64dc876000-7f64dc884000 r-xp 00000000 08:30 707802129                  /nix/store/gpxl5qgg8kicmcvivwmybwjlpf7wh20l-graalvm17-ce-22.3.0/lib/libjli.so
7f64dc884000-7f64dc885000 ---p 0000e000 08:30 707802129                  /nix/store/gpxl5qgg8kicmcvivwmybwjlpf7wh20l-graalvm17-ce-22.3.0/lib/libjli.so
7f64dc885000-7f64dc886000 r--p 0000e000 08:30 707802129                  /nix/store/gpxl5qgg8kicmcvivwmybwjlpf7wh20l-graalvm17-ce-22.3.0/lib/libjli.so
7f64dc886000-7f64dc887000 rw-p 0000f000 08:30 707802129                  /nix/store/gpxl5qgg8kicmcvivwmybwjlpf7wh20l-graalvm17-ce-22.3.0/lib/libjli.so
7f64dc887000-7f64dc888000 rw-p 00012000 08:30 707802129                  /nix/store/gpxl5qgg8kicmcvivwmybwjlpf7wh20l-graalvm17-ce-22.3.0/lib/libjli.so
7f64dc888000-7f64dc88b000 r--p 00000000 08:30 678822167                  /nix/store/026hln0aq1hyshaxsdvhg0kmcm6yf45r-zlib-1.2.13/lib/libz.so.1.2.13
7f64dc88b000-7f64dc89d000 r-xp 00003000 08:30 678822167                  /nix/store/026hln0aq1hyshaxsdvhg0kmcm6yf45r-zlib-1.2.13/lib/libz.so.1.2.13
7f64dc89d000-7f64dc8a4000 r--p 00015000 08:30 678822167                  /nix/store/026hln0aq1hyshaxsdvhg0kmcm6yf45r-zlib-1.2.13/lib/libz.so.1.2.13
7f64dc8a4000-7f64dc8a5000 r--p 0001b000 08:30 678822167                  /nix/store/026hln0aq1hyshaxsdvhg0kmcm6yf45r-zlib-1.2.13/lib/libz.so.1.2.13
7f64dc8a5000-7f64dc8a6000 rw-p 0001c000 08:30 678822167                  /nix/store/026hln0aq1hyshaxsdvhg0kmcm6yf45r-zlib-1.2.13/lib/libz.so.1.2.13
7f64dc8a6000-7f64dc8a8000 rw-p 00000000 00:00 0 
7f64dc8a8000-7f64dc8aa000 r--p 00000000 08:30 600592008                  /nix/store/4nlgxhb09sdr51nc9hdm8az5b08vzkgx-glibc-2.35-163/lib/ld-linux-x86-64.so.2
7f64dc8aa000-7f64dc8d1000 r-xp 00002000 08:30 600592008                  /nix/store/4nlgxhb09sdr51nc9hdm8az5b08vzkgx-glibc-2.35-163/lib/ld-linux-x86-64.so.2
7f64dc8d1000-7f64dc8dd000 r--p 00029000 08:30 600592008                  /nix/store/4nlgxhb09sdr51nc9hdm8az5b08vzkgx-glibc-2.35-163/lib/ld-linux-x86-64.so.2
7f64dc8dd000-7f64dc8df000 r--p 00034000 08:30 600592008                  /nix/store/4nlgxhb09sdr51nc9hdm8az5b08vzkgx-glibc-2.35-163/lib/ld-linux-x86-64.so.2
7f64dc8df000-7f64dc8e1000 rw-p 00036000 08:30 600592008                  /nix/store/4nlgxhb09sdr51nc9hdm8az5b08vzkgx-glibc-2.35-163/lib/ld-linux-x86-64.so.2
7fff086fa000-7fff0871f000 rw-p 00000000 00:00 0                          [stack]
7fff087a2000-7fff087a6000 r--p 00000000 00:00 0                          [vvar]
7fff087a6000-7fff087a8000 r-xp 00000000 00:00 0                          [vdso]
ffffffffff600000-ffffffffff601000 --xp 00000000 00:00 0                  [vsyscall]


VM Arguments:
jvm_args: -XX:ThreadPriorityPolicy=1 -XX:+UnlockExperimentalVMOptions -XX:+EnableJVMCIProduct -XX:JVMCIThreadsPerNativeLibraryRuntime=1 -XX:-UnlockExperimentalVMOptions -Declipse.application=org.eclipse.jdt.ls.core.id1 -Dosgi.bundles.defaultStartLevel=4 -Declipse.product=org.eclipse.jdt.ls.core.product -Dlog.level=ALL -Xverify:none -XX:+UseParallelGC -XX:GCTimeRatio=4 -XX:AdaptiveSizePolicyWeight=90 -Dsun.zip.disableMemoryMapping=true -Xmx512m -Xms100m 
java_command: /nix/store/q9712qvwdh22a4krw4jz2sjrz07mvjbl-jdt-language-server-1.9.0/share/java/plugins/org.eclipse.equinox.launcher_1.6.400.v20210924-0641.jar --add-modules=ALL-SYSTEM --add-opens java.base/java.util=ALL-UNNAMED --add-opens java.base/java.lang=ALL-UNNAMED -configuration /home/runner/Listadeanimes/.cache/jdt-language-server/config -data /home/runner/.cache/jdt-language-server/data/home/runner/Listadeanimes
java_class_path (initial): /nix/store/q9712qvwdh22a4krw4jz2sjrz07mvjbl-jdt-language-server-1.9.0/share/java/plugins/org.eclipse.equinox.launcher_1.6.400.v20210924-0641.jar
Launcher Type: SUN_STANDARD

[Global flags]
    uintx AdaptiveSizePolicyWeight                 = 90                                        {product} {command line}
     intx CICompilerCount                          = 2                                         {product} {ergonomic}
     bool EnableJVMCIProduct                       = true                                {JVMCI product} {jimage}
    uintx GCTimeRatio                              = 4                                         {product} {command line}
   size_t InitialHeapSize                          = 104857600                                 {product} {command line}
     uint JVMCIThreadsPerNativeLibraryRuntime      = 1                                   {JVMCI product} {jimage}
   size_t MaxHeapSize                              = 536870912                                 {product} {command line}
   size_t MaxNewSize                               = 178782208                                 {product} {ergonomic}
   size_t MinHeapDeltaBytes                        = 524288                                    {product} {ergonomic}
   size_t MinHeapSize                              = 104857600                                 {product} {command line}
   size_t NewSize                                  = 34603008                                  {product} {ergonomic}
    uintx NonNMethodCodeHeapSize                   = 5826188                                {pd product} {ergonomic}
    uintx NonProfiledCodeHeapSize                  = 122916026                              {pd product} {ergonomic}
   size_t OldSize                                  = 70254592                                  {product} {ergonomic}
    uintx ProfiledCodeHeapSize                     = 122916026                              {pd product} {ergonomic}
    uintx ReservedCodeCacheSize                    = 251658240                              {pd product} {ergonomic}
     bool SegmentedCodeCache                       = true                                      {product} {ergonomic}
   size_t SoftMaxHeapSize                          = 536870912                              {manageable} {ergonomic}
     intx ThreadPriorityPolicy                     = 1                                         {product} {jimage}
     bool UseCompressedClassPointers               = true                           {product lp64_product} {ergonomic}
     bool UseCompressedOops                        = true                           {product lp64_product} {ergonomic}
     bool UseParallelGC                            = true                                      {product} {command line}

Logging:
Log output configuration:
 #0: stdout all=warning uptime,level,tags
 #1: stderr all=off uptime,level,tags

Environment Variables:
JAVA_HOME=/nix/store/gpxl5qgg8kicmcvivwmybwjlpf7wh20l-graalvm17-ce-22.3.0
PATH=/nix/store/1d6ian3r8kdzspw8hacjhl3xkp40g1lj-binutils-wrapper-2.39/bin:/nix/store/dq0xwmsk1g0i2ayg6pb7y87na2knzylh-gcc-wrapper-11.3.0/bin:/nix/store/bap4d0lpcrhpwmpb8ayjcgkmvfj62lnq-bash-interactive-5.1-p16/bin:/nix/store/pr5n59mb4jzmfx6kanwxly0l07p861fg-patchelf-0.15.0/bin:/nix/store/1gf2flfqnpqbr1b4p4qz2f72y42bs56r-gcc-11.3.0/bin:/nix/store/57xv61c5zi8pphjbcwxxjlgc34p61ic9-glibc-2.35-163-bin/bin:/nix/store/a7gvj343m05j2s32xcnwr35v31ynlypr-coreutils-9.1/bin:/nix/store/039g378vc3pc3dvi9dzdlrd0i4q93qwf-binutils-2.39/bin:/nix/store/gpxl5qgg8kicmcvivwmybwjlpf7wh20l-graalvm17-ce-22.3.0/bin:/nix/store/6z9ag3ihc8mq2hzsw48lhbznvzny65nz-apache-maven-3.8.6/bin:/nix/store/q9712qvwdh22a4krw4jz2sjrz07mvjbl-jdt-language-server-1.9.0/bin:/nix/store/9zdrgm97n766nc0kj11x4xvvp00qlfk9-java-debug/bin:/nix/store/18y8p4mjwjy26npih04hfv48wz9czgk3-attr-2.5.1-bin/bin:/nix/store/q8s1kzhsblr2a1p2g0lh2dkcgca1im3z-libcap-2.66/bin:/nix/store/bvihhgw8bh6cqqlj0d4s8cvmm4mqmzfc-pulseaudio-16.1/bin:/nix/store/mydc6f4k2z73xlcz7ilif3v2lcaiqvza-findutils-4.9.0/bin:/nix/store/j9p3g8472iijd50vhdprx0nmk2fqn5gv-diffutils-3.8/bin:/nix/store/89zs7rms6x00xfq4dq6m7mjnhkr8a6r4-gnused-4.8/bin:/nix/store/86bp03jkmsl6f92w0yzg4s59g5mhxwmy-gnugrep-3.7/bin:/nix/store/hwcdqw4jrjnd37wxqgsd47hd0j8bnj09-gawk-5.1.1/bin:/nix/store/cfbhw8r8ags41vwqaz47r583d0p4h4a1-gnutar-1.34/bin:/nix/store/p3m1ndl1lapwrlh698bnb5lvvxh67378-gzip-1.12/bin:/nix/store/a8mhcagrsly7c7mpjrpsnaahk4aax056-bzip2-1.0.8-bin/bin:/nix/store/mblgz65m3zv9x548a3d5m96fj2pbwr09-gnumake-4.3/bin:/nix/store/dsd5gz46hdbdk2rfdimqddhq6m8m8fqs-bash-5.1-p16/bin:/nix/store/v7ljksji50mg3w61dykaa3n3y79n6nil-patch-2.7.6/bin:/nix/store/zlcnmqq14jz5x9439jf937mvayyl63da-xz-5.2.7-bin/bin:/nix/store/y6aj732zm9m87c82fpvf103a1xb22blp-file-5.43/bin:/nix/store/yq0vlv3d2f5si3ibawpq5ay2pc6knixp-nix-2.18.0pre20230808_c0e6466/bin:/nix/store/n8qj14kgnj938ngykwhiwvnq79m6fr9d-prybar-elisp-0.0.0-2e68688/bin:/nix/store/2v4whij98zq4nvn69icixz6495187j0v-prybar-lua-0.0.0-2e68688/bin:/nix/st
LD_LIBRARY_PATH=/nix/store/a4pff549sk2idnkpzk5nsfps3mdkdnvm-cups-2.4.2-lib/lib:/nix/store/72mqxxhh3cy5yifh92wh2yb8cl2hikyy-cairo-1.16.0/lib:/nix/store/2k366jrbsra97gjfxwvrhvixjfxdach5-glib-2.74.1/lib:/nix/store/2j2znigd8ak37rlwh9khz0ry3clqlw1l-gtk+3-3.24.34/lib
DISPLAY=:0
LANG=en_US.UTF-8

Signal Handlers:
   SIGSEGV: crash_handler in libjvm.so, mask=11100100010111111101111111111110, flags=SA_RESTART|SA_SIGINFO
    SIGBUS: crash_handler in libjvm.so, mask=11100100010111111101111111111110, flags=SA_RESTART|SA_SIGINFO
    SIGFPE: crash_handler in libjvm.so, mask=11100100010111111101111111111110, flags=SA_RESTART|SA_SIGINFO
   SIGPIPE: IsolateEnterStub_IgnoreSIGPIPEStartupHook_noopSignalHandler_8f19bff2f35b5f630d83b364d6b2339320d4ec70_216e8361c6bc87a8f89f58cc10d3b2fd4415bf87 in libjvmcicompiler.so, mask=00000000000000000000000000000000, flags=SA_RESTART
  *** Handler was modified!
  *** Expected: javaSignalHandler in libjvm.so, mask=11100100110111111111111111111110, flags=SA_RESTART|SA_SIGINFO
   SIGXFSZ: javaSignalHandler in libjvm.so, mask=11100100010111111101111111111110, flags=SA_RESTART|SA_SIGINFO
    SIGILL: crash_handler in libjvm.so, mask=11100100010111111101111111111110, flags=SA_RESTART|SA_SIGINFO
   SIGUSR2: SR_handler in libjvm.so, mask=00000000000000000000000000000000, flags=SA_RESTART|SA_SIGINFO
    SIGHUP: UserHandler in libjvm.so, mask=11100100010111111101111111111110, flags=SA_RESTART|SA_SIGINFO
    SIGINT: UserHandler in libjvm.so, mask=11100100010111111101111111111110, flags=SA_RESTART|SA_SIGINFO
   SIGTERM: UserHandler in libjvm.so, mask=11100100010111111101111111111110, flags=SA_RESTART|SA_SIGINFO
   SIGQUIT: UserHandler in libjvm.so, mask=11100100010111111101111111111110, flags=SA_RESTART|SA_SIGINFO
  *** Handler was modified!
  *** Expected: javaSignalHandler in libjvm.so, mask=11100100110111111111111111111110, flags=SA_RESTART|SA_SIGINFO
   SIGTRAP: crash_handler in libjvm.so, mask=11100100010111111101111111111110, flags=SA_RESTART|SA_SIGINFO


---------------  S Y S T E M  ---------------

OS:
DISTRIB_ID=Ubuntu
DISTRIB_RELEASE=20.04
DISTRIB_CODENAME=focal
DISTRIB_DESCRIPTION="Ubuntu 20.04.2 LTS"
uname: Linux 6.5.0-1016-gcp #16~22.04.1-Ubuntu SMP Sat Mar  9 00:58:37 UTC 2024 x86_64
OS uptime: 0 days 1:28 hours
libc: glibc 2.35 NPTL 2.35 
rlimit (soft/hard): STACK 8192k/infinity , CORE infinity/infinity , NPROC infinity/infinity , NOFILE 5242/5242 , AS infinity/infinity , CPU infinity/infinity , DATA infinity/infinity , FSIZE infinity/infinity , MEMLOCK 8192k/8192k
load average: 8.71 9.73 10.82

/proc/meminfo:
MemTotal:       65835408 kB
MemFree:        39535352 kB
MemAvailable:   49889080 kB
Buffers:         1244628 kB
Cached:          9130520 kB
SwapCached:            0 kB
Active:         16611940 kB
Inactive:        7806044 kB
Active(anon):   13585844 kB
Inactive(anon):   513096 kB
Active(file):    3026096 kB
Inactive(file):  7292948 kB
Unevictable:       29052 kB
Mlocked:           29052 kB
SwapTotal:             0 kB
SwapFree:              0 kB
Zswap:                 0 kB
Zswapped:              0 kB
Dirty:              3292 kB
Writeback:           196 kB
AnonPages:      13939312 kB
Mapped:          1851620 kB
Shmem:            145484 kB
KReclaimable:     761136 kB
Slab:            1178976 kB
SReclaimable:     761136 kB
SUnreclaim:       417840 kB
KernelStack:      131088 kB
PageTables:       228300 kB
SecPageTables:         0 kB
NFS_Unstable:          0 kB
Bounce:                0 kB
WritebackTmp:          0 kB
CommitLimit:    32917704 kB
Committed_AS:   45309628 kB
VmallocTotal:   34359738367 kB
VmallocUsed:      152952 kB
VmallocChunk:          0 kB
Percpu:            27968 kB
HardwareCorrupted:     0 kB
AnonHugePages:    315392 kB
ShmemHugePages:        0 kB
ShmemPmdMapped:        0 kB
FileHugePages:         0 kB
FilePmdMapped:         0 kB
Unaccepted:            0 kB
HugePages_Total:       0
HugePages_Free:        0
HugePages_Rsvd:        0
HugePages_Surp:        0
Hugepagesize:       2048 kB
Hugetlb:               0 kB
DirectMap4k:      129848 kB
DirectMap2M:     6158336 kB
DirectMap1G:    62914560 kB

/sys/kernel/mm/transparent_hugepage/enabled: always [madvise] never
/sys/kernel/mm/transparent_hugepage/defrag (defrag/compaction efforts parameter): always defer defer+madvise [madvise] never

Process Memory:
Virtual Size: 4381292K (peak: 4466476K)
Resident Set Size: 726052K (peak: 760448K) (anon: 529128K, file: 196924K, shmem: 0K)
Swapped out: 0K
C-Heap outstanding allocations: 38019K, retained: 11372K
glibc malloc tunables: (default)

/proc/sys/kernel/threads-max (system-wide limit on the number of threads): 514277
/proc/sys/vm/max_map_count (maximum number of memory map areas a process may have): 65530
/proc/sys/kernel/pid_max (system-wide limit on number of process identifiers): 4194304

container (cgroup) information:
container_type: cgroupv2
cpu_cpuset_cpus: not supported
cpu_memory_nodes: not supported
active_processor_count: 1
cpu_quota: 50000
cpu_period: 100000
cpu_shares: no shares
memory_limit_in_bytes: 1048576 k
memory_and_swap_limit_in_bytes: unlimited
memory_soft_limit_in_bytes: 524288 k
memory_usage_in_bytes: 580856 k
memory_max_usage_in_bytes: not supported
maximum number of tasks: not supported
current number of tasks: not supported

KVM virtualization detected
Steal ticks since vm start: 566
Steal ticks percentage since vm start:  0.001

CPU: total 8 (initial active 1) (4 cores per cpu, 2 threads per core) family 6 model 79 stepping 0 microcode 0xffffffff, cx8, cmov, fxsr, ht, mmx, 3dnowpref, sse, sse2, sse3, ssse3, sse4.1, sse4.2, popcnt, lzcnt, tsc, tscinvbit, avx, avx2, aes, erms, clmul, bmi1, bmi2, rtm, adx, fma, vzeroupper, clflush, hv
CPU Model and flags from /proc/cpuinfo:
model name	: Intel(R) Xeon(R) CPU @ 2.20GHz
flags		: fpu vme de pse tsc msr pae mce cx8 apic sep mtrr pge mca cmov pat pse36 clflush mmx fxsr sse sse2 ss ht syscall nx pdpe1gb rdtscp lm constant_tsc rep_good nopl xtopology nonstop_tsc cpuid tsc_known_freq pni pclmulqdq ssse3 fma cx16 pcid sse4_1 sse4_2 x2apic movbe popcnt aes xsave avx f16c rdrand hypervisor lahf_lm abm 3dnowprefetch invpcid_single pti ssbd ibrs ibpb stibp fsgsbase tsc_adjust bmi1 hle avx2 smep bmi2 erms invpcid rtm rdseed adx smap xsaveopt arat md_clear arch_capabilities

Online cpus: 0-7
Offline cpus: 
BIOS frequency limitation: <Not Available>
Frequency switch latency (ns): <Not Available>
Available cpu frequencies: <Not Available>
Current governor: <Not Available>
Core performance/turbo boost: <Not Available>

Memory: 4k page, physical 1048576k(467708k free), swap 0k(0k free)
Page Sizes: 4k

vm_info: OpenJDK 64-Bit Server VM (17.0.5+8-jvmci-22.3-b08) for linux-amd64 JRE (17.0.5+8-jvmci-22.3-b08), built on Oct 19 2022 09:01:27 by "buildslave" with gcc 10.3.0

END.
