#
# A fatal error has been detected by the Java Runtime Environment:
#
#  Internal Error (jvmciRuntime.cpp:1609), pid=38, tid=89
#  fatal error: Fatal exception in JVMCI: Error calling jdk.vm.ci.services.Services.serializeSavedProperties
#
# JRE version: OpenJDK Runtime Environment GraalVM CE 22.3.0 (17.0.5+8) (build 17.0.5+8-jvmci-22.3-b08)
# Java VM: OpenJDK 64-Bit Server VM GraalVM CE 22.3.0 (17.0.5+8-jvmci-22.3-b08, mixed mode, sharing, tiered, jvmci, jvmci compiler, compressed oops, compressed class ptrs, parallel gc, linux-amd64)
# Problematic frame:
# V  [libjvm.so+0x972714]  JVMCIRuntime::fatal_exception(JVMCIEnv*, char const*)+0x74
#
# Core dump will be written. Default location: Core dumps may be processed with "/usr/share/apport/apport -p%p -s%s -c%c -d%d -P%P -u%u -g%g -- %E" (or dumping to /home/runner/Listadeanimes/core.38)
#
# If you would like to submit a bug report, please visit:
#   https://github.com/oracle/graal/issues
#

---------------  S U M M A R Y ------------

Command Line: -XX:ThreadPriorityPolicy=1 -XX:+UnlockExperimentalVMOptions -XX:+EnableJVMCIProduct -XX:JVMCIThreadsPerNativeLibraryRuntime=1 -XX:-UnlockExperimentalVMOptions -Declipse.application=org.eclipse.jdt.ls.core.id1 -Dosgi.bundles.defaultStartLevel=4 -Declipse.product=org.eclipse.jdt.ls.core.product -Dlog.level=ALL -Xverify:none -XX:+UseParallelGC -XX:GCTimeRatio=4 -XX:AdaptiveSizePolicyWeight=90 -Dsun.zip.disableMemoryMapping=true -Xmx512m -Xms100m /nix/store/q9712qvwdh22a4krw4jz2sjrz07mvjbl-jdt-language-server-1.9.0/share/java/plugins/org.eclipse.equinox.launcher_1.6.400.v20210924-0641.jar --add-modules=ALL-SYSTEM --add-opens java.base/java.util=ALL-UNNAMED --add-opens java.base/java.lang=ALL-UNNAMED -configuration /home/runner/Listadeanimes/.cache/jdt-language-server/config -data /home/runner/.cache/jdt-language-server/data/home/runner/Listadeanimes

Host: Intel(R) Xeon(R) CPU @ 2.20GHz, 8 cores, 1G, Ubuntu 20.04.2 LTS
Time: Sat Apr  6 18:24:16 2024 UTC elapsed time: 1645.462324 seconds (0d 0h 27m 25s)

---------------  T H R E A D  ---------------

Current thread (0x00007a7b540b19c0):  JavaThread "JVMCI-native CompilerThread0" daemon [_thread_in_vm, id=89, stack(0x00007a7b3accd000,0x00007a7b3aecd000)]


Current CompileTask:
JVMCI-native:1645462 9353  s    4       org.eclipse.jdt.internal.core.JavaModelManager::getInfo (36 bytes)

Stack: [0x00007a7b3accd000,0x00007a7b3aecd000],  sp=0x00007a7b3aecb380,  free space=2040k
Native frames: (J=compiled Java code, j=interpreted, Vv=VM code, C=native code)
V  [libjvm.so+0x972714]  JVMCIRuntime::fatal_exception(JVMCIEnv*, char const*)+0x74
V  [libjvm.so+0x93e2fe]  JVMCIEnv::copy_saved_properties()+0x14e
V  [libjvm.so+0x9732a9]  JVMCIRuntime::initialize(JVMCIEnv*)+0xb19
V  [libjvm.so+0x9738a2]  JVMCIRuntime::get_HotSpotJVMCIRuntime(JVMCIEnv*)+0x12
V  [libjvm.so+0x9749f2]  JVMCIRuntime::compile_method(JVMCIEnv*, JVMCICompiler*, methodHandle const&, int)+0xd2
V  [libjvm.so+0x5b0d20]  CompileBroker::invoke_compiler_on_method(CompileTask*)+0x1470
V  [libjvm.so+0x5b12e8]  CompileBroker::compiler_thread_loop()+0x528
V  [libjvm.so+0xd82460]  JavaThread::thread_main_inner()+0xd0
V  [libjvm.so+0xd85a40]  Thread::call_run()+0xc0
V  [libjvm.so+0xbdb1e1]  thread_native_entry(Thread*)+0xe1

Register to memory mapping:

RAX=0x00007a7b5a9a9000 points into unknown readable memory: 0x0000000000000058 | 58 00 00 00 00 00 00 00
RBX=0x00007a7b5baa4398: <offset 0x0000000000ef5398> in /nix/store/gpxl5qgg8kicmcvivwmybwjlpf7wh20l-graalvm17-ce-22.3.0/lib/server/libjvm.so at 0x00007a7b5abaf000
RCX=0x00007a7b5ba5c1e8: <offset 0x0000000000ead1e8> in /nix/store/gpxl5qgg8kicmcvivwmybwjlpf7wh20l-graalvm17-ce-22.3.0/lib/server/libjvm.so at 0x00007a7b5abaf000
RDX=0x0000000000000649 is an unknown value
RSP=0x00007a7b3aecb380 is pointing into the stack for thread: 0x00007a7b540b19c0
RBP=0x00007a7b3aecb3a0 is pointing into the stack for thread: 0x00007a7b540b19c0
RSI=0x00007a7b5baa4c48: <offset 0x0000000000ef5c48> in /nix/store/gpxl5qgg8kicmcvivwmybwjlpf7wh20l-graalvm17-ce-22.3.0/lib/server/libjvm.so at 0x00007a7b5abaf000
RDI=0x00000000e0000000 is an oop: java.util.LinkedHashMap$Entry 
{0x00000000e0000000} - klass: 'java/util/LinkedHashMap$Entry'
 - ---- fields (total size 5 words):
 - final 'hash' 'I' @12  -2034522908 (86bba4e4)
 - final 'key' 'Ljava/lang/Object;' @16  a 'java/util/jar/Attributes$Name'{0x00000000e05e4e28} (e05e4e28)
 - 'value' 'Ljava/lang/Object;' @20  "Ws/sduWQD19OR9KnBTC7cKyaYXMLAT1feWVytpqFz7M="{0x00000000e0000028} (e0000028)
 - 'next' 'Ljava/util/HashMap$Node;' @24  NULL (0)
 - 'before' 'Ljava/util/LinkedHashMap$Entry;' @28  NULL (0)
 - 'after' 'Ljava/util/LinkedHashMap$Entry;' @32  NULL (0)
R8 =0x00007a7b5baa4398: <offset 0x0000000000ef5398> in /nix/store/gpxl5qgg8kicmcvivwmybwjlpf7wh20l-graalvm17-ce-22.3.0/lib/server/libjvm.so at 0x00007a7b5abaf000
R9 =0x0000000000000003 is an unknown value
R10=0x00007a7b5bdf5da0: <offset 0x0000000001246da0> in /nix/store/gpxl5qgg8kicmcvivwmybwjlpf7wh20l-graalvm17-ce-22.3.0/lib/server/libjvm.so at 0x00007a7b5abaf000
R11=0x000000080044f048 is pointing into metadata
R12=0x0 is NULL
R13=0x00007a7b540b19c0 is a thread
R14=0x00007a7b54000b80 points into unknown readable memory: 0x00007a7b5bcd5a38 | 38 5a cd 5b 7b 7a 00 00
R15=0x00007a7b5bde3e40: <offset 0x0000000001234e40> in /nix/store/gpxl5qgg8kicmcvivwmybwjlpf7wh20l-graalvm17-ce-22.3.0/lib/server/libjvm.so at 0x00007a7b5abaf000


Registers:
RAX=0x00007a7b5a9a9000, RBX=0x00007a7b5baa4398, RCX=0x00007a7b5ba5c1e8, RDX=0x0000000000000649
RSP=0x00007a7b3aecb380, RBP=0x00007a7b3aecb3a0, RSI=0x00007a7b5baa4c48, RDI=0x00000000e0000000
R8 =0x00007a7b5baa4398, R9 =0x0000000000000003, R10=0x00007a7b5bdf5da0, R11=0x000000080044f048
R12=0x0000000000000000, R13=0x00007a7b540b19c0, R14=0x00007a7b54000b80, R15=0x00007a7b5bde3e40
RIP=0x00007a7b5b521714, EFLAGS=0x0000000000010206, CSGSFS=0x002b000000000033, ERR=0x0000000000000006
  TRAPNO=0x000000000000000e

Top of Stack: (sp=0x00007a7b3aecb380)
0x00007a7b3aecb380:   00007a7b3aecb940 00007a7b540b19c0
0x00007a7b3aecb390:   00007a7b5933a8c8 0000000800c417a0
0x00007a7b3aecb3a0:   00007a7b3aecb500 00007a7b5b4ed2fe
0x00007a7b3aecb3b0:   00007a7b3aecb3e0 00007a7b3aecb440 

Instructions: (pc=0x00007a7b5b521714)
0x00007a7b5b521614:   30 e8 f6 cf e8 ff 4c 89 e7 e8 2e 48 d1 ff 84 db
0x00007a7b5b521624:   75 2a 4d 85 ed 74 04 4d 8b 6d 00 48 83 c4 08 44
0x00007a7b5b521634:   89 f9 4c 89 f2 4c 89 ee 5b 4c 89 e7 41 5c 41 5d
0x00007a7b5b521644:   41 5e 41 5f 5d e9 e2 47 d1 ff 66 90 48 83 c4 08
0x00007a7b5b521654:   5b 41 5c 41 5d 41 5e 41 5f 5d c3 90 31 d2 be 08
0x00007a7b5b521664:   00 00 00 4c 89 ff e8 b1 78 a3 ff 49 89 c5 e9 37
0x00007a7b5b521674:   ff ff ff 66 0f 1f 84 00 00 00 00 00 48 8b 7a 08
0x00007a7b5b521684:   e9 6d ff ff ff 0f 1f 80 00 00 00 00 e8 5b 48 0a
0x00007a7b5b521694:   00 84 c0 75 89 e9 6a ff ff ff 66 90 55 48 89 e5
0x00007a7b5b5216a4:   41 56 41 55 41 54 49 89 fc 53 48 89 f3 66 48 8d
0x00007a7b5b5216b4:   3d 27 5e 85 00 66 66 48 e8 df 43 8d ff 4c 8b 28
0x00007a7b5b5216c4:   8b 05 be 72 8a 00 85 c0 75 14 ba 01 00 00 00 48
0x00007a7b5b5216d4:   8d 0d ae 72 8a 00 f0 0f b1 11 85 c0 74 4e be c8
0x00007a7b5b5216e4:   00 00 00 4c 89 ef e8 01 0b 41 00 48 8d 05 12 ac
0x00007a7b5b5216f4:   85 00 49 89 d8 48 8d 0d e8 aa 53 00 ba 49 06 00
0x00007a7b5b521704:   00 48 8d 35 3c 35 58 00 bf 00 00 00 e0 48 8b 00
0x00007a7b5b521714:   c6 00 58 31 c0 e8 e2 91 c6 ff 5b 41 5c 41 5d 41
0x00007a7b5b521724:   5e 5d e9 55 34 26 00 0f 1f 44 00 00 48 8d 05 81
0x00007a7b5b521734:   a3 8b 00 48 89 df 4c 8b 30 e8 9e 43 8d ff 48 89
0x00007a7b5b521744:   de 48 89 c2 49 8b 06 4c 89 f7 ff 50 08 4c 89 f7
0x00007a7b5b521754:   e8 a7 5c 27 00 4d 85 e4 74 12 be 01 00 00 00 4c
0x00007a7b5b521764:   89 e7 e8 35 43 fc ff eb 82 0f 1f 00 be 01 00 00
0x00007a7b5b521774:   00 4c 89 ef e8 d3 fd ff ff e9 6d ff ff ff 66 66
0x00007a7b5b521784:   2e 0f 1f 84 00 00 00 00 00 0f 1f 00 55 48 89 e5
0x00007a7b5b521794:   41 57 41 56 41 55 41 54 53 48 81 ec 08 02 00 00
0x00007a7b5b5217a4:   64 48 8b 04 25 28 00 00 00 48 89 45 c8 8b 07 83
0x00007a7b5b5217b4:   f8 02 0f 84 11 04 00 00 4c 8b 6f 18 49 89 ff 49
0x00007a7b5b5217c4:   89 f4 4d 85 ed 74 14 4c 89 ef e8 5d 57 22 00 41
0x00007a7b5b5217d4:   8b 07 83 f8 02 0f 84 19 04 00 00 48 8d 1d 9a 06
0x00007a7b5b5217e4:   8a 00 4c 8d 35 0b 3c 58 00 eb 38 90 48 85 d2 7f
0x00007a7b5b5217f4:   0d 48 8d 05 b4 c0 85 00 48 83 38 00 7e 0e 41 8b
0x00007a7b5b521804:   77 2c 4c 89 f7 31 c0 e8 a0 b2 f7 ff 49 8b 7f 18 


Stack slot to memory mapping:
stack at sp + 0 slots: 0x00007a7b3aecb940 is pointing into the stack for thread: 0x00007a7b540b19c0
stack at sp + 1 slots: 0x00007a7b540b19c0 is a thread
stack at sp + 2 slots: 0x00007a7b5933a8c8 points into unknown readable memory: 0x65730018052dffff | ff ff 2d 05 18 00 73 65
stack at sp + 3 slots: 0x0000000800c417a0 is a pointer to class: 
jdk.vm.ci.services.Services {0x0000000800c417a0}
 - instance size:     2
 - klass size:        65
 - access:            public final synchronized 
 - state:             fully_initialized
 - name:              'jdk/vm/ci/services/Services'
 - super:             'java/lang/Object'
 - sub:               
 - arrays:            NULL
 - methods:           Array<T>(0x00007a7b58441cc8)
 - method ordering:   Array<T>(0x0000000800928960)
 - default_methods:   Array<T>(0x0000000000000000)
 - local interfaces:  Array<T>(0x00000008005ce810)
 - trans. interfaces: Array<T>(0x00000008005ce810)
 - constants:         constant pool [427] {0x00007a7b58440da8} for 'jdk/vm/ci/services/Services' cache=0x00007a7b58442f98
 - class loader data:  loader data: 0x00007a7b54027b90 of 'bootstrap'
 - source file:       'Services.java'
 - class annotations:       Array<T>(0x0000000000000000)
 - class type annotations:  Array<T>(0x0000000000000000)
 - field annotations:       Array<T>(0x0000000000000000)
 - field type annotations:  Array<T>(0x0000000000000000)
 - inner classes:     Array<T>(0x00007a7b58442f68)
 - nest members:     Array<T>(0x00007a7b58442f88)
 - permitted subclasses:     Array<T>(0x00000008005ce7a0)
 - java mirror:       a 'java/lang/Class'{0x00000000e02adb80} = 'jdk/vm/ci/services/Services'
 - vtable length      5  (start addr: 0x0000000800c41970)
 - itable length      2 (start addr: 0x0000000800c41998)
 - ---- static fields (3 words):
 - public static final 'IS_BUILDING_NATIVE_IMAGE' 'Z' @128 
 - public static final 'IS_IN_NATIVE_IMAGE' 'Z' @129 
 - private static volatile 'savedProperties' 'Ljava/util/Map;' @112 
 - static final 'JVMCI_ENABLED' 'Z' @130 
 - private static final 'servicesCache' 'Ljava/util/Map;' @116 
 - private static final 'MAX_UNICODE_IN_UTF8_LENGTH' 'I' @120 
 - private static final 'MAX_UTF8_PROPERTY_STRING_LENGTH' 'I' @124 
 - ---- non-static fields (0 words):
 - non-static oop maps: 
stack at sp + 4 slots: 0x00007a7b3aecb500 is pointing into the stack for thread: 0x00007a7b540b19c0
stack at sp + 5 slots: 0x00007a7b5b4ed2fe: <offset 0x000000000093e2fe> in /nix/store/gpxl5qgg8kicmcvivwmybwjlpf7wh20l-graalvm17-ce-22.3.0/lib/server/libjvm.so at 0x00007a7b5abaf000
stack at sp + 6 slots: 0x00007a7b3aecb3e0 is pointing into the stack for thread: 0x00007a7b540b19c0
stack at sp + 7 slots: 0x00007a7b3aecb440 is pointing into the stack for thread: 0x00007a7b540b19c0


---------------  P R O C E S S  ---------------

Threads class SMR info:
_java_thread_list=0x00007a7ad4136280, length=29, elements={
0x00007a7b54025e30, 0x00007a7b540a5c80, 0x00007a7b540a70c0, 0x00007a7b540ad830,
0x00007a7b540aebe0, 0x00007a7b540affd0, 0x00007a7b540b19c0, 0x00007a7b540b2ed0,
0x00007a7b540b3f30, 0x00007a7b540d7260, 0x00007a7b5411f070, 0x00007a7b542c44c0,
0x00007a7b5431cba0, 0x00007a7b5431fce0, 0x00007a7af002f580, 0x00007a7af0404280,
0x00007a7af0603d10, 0x00007a7af07547a0, 0x00007a7b54363cd0, 0x00007a7b543f8c30,
0x00007a7ae8001540, 0x00007a7abc000ff0, 0x00007a7ac81637d0, 0x00007a7ac8048c00,
0x00007a7ac805b9f0, 0x00007a7ac805b130, 0x00007a7ac805cff0, 0x00007a7ac8048570,
0x00007a7abc0300a0
}

Java Threads: ( => current thread )
  0x00007a7b54025e30 JavaThread "main" [_thread_blocked, id=79, stack(0x00007a7b5a9ca000,0x00007a7b5aaca000)]
  0x00007a7b540a5c80 JavaThread "Reference Handler" daemon [_thread_blocked, id=83, stack(0x00007a7b5812e000,0x00007a7b5822e000)]
  0x00007a7b540a70c0 JavaThread "Finalizer" daemon [_thread_blocked, id=84, stack(0x00007a7b5802e000,0x00007a7b5812e000)]
  0x00007a7b540ad830 JavaThread "Signal Dispatcher" daemon [_thread_blocked, id=86, stack(0x00007a7b3b0cd000,0x00007a7b3b1cd000)]
  0x00007a7b540aebe0 JavaThread "Service Thread" daemon [_thread_blocked, id=87, stack(0x00007a7b3afcd000,0x00007a7b3b0cd000)]
  0x00007a7b540affd0 JavaThread "Monitor Deflation Thread" daemon [_thread_blocked, id=88, stack(0x00007a7b3aecd000,0x00007a7b3afcd000)]
=>0x00007a7b540b19c0 JavaThread "JVMCI-native CompilerThread0" daemon [_thread_in_vm, id=89, stack(0x00007a7b3accd000,0x00007a7b3aecd000)]
  0x00007a7b540b2ed0 JavaThread "C1 CompilerThread0" daemon [_thread_blocked, id=90, stack(0x00007a7b3aacd000,0x00007a7b3accd000)]
  0x00007a7b540b3f30 JavaThread "Sweeper thread" daemon [_thread_blocked, id=91, stack(0x00007a7b3a9cd000,0x00007a7b3aacd000)]
  0x00007a7b540d7260 JavaThread "Common-Cleaner" daemon [_thread_blocked, id=92, stack(0x00007a7b3a8cd000,0x00007a7b3a9cd000)]
  0x00007a7b5411f070 JavaThread "Notification Thread" daemon [_thread_blocked, id=93, stack(0x00007a7b3a7cd000,0x00007a7b3a8cd000)]
  0x00007a7b542c44c0 JavaThread "Active Thread: Equinox Container: 6959ec50-8873-48e3-848d-cb6ed7c82925" [_thread_blocked, id=115, stack(0x00007a7b3a5cb000,0x00007a7b3a6cb000)]
  0x00007a7b5431cba0 JavaThread "Framework Event Dispatcher: Equinox Container: 6959ec50-8873-48e3-848d-cb6ed7c82925" daemon [_thread_blocked, id=120, stack(0x00007a7b38100000,0x00007a7b38200000)]
  0x00007a7b5431fce0 JavaThread "Start Level: Equinox Container: 6959ec50-8873-48e3-848d-cb6ed7c82925" daemon [_thread_blocked, id=121, stack(0x00007a7b02d00000,0x00007a7b02e00000)]
  0x00007a7af002f580 JavaThread "SCR Component Actor" daemon [_thread_blocked, id=122, stack(0x00007a7b02b00000,0x00007a7b02c00000)]
  0x00007a7af0404280 JavaThread "Worker-JM" [_thread_blocked, id=127, stack(0x00007a7b02700000,0x00007a7b02800000)]
  0x00007a7af0603d10 JavaThread "Java indexing" daemon [_thread_blocked, id=133, stack(0x00007a7b02100000,0x00007a7b02200000)]
  0x00007a7af07547a0 JavaThread "Bundle File Closer" daemon [_thread_blocked, id=134, stack(0x00007a7b01f00000,0x00007a7b02000000)]
  0x00007a7b54363cd0 JavaThread "pool-3-thread-1" [_thread_blocked, id=138, stack(0x00007a7b01d00000,0x00007a7b01e00000)]
  0x00007a7b543f8c30 JavaThread "pool-2-thread-1" [_thread_blocked, id=140, stack(0x00007a7b01900000,0x00007a7b01a00000)]
  0x00007a7ae8001540 JavaThread "Worker-4: Compacting resource model" [_thread_blocked, id=142, stack(0x00007a7b01700000,0x00007a7b01800000)]
  0x00007a7abc000ff0 JavaThread "Worker-5: Publish Diagnostics" [_thread_blocked, id=149, stack(0x00007a7b01500000,0x00007a7b01600000)]
  0x00007a7ac81637d0 JavaThread "Thread-24" [_thread_blocked, id=322, stack(0x00007a7b02800000,0x00007a7b02900000)]
  0x00007a7ac8048c00 JavaThread "Thread-29" [_thread_blocked, id=345, stack(0x00007a7b02500000,0x00007a7b02600000)]
  0x00007a7ac805b9f0 JavaThread "Thread-32" [_thread_blocked, id=399, stack(0x00007a7b01b00000,0x00007a7b01c00000)]
  0x00007a7ac805b130 JavaThread "Thread-33" [_thread_blocked, id=400, stack(0x00007a7b02900000,0x00007a7b02a00000)]
  0x00007a7ac805cff0 JavaThread "Thread-35" [_thread_blocked, id=447, stack(0x00007a7b38000000,0x00007a7b38100000)]
  0x00007a7ac8048570 JavaThread "Thread-37" [_thread_blocked, id=491, stack(0x00007a7b02c00000,0x00007a7b02d00000)]
  0x00007a7abc0300a0 JavaThread "Worker-6" [_thread_blocked, id=589, stack(0x00007a7b03f00000,0x00007a7b04000000)]

Other Threads:
  0x00007a7b540a13c0 VMThread "VM Thread" [stack: 0x00007a7b58230000,0x00007a7b58330000] [id=81] _threads_hazard_ptr=0x00007a7ad4136280
  0x00007a7b54120a10 WatcherThread [stack: 0x00007a7b3a6cd000,0x00007a7b3a7cd000] [id=94]
  0x00007a7b5403d730 GCTaskThread "GC Thread#0" [stack: 0x00007a7b5a58d000,0x00007a7b5a68d000] [id=80]

Threads with active compile tasks:
JVMCI-native CompilerThread0  1645541 9353  s    4       org.eclipse.jdt.internal.core.JavaModelManager::getInfo (36 bytes)

VM state: synchronizing (normal execution)

VM Mutex/Monitor currently owned by a thread:  ([mutex/lock_event])
[0x00007a7b54022f80] Threads_lock - owner thread: 0x00007a7b540a13c0
[0x00007a7b54023730] Heap_lock - owner thread: 0x00007a7ac805b9f0

OutOfMemory and StackOverflow Exception counts:
OutOfMemoryError java_heap_errors=2
LinkageErrors=64

Heap address: 0x00000000e0000000, size: 512 MB, Compressed Oops mode: 32-bit

CDS archive(s) mapped at: [0x0000000800000000-0x0000000800bc8000-0x0000000800bc8000), size 12353536, SharedBaseAddress: 0x0000000800000000, ArchiveRelocationMode: 0.
Compressed class space mapped at: 0x0000000800c00000-0x0000000840c00000, reserved size: 1073741824
Narrow klass base: 0x0000000800000000, Narrow klass shift: 0, Narrow klass range: 0x100000000

GC Precious Log:
 CPUs: 8 total, 1 available
 Memory: 1024M
 Large Page Support: Disabled
 NUMA Support: Disabled
 Compressed Oops: Enabled (32-bit)
 Alignments: Space 512K, Generation 512K, Heap 2M
 Heap Min Capacity: 100M
 Heap Initial Capacity: 100M
 Heap Max Capacity: 512M
 Pre-touch: Disabled
 Parallel Workers: 1

Heap:
 PSYoungGen      total 50176K, used 36863K [0x00000000f5580000, 0x00000000f9480000, 0x0000000100000000)
  eden space 36864K, 99% used [0x00000000f5580000,0x00000000f797fff0,0x00000000f7980000)
  from space 13312K, 0% used [0x00000000f7980000,0x00000000f7980000,0x00000000f8680000)
  to   space 13312K, 0% used [0x00000000f8780000,0x00000000f8780000,0x00000000f9480000)
 ParOldGen       total 349696K, used 349695K [0x00000000e0000000, 0x00000000f5580000, 0x00000000f5580000)
  object space 349696K, 99% used [0x00000000e0000000,0x00000000f557fff8,0x00000000f5580000)
 Metaspace       used 54616K, committed 55552K, reserved 1105920K
  class space    used 5305K, committed 5696K, reserved 1048576K

Card table byte_map: [0x00007a7b5a68d000,0x00007a7b5a78e000] _byte_map_base: 0x00007a7b59f8d000

Marking Bits: (ParMarkBitMap*) 0x00007a7b5bddd4c0
 Begin Bits: [0x00007a7b594e0000, 0x00007a7b59ce0000)
 End Bits:   [0x00007a7b59ce0000, 0x00007a7b5a4e0000)

Polling page: 0x00007a7b5a9a7000

Metaspace:

Usage:
  Non-class:     48.15 MB used.
      Class:      5.18 MB used.
       Both:     53.34 MB used.

Virtual space:
  Non-class space:       56.00 MB reserved,      48.69 MB ( 87%) committed,  7 nodes.
      Class space:        1.00 GB reserved,       5.56 MB ( <1%) committed,  1 nodes.
             Both:        1.05 GB reserved,      54.25 MB (  5%) committed. 

Chunk freelists:
   Non-Class:  2.42 MB
       Class:  2.42 MB
        Both:  4.84 MB

MaxMetaspaceSize: unlimited
CompressedClassSpaceSize: 1.00 GB
Initial GC threshold: 21.00 MB
Current GC threshold: 90.31 MB
CDS: on
MetaspaceReclaimPolicy: balanced
 - commit_granule_bytes: 65536.
 - commit_granule_words: 8192.
 - virtual_space_node_default_size: 1048576.
 - enlarge_chunks_in_place: 1.
 - new_chunks_are_fully_committed: 0.
 - uncommit_free_chunks: 1.
 - use_allocation_guard: 0.
 - handle_deallocations: 1.


Internal statistics:

num_allocs_failed_limit: 6.
num_arena_births: 494.
num_arena_deaths: 142.
num_vsnodes_births: 8.
num_vsnodes_deaths: 0.
num_space_committed: 867.
num_space_uncommitted: 0.
num_chunks_returned_to_freelist: 199.
num_chunks_taken_from_freelist: 2874.
num_chunk_merges: 87.
num_chunk_splits: 1815.
num_chunks_enlarged: 1083.
num_purges: 4.
num_inconsistent_stats: 0.

CodeHeap 'non-profiled nmethods': size=120036Kb used=2411Kb max_used=2427Kb free=117624Kb
 bounds [0x00007a7b42f7a000, 0x00007a7b431ea000, 0x00007a7b4a4b3000]
CodeHeap 'profiled nmethods': size=120032Kb used=14295Kb max_used=15868Kb free=105736Kb
 bounds [0x00007a7b3ba42000, 0x00007a7b3c9c2000, 0x00007a7b42f7a000]
CodeHeap 'non-nmethods': size=5692Kb used=1359Kb max_used=1369Kb free=4332Kb
 bounds [0x00007a7b3b4b3000, 0x00007a7b3b723000, 0x00007a7b3ba42000]
 total_blobs=7251 nmethods=6559 adapters=587
 compilation: enabled
              stopped_count=0, restarted_count=0
 full_count=0

JVMCI Events (20 events):
Event: 1209.546 Thread 0x00007a7b540b19c0 destroyed JavaVM[4]@0x00007a7b00f9e340 for JVMCI runtime 0
Event: 1209.546 Thread 0x00007a7b540b19c0 compacted oop handles in JVMCI runtime 0 from 73 to 73
Event: 1209.546 Thread 0x00007a7b540b19c0 releasing handles for JVMCI runtime 0: oop handles=73, metadata handles={total=352, live=344, blocks=36}
Event: 1209.546 Thread 0x00007a7b540b19c0 detached from JVMCI runtime 0
Event: 1320.649 Thread 0x00007a7b540b19c0 attached to JVMCI runtime 0
Event: 1320.654 Thread 0x00007a7b540b19c0 created JavaVM[5]@0x00007a7b00f9e340 for JVMCI runtime 0
Event: 1320.654 Thread 0x00007a7b540b19c0 initializing JVMCI runtime 0
Event: 1320.654 Thread 0x00007a7b540b19c0 done waiting for JavaVM references initialization in JVMCI runtime 0
Event: 1419.329 Thread 0x00007a7b540b19c0 initialized JVMCI runtime 0
Event: 1511.947 Thread 0x00007a7b540b19c0 detaching from JVMCI runtime 0: releasing idle compiler thread (0 other threads still attached)
Event: 1511.947 Thread 0x00007a7b540b19c0 shutting down HotSpotJVMCIRuntime for JVMCI runtime 0
Event: 1511.947 Thread 0x00007a7b540b19c0 shut down JVMCI runtime 0
Event: 1513.664 Thread 0x00007a7b540b19c0 destroyed JavaVM[5]@0x00007a7b00f9e340 for JVMCI runtime 0
Event: 1513.664 Thread 0x00007a7b540b19c0 compacted oop handles in JVMCI runtime 0 from 60 to 60
Event: 1513.664 Thread 0x00007a7b540b19c0 releasing handles for JVMCI runtime 0: oop handles=60, metadata handles={total=97, live=97, blocks=36}
Event: 1513.664 Thread 0x00007a7b540b19c0 detached from JVMCI runtime 0
Event: 1604.446 Thread 0x00007a7b540b19c0 attached to JVMCI runtime 0
Event: 1604.449 Thread 0x00007a7b540b19c0 created JavaVM[6]@0x00007a7b00f9e340 for JVMCI runtime 0
Event: 1606.344 Thread 0x00007a7b540b19c0 initializing JVMCI runtime 0
Event: 1606.344 Thread 0x00007a7b540b19c0 done waiting for JavaVM references initialization in JVMCI runtime 0

Compilation events (20 events):
Event: 1440.943 Thread 0x00007a7b540b2ed0 9346       3       jdk.internal.misc.Unsafe::putIntOpaque (9 bytes)
Event: 1440.943 Thread 0x00007a7b540b2ed0 nmethod 9346 0x00007a7b3c26b910 code [0x00007a7b3c26baa0, 0x00007a7b3c26bbb0]
Event: 1452.043 Thread 0x00007a7b540b19c0 nmethod 9339 0x00007a7b430d5610 code [0x00007a7b430d57a0, 0x00007a7b430d59d8]
Event: 1452.043 Thread 0x00007a7b540b19c0 9344       4       org.eclipse.jdt.internal.compiler.util.Util::getLineNumber (89 bytes)
Event: 1469.522 Thread 0x00007a7b540b19c0 nmethod 9344 0x00007a7b430d5110 code [0x00007a7b430d52a0, 0x00007a7b430d5490]
Event: 1469.522 Thread 0x00007a7b540b19c0 9340       4       java.util.Collections$UnmodifiableMap$UnmodifiableEntrySet$1::next (5 bytes)
Event: 1504.758 Thread 0x00007a7b540b19c0 nmethod 9340 0x00007a7b430d4990 code [0x00007a7b430d4b20, 0x00007a7b430d4e18]
Event: 1504.758 Thread 0x00007a7b540b2ed0 9348       3       org.eclipse.jdt.core.dom.ASTNode::getFlags (9 bytes)
Event: 1504.758 Thread 0x00007a7b540b19c0 9349       4       org.eclipse.jdt.core.dom.SimpleName::accept0 (12 bytes)
Event: 1504.758 Thread 0x00007a7b540b2ed0 nmethod 9348 0x00007a7b3c398010 code [0x00007a7b3c3981a0, 0x00007a7b3c3982b0]
Event: 1504.758 Thread 0x00007a7b540b2ed0 9347       3       org.eclipse.jdt.internal.corext.dom.ASTNodes$4::visitNode (15 bytes)
Event: 1504.759 Thread 0x00007a7b540b2ed0 nmethod 9347 0x00007a7b3c835310 code [0x00007a7b3c8354c0, 0x00007a7b3c835680]
Event: 1510.165 Thread 0x00007a7b540b19c0 nmethod 9349 0x00007a7b430d4610 code [0x00007a7b430d47a0, 0x00007a7b430d4850]
Event: 1520.358 Thread 0x00007a7b540b2ed0 9350   !   3       java.util.concurrent.locks.AbstractQueuedSynchronizer::acquire (407 bytes)
Event: 1522.092 Thread 0x00007a7b540b2ed0 nmethod 9350 0x00007a7b3c128810 code [0x00007a7b3c128b80, 0x00007a7b3c12a9a0]
Event: 1522.093 Thread 0x00007a7b540b2ed0 9351       3       java.util.concurrent.locks.LockSupport::parkNanos (29 bytes)
Event: 1525.442 Thread 0x00007a7b540b2ed0 nmethod 9351 0x00007a7b3c834e10 code [0x00007a7b3c834fe0, 0x00007a7b3c8351e0]
Event: 1557.553 Thread 0x00007a7b540b2ed0 9352       3       java.util.concurrent.ScheduledThreadPoolExecutor$ScheduledFutureTask::getDelay (16 bytes)
Event: 1557.553 Thread 0x00007a7b540b2ed0 nmethod 9352 0x00007a7b3c834a10 code [0x00007a7b3c834bc0, 0x00007a7b3c834d40]
Event: 1604.446 Thread 0x00007a7b540b19c0 9353  s    4       org.eclipse.jdt.internal.core.JavaModelManager::getInfo (36 bytes)

GC Heap History (20 events):
Event: 1627.456 GC heap before
{Heap before GC invocations=837 (full 753):
 PSYoungGen      total 50176K, used 36863K [0x00000000f5580000, 0x00000000f9480000, 0x0000000100000000)
  eden space 36864K, 99% used [0x00000000f5580000,0x00000000f797fff8,0x00000000f7980000)
  from space 13312K, 0% used [0x00000000f7980000,0x00000000f7980000,0x00000000f8680000)
  to   space 13312K, 0% used [0x00000000f8780000,0x00000000f8780000,0x00000000f9480000)
 ParOldGen       total 349696K, used 349694K [0x00000000e0000000, 0x00000000f5580000, 0x00000000f5580000)
  object space 349696K, 99% used [0x00000000e0000000,0x00000000f557fb38,0x00000000f5580000)
 Metaspace       used 54616K, committed 55552K, reserved 1105920K
  class space    used 5305K, committed 5696K, reserved 1048576K
}
Event: 1629.158 GC heap after
{Heap after GC invocations=837 (full 753):
 PSYoungGen      total 50176K, used 36863K [0x00000000f5580000, 0x00000000f9480000, 0x0000000100000000)
  eden space 36864K, 99% used [0x00000000f5580000,0x00000000f797ffd8,0x00000000f7980000)
  from space 13312K, 0% used [0x00000000f8780000,0x00000000f8780000,0x00000000f9480000)
  to   space 13312K, 0% used [0x00000000f7980000,0x00000000f7980000,0x00000000f8680000)
 ParOldGen       total 349696K, used 349692K [0x00000000e0000000, 0x00000000f5580000, 0x00000000f5580000)
  object space 349696K, 99% used [0x00000000e0000000,0x00000000f557f1f0,0x00000000f5580000)
 Metaspace       used 54616K, committed 55552K, reserved 1105920K
  class space    used 5305K, committed 5696K, reserved 1048576K
}
Event: 1629.159 GC heap before
{Heap before GC invocations=838 (full 754):
 PSYoungGen      total 50176K, used 36864K [0x00000000f5580000, 0x00000000f9480000, 0x0000000100000000)
  eden space 36864K, 100% used [0x00000000f5580000,0x00000000f7980000,0x00000000f7980000)
  from space 13312K, 0% used [0x00000000f8780000,0x00000000f8780000,0x00000000f9480000)
  to   space 13312K, 0% used [0x00000000f7980000,0x00000000f7980000,0x00000000f8680000)
 ParOldGen       total 349696K, used 349694K [0x00000000e0000000, 0x00000000f5580000, 0x00000000f5580000)
  object space 349696K, 99% used [0x00000000e0000000,0x00000000f557fb10,0x00000000f5580000)
 Metaspace       used 54616K, committed 55552K, reserved 1105920K
  class space    used 5305K, committed 5696K, reserved 1048576K
}
Event: 1630.977 GC heap after
{Heap after GC invocations=838 (full 754):
 PSYoungGen      total 50176K, used 36863K [0x00000000f5580000, 0x00000000f9480000, 0x0000000100000000)
  eden space 36864K, 99% used [0x00000000f5580000,0x00000000f797ffd8,0x00000000f7980000)
  from space 13312K, 0% used [0x00000000f7980000,0x00000000f7980000,0x00000000f8680000)
  to   space 13312K, 0% used [0x00000000f8780000,0x00000000f8780000,0x00000000f9480000)
 ParOldGen       total 349696K, used 349692K [0x00000000e0000000, 0x00000000f5580000, 0x00000000f5580000)
  object space 349696K, 99% used [0x00000000e0000000,0x00000000f557f290,0x00000000f5580000)
 Metaspace       used 54616K, committed 55552K, reserved 1105920K
  class space    used 5305K, committed 5696K, reserved 1048576K
}
Event: 1630.977 GC heap before
{Heap before GC invocations=839 (full 755):
 PSYoungGen      total 50176K, used 36863K [0x00000000f5580000, 0x00000000f9480000, 0x0000000100000000)
  eden space 36864K, 99% used [0x00000000f5580000,0x00000000f797fff0,0x00000000f7980000)
  from space 13312K, 0% used [0x00000000f7980000,0x00000000f7980000,0x00000000f8680000)
  to   space 13312K, 0% used [0x00000000f8780000,0x00000000f8780000,0x00000000f9480000)
 ParOldGen       total 349696K, used 349694K [0x00000000e0000000, 0x00000000f5580000, 0x00000000f5580000)
  object space 349696K, 99% used [0x00000000e0000000,0x00000000f557fa20,0x00000000f5580000)
 Metaspace       used 54616K, committed 55552K, reserved 1105920K
  class space    used 5305K, committed 5696K, reserved 1048576K
}
Event: 1632.826 GC heap after
{Heap after GC invocations=839 (full 755):
 PSYoungGen      total 50176K, used 36863K [0x00000000f5580000, 0x00000000f9480000, 0x0000000100000000)
  eden space 36864K, 99% used [0x00000000f5580000,0x00000000f797fed0,0x00000000f7980000)
  from space 13312K, 0% used [0x00000000f8780000,0x00000000f8780000,0x00000000f9480000)
  to   space 13312K, 0% used [0x00000000f7980000,0x00000000f7980000,0x00000000f8680000)
 ParOldGen       total 349696K, used 349694K [0x00000000e0000000, 0x00000000f5580000, 0x00000000f5580000)
  object space 349696K, 99% used [0x00000000e0000000,0x00000000f557f950,0x00000000f5580000)
 Metaspace       used 54616K, committed 55552K, reserved 1105920K
  class space    used 5305K, committed 5696K, reserved 1048576K
}
Event: 1632.827 GC heap before
{Heap before GC invocations=840 (full 756):
 PSYoungGen      total 50176K, used 36863K [0x00000000f5580000, 0x00000000f9480000, 0x0000000100000000)
  eden space 36864K, 99% used [0x00000000f5580000,0x00000000f797fff8,0x00000000f7980000)
  from space 13312K, 0% used [0x00000000f8780000,0x00000000f8780000,0x00000000f9480000)
  to   space 13312K, 0% used [0x00000000f7980000,0x00000000f7980000,0x00000000f8680000)
 ParOldGen       total 349696K, used 349694K [0x00000000e0000000, 0x00000000f5580000, 0x00000000f5580000)
  object space 349696K, 99% used [0x00000000e0000000,0x00000000f557f950,0x00000000f5580000)
 Metaspace       used 54616K, committed 55552K, reserved 1105920K
  class space    used 5305K, committed 5696K, reserved 1048576K
}
Event: 1634.567 GC heap after
{Heap after GC invocations=840 (full 756):
 PSYoungGen      total 50176K, used 36863K [0x00000000f5580000, 0x00000000f9480000, 0x0000000100000000)
  eden space 36864K, 99% used [0x00000000f5580000,0x00000000f797ff68,0x00000000f7980000)
  from space 13312K, 0% used [0x00000000f7980000,0x00000000f7980000,0x00000000f8680000)
  to   space 13312K, 0% used [0x00000000f8780000,0x00000000f8780000,0x00000000f9480000)
 ParOldGen       total 349696K, used 349694K [0x00000000e0000000, 0x00000000f5580000, 0x00000000f5580000)
  object space 349696K, 99% used [0x00000000e0000000,0x00000000f557f930,0x00000000f5580000)
 Metaspace       used 54616K, committed 55552K, reserved 1105920K
  class space    used 5305K, committed 5696K, reserved 1048576K
}
Event: 1634.567 GC heap before
{Heap before GC invocations=841 (full 757):
 PSYoungGen      total 50176K, used 36863K [0x00000000f5580000, 0x00000000f9480000, 0x0000000100000000)
  eden space 36864K, 99% used [0x00000000f5580000,0x00000000f797fff8,0x00000000f7980000)
  from space 13312K, 0% used [0x00000000f7980000,0x00000000f7980000,0x00000000f8680000)
  to   space 13312K, 0% used [0x00000000f8780000,0x00000000f8780000,0x00000000f9480000)
 ParOldGen       total 349696K, used 349694K [0x00000000e0000000, 0x00000000f5580000, 0x00000000f5580000)
  object space 349696K, 99% used [0x00000000e0000000,0x00000000f557f930,0x00000000f5580000)
 Metaspace       used 54616K, committed 55552K, reserved 1105920K
  class space    used 5305K, committed 5696K, reserved 1048576K
}
Event: 1636.435 GC heap after
{Heap after GC invocations=841 (full 757):
 PSYoungGen      total 50176K, used 36863K [0x00000000f5580000, 0x00000000f9480000, 0x0000000100000000)
  eden space 36864K, 99% used [0x00000000f5580000,0x00000000f797ff68,0x00000000f7980000)
  from space 13312K, 0% used [0x00000000f8780000,0x00000000f8780000,0x00000000f9480000)
  to   space 13312K, 0% used [0x00000000f7980000,0x00000000f7980000,0x00000000f8680000)
 ParOldGen       total 349696K, used 349694K [0x00000000e0000000, 0x00000000f5580000, 0x00000000f5580000)
  object space 349696K, 99% used [0x00000000e0000000,0x00000000f557f930,0x00000000f5580000)
 Metaspace       used 54616K, committed 55552K, reserved 1105920K
  class space    used 5305K, committed 5696K, reserved 1048576K
}
Event: 1636.436 GC heap before
{Heap before GC invocations=842 (full 758):
 PSYoungGen      total 50176K, used 36863K [0x00000000f5580000, 0x00000000f9480000, 0x0000000100000000)
  eden space 36864K, 99% used [0x00000000f5580000,0x00000000f797fff8,0x00000000f7980000)
  from space 13312K, 0% used [0x00000000f8780000,0x00000000f8780000,0x00000000f9480000)
  to   space 13312K, 0% used [0x00000000f7980000,0x00000000f7980000,0x00000000f8680000)
 ParOldGen       total 349696K, used 349694K [0x00000000e0000000, 0x00000000f5580000, 0x00000000f5580000)
  object space 349696K, 99% used [0x00000000e0000000,0x00000000f557f930,0x00000000f5580000)
 Metaspace       used 54616K, committed 55552K, reserved 1105920K
  class space    used 5305K, committed 5696K, reserved 1048576K
}
Event: 1638.169 GC heap after
{Heap after GC invocations=842 (full 758):
 PSYoungGen      total 50176K, used 36863K [0x00000000f5580000, 0x00000000f9480000, 0x0000000100000000)
  eden space 36864K, 99% used [0x00000000f5580000,0x00000000f797ff68,0x00000000f7980000)
  from space 13312K, 0% used [0x00000000f7980000,0x00000000f7980000,0x00000000f8680000)
  to   space 13312K, 0% used [0x00000000f8780000,0x00000000f8780000,0x00000000f9480000)
 ParOldGen       total 349696K, used 349694K [0x00000000e0000000, 0x00000000f5580000, 0x00000000f5580000)
  object space 349696K, 99% used [0x00000000e0000000,0x00000000f557f930,0x00000000f5580000)
 Metaspace       used 54616K, committed 55552K, reserved 1105920K
  class space    used 5305K, committed 5696K, reserved 1048576K
}
Event: 1638.221 GC heap before
{Heap before GC invocations=843 (full 759):
 PSYoungGen      total 50176K, used 36864K [0x00000000f5580000, 0x00000000f9480000, 0x0000000100000000)
  eden space 36864K, 100% used [0x00000000f5580000,0x00000000f7980000,0x00000000f7980000)
  from space 13312K, 0% used [0x00000000f7980000,0x00000000f7980000,0x00000000f8680000)
  to   space 13312K, 0% used [0x00000000f8780000,0x00000000f8780000,0x00000000f9480000)
 ParOldGen       total 349696K, used 349694K [0x00000000e0000000, 0x00000000f5580000, 0x00000000f5580000)
  object space 349696K, 99% used [0x00000000e0000000,0x00000000f557f930,0x00000000f5580000)
 Metaspace       used 54616K, committed 55552K, reserved 1105920K
  class space    used 5305K, committed 5696K, reserved 1048576K
}
Event: 1639.958 GC heap after
{Heap after GC invocations=843 (full 759):
 PSYoungGen      total 50176K, used 36863K [0x00000000f5580000, 0x00000000f9480000, 0x0000000100000000)
  eden space 36864K, 99% used [0x00000000f5580000,0x00000000f797ff80,0x00000000f7980000)
  from space 13312K, 0% used [0x00000000f8780000,0x00000000f8780000,0x00000000f9480000)
  to   space 13312K, 0% used [0x00000000f7980000,0x00000000f7980000,0x00000000f8680000)
 ParOldGen       total 349696K, used 349694K [0x00000000e0000000, 0x00000000f5580000, 0x00000000f5580000)
  object space 349696K, 99% used [0x00000000e0000000,0x00000000f557f930,0x00000000f5580000)
 Metaspace       used 54616K, committed 55552K, reserved 1105920K
  class space    used 5305K, committed 5696K, reserved 1048576K
}
Event: 1639.959 GC heap before
{Heap before GC invocations=844 (full 760):
 PSYoungGen      total 50176K, used 36864K [0x00000000f5580000, 0x00000000f9480000, 0x0000000100000000)
  eden space 36864K, 100% used [0x00000000f5580000,0x00000000f7980000,0x00000000f7980000)
  from space 13312K, 0% used [0x00000000f8780000,0x00000000f8780000,0x00000000f9480000)
  to   space 13312K, 0% used [0x00000000f7980000,0x00000000f7980000,0x00000000f8680000)
 ParOldGen       total 349696K, used 349694K [0x00000000e0000000, 0x00000000f5580000, 0x00000000f5580000)
  object space 349696K, 99% used [0x00000000e0000000,0x00000000f557f930,0x00000000f5580000)
 Metaspace       used 54616K, committed 55552K, reserved 1105920K
  class space    used 5305K, committed 5696K, reserved 1048576K
}
Event: 1641.772 GC heap after
{Heap after GC invocations=844 (full 760):
 PSYoungGen      total 50176K, used 36863K [0x00000000f5580000, 0x00000000f9480000, 0x0000000100000000)
  eden space 36864K, 99% used [0x00000000f5580000,0x00000000f797ff80,0x00000000f7980000)
  from space 13312K, 0% used [0x00000000f7980000,0x00000000f7980000,0x00000000f8680000)
  to   space 13312K, 0% used [0x00000000f8780000,0x00000000f8780000,0x00000000f9480000)
 ParOldGen       total 349696K, used 349694K [0x00000000e0000000, 0x00000000f5580000, 0x00000000f5580000)
  object space 349696K, 99% used [0x00000000e0000000,0x00000000f557f930,0x00000000f5580000)
 Metaspace       used 54616K, committed 55552K, reserved 1105920K
  class space    used 5305K, committed 5696K, reserved 1048576K
}
Event: 1641.772 GC heap before
{Heap before GC invocations=845 (full 761):
 PSYoungGen      total 50176K, used 36863K [0x00000000f5580000, 0x00000000f9480000, 0x0000000100000000)
  eden space 36864K, 99% used [0x00000000f5580000,0x00000000f797ffb8,0x00000000f7980000)
  from space 13312K, 0% used [0x00000000f7980000,0x00000000f7980000,0x00000000f8680000)
  to   space 13312K, 0% used [0x00000000f8780000,0x00000000f8780000,0x00000000f9480000)
 ParOldGen       total 349696K, used 349694K [0x00000000e0000000, 0x00000000f5580000, 0x00000000f5580000)
  object space 349696K, 99% used [0x00000000e0000000,0x00000000f557f930,0x00000000f5580000)
 Metaspace       used 54616K, committed 55552K, reserved 1105920K
  class space    used 5305K, committed 5696K, reserved 1048576K
}
Event: 1643.645 GC heap after
{Heap after GC invocations=845 (full 761):
 PSYoungGen      total 50176K, used 36863K [0x00000000f5580000, 0x00000000f9480000, 0x0000000100000000)
  eden space 36864K, 99% used [0x00000000f5580000,0x00000000f797ff98,0x00000000f7980000)
  from space 13312K, 0% used [0x00000000f8780000,0x00000000f8780000,0x00000000f9480000)
  to   space 13312K, 0% used [0x00000000f7980000,0x00000000f7980000,0x00000000f8680000)
 ParOldGen       total 349696K, used 349694K [0x00000000e0000000, 0x00000000f5580000, 0x00000000f5580000)
  object space 349696K, 99% used [0x00000000e0000000,0x00000000f557f930,0x00000000f5580000)
 Metaspace       used 54616K, committed 55552K, reserved 1105920K
  class space    used 5305K, committed 5696K, reserved 1048576K
}
Event: 1643.645 GC heap before
{Heap before GC invocations=846 (full 762):
 PSYoungGen      total 50176K, used 36863K [0x00000000f5580000, 0x00000000f9480000, 0x0000000100000000)
  eden space 36864K, 99% used [0x00000000f5580000,0x00000000f797ff98,0x00000000f7980000)
  from space 13312K, 0% used [0x00000000f8780000,0x00000000f8780000,0x00000000f9480000)
  to   space 13312K, 0% used [0x00000000f7980000,0x00000000f7980000,0x00000000f8680000)
 ParOldGen       total 349696K, used 349694K [0x00000000e0000000, 0x00000000f5580000, 0x00000000f5580000)
  object space 349696K, 99% used [0x00000000e0000000,0x00000000f557f930,0x00000000f5580000)
 Metaspace       used 54616K, committed 55552K, reserved 1105920K
  class space    used 5305K, committed 5696K, reserved 1048576K
}
Event: 1645.439 GC heap after
{Heap after GC invocations=846 (full 762):
 PSYoungGen      total 50176K, used 36863K [0x00000000f5580000, 0x00000000f9480000, 0x0000000100000000)
  eden space 36864K, 99% used [0x00000000f5580000,0x00000000f797ff98,0x00000000f7980000)
  from space 13312K, 0% used [0x00000000f7980000,0x00000000f7980000,0x00000000f8680000)
  to   space 13312K, 0% used [0x00000000f8780000,0x00000000f8780000,0x00000000f9480000)
 ParOldGen       total 349696K, used 349694K [0x00000000e0000000, 0x00000000f5580000, 0x00000000f5580000)
  object space 349696K, 99% used [0x00000000e0000000,0x00000000f557f930,0x00000000f5580000)
 Metaspace       used 54616K, committed 55552K, reserved 1105920K
  class space    used 5305K, committed 5696K, reserved 1048576K
}

Dll operation events (8 events):
Event: 0.022 Loaded shared library /nix/store/gpxl5qgg8kicmcvivwmybwjlpf7wh20l-graalvm17-ce-22.3.0/lib/libjava.so
Event: 0.089 Loaded shared library /nix/store/gpxl5qgg8kicmcvivwmybwjlpf7wh20l-graalvm17-ce-22.3.0/lib/libjsvml.so
Event: 0.678 Loaded shared library /nix/store/gpxl5qgg8kicmcvivwmybwjlpf7wh20l-graalvm17-ce-22.3.0/lib/libnio.so
Event: 0.730 Loaded shared library /nix/store/gpxl5qgg8kicmcvivwmybwjlpf7wh20l-graalvm17-ce-22.3.0/lib/libzip.so
Event: 0.751 Loaded shared library /nix/store/gpxl5qgg8kicmcvivwmybwjlpf7wh20l-graalvm17-ce-22.3.0/lib/libjvmcicompiler.so
Event: 1.705 Loaded shared library /nix/store/gpxl5qgg8kicmcvivwmybwjlpf7wh20l-graalvm17-ce-22.3.0/lib/libjimage.so
Event: 4.629 Loaded shared library /nix/store/gpxl5qgg8kicmcvivwmybwjlpf7wh20l-graalvm17-ce-22.3.0/lib/libnet.so
Event: 7.463 Loaded shared library /home/runner/Listadeanimes/.cache/jdt-language-server/config/org.eclipse.equinox.launcher/org.eclipse.equinox.launcher.gtk.linux.x86_64_1.2.400.v20211117-0650/eclipse_11600.so

Deoptimization events (20 events):
Event: 115.535 Thread 0x00007a7ac8048c00 DEOPT PACKING pc=0x00007a7b42fd3b3a sp=0x00007a7b380fdb80
Event: 115.535 Thread 0x00007a7ac8048c00 DEOPT UNPACKING pc=0x00007a7b3b505325 sp=0x00007a7b380fd028 mode 3
Event: 130.641 Thread 0x00007a7ae8001540 DEOPT PACKING pc=0x00007a7b3c96a394 sp=0x00007a7b017fd900
Event: 130.641 Thread 0x00007a7ae8001540 DEOPT UNPACKING pc=0x00007a7b3b505325 sp=0x00007a7b017fcec0 mode 0
Event: 132.958 Thread 0x00007a7ac8048c00 DEOPT PACKING pc=0x00007a7b3c1bb91c sp=0x00007a7b380fcb50
Event: 132.958 Thread 0x00007a7ac8048c00 DEOPT UNPACKING pc=0x00007a7b3b505325 sp=0x00007a7b380fbfb0 mode 0
Event: 135.362 Thread 0x00007a7ac8048c00 DEOPT PACKING pc=0x00007a7b3c90dc43 sp=0x00007a7b380fc8b0
Event: 135.362 Thread 0x00007a7ac8048c00 DEOPT UNPACKING pc=0x00007a7b3b505325 sp=0x00007a7b380fbdc0 mode 3
Event: 135.422 Thread 0x00007a7ac8048c00 Uncommon trap: trap_request=0xffffffed fr.pc=0x00007a7b4318a937 relative=0x0000000000000417
Event: 135.422 Thread 0x00007a7ac8048c00 Uncommon trap: reason=null_assert_or_unreached0 action=reinterpret pc=0x00007a7b4318a937 method=org.eclipse.jdt.internal.compiler.util.HashtableOfType.get([C)Lorg/eclipse/jdt/internal/compiler/lookup/ReferenceBinding; @ 54 jvmci
Event: 135.422 Thread 0x00007a7ac8048c00 DEOPT PACKING pc=0x00007a7b4318a937 sp=0x00007a7b380fcff0
Event: 135.422 Thread 0x00007a7ac8048c00 DEOPT UNPACKING pc=0x00007a7b3b505325 sp=0x00007a7b380fc440 mode 3
Event: 135.422 Thread 0x00007a7ac8048c00 DEOPT PACKING pc=0x00007a7b3c8cc8e4 sp=0x00007a7b380fd710
Event: 135.422 Thread 0x00007a7ac8048c00 DEOPT UNPACKING pc=0x00007a7b3b505325 sp=0x00007a7b380fcc28 mode 0
Event: 141.738 Thread 0x00007a7b543f8c30 Uncommon trap: trap_request=0xffffffcd fr.pc=0x00007a7b4318f9f4 relative=0x0000000000000074
Event: 141.738 Thread 0x00007a7b543f8c30 Uncommon trap: reason=intrinsic_or_type_checked_inlining action=reinterpret pc=0x00007a7b4318f9f4 method=java.util.stream.ReferencePipeline$2$1.begin(J)V @ 0 jvmci
Event: 141.738 Thread 0x00007a7b543f8c30 DEOPT PACKING pc=0x00007a7b4318f9f4 sp=0x00007a7b019fcfa0
Event: 141.738 Thread 0x00007a7b543f8c30 DEOPT UNPACKING pc=0x00007a7b3b505325 sp=0x00007a7b019fc448 mode 3
Event: 144.353 Thread 0x00007a7ac8048570 DEOPT PACKING pc=0x00007a7b3c915a79 sp=0x00007a7b02cfdfe0
Event: 144.353 Thread 0x00007a7ac8048570 DEOPT UNPACKING pc=0x00007a7b3b505325 sp=0x00007a7b02cfd4b8 mode 0

Classes unloaded (20 events):
Event: 126.956 Thread 0x00007a7b540a13c0 Unloading class 0x0000000800d89000 'java/lang/invoke/LambdaForm$MH+0x0000000800d89000'
Event: 126.956 Thread 0x00007a7b540a13c0 Unloading class 0x0000000800d88c00 'java/lang/invoke/LambdaForm$MH+0x0000000800d88c00'
Event: 126.956 Thread 0x00007a7b540a13c0 Unloading class 0x0000000800d88800 'java/lang/invoke/LambdaForm$MH+0x0000000800d88800'
Event: 126.956 Thread 0x00007a7b540a13c0 Unloading class 0x0000000800d88400 'java/lang/invoke/LambdaForm$MH+0x0000000800d88400'
Event: 126.956 Thread 0x00007a7b540a13c0 Unloading class 0x0000000800d88000 'jdk/internal/reflect/GeneratedConstructorAccessor3'
Event: 126.956 Thread 0x00007a7b540a13c0 Unloading class 0x0000000800cb2800 'java/lang/invoke/LambdaForm$MH+0x0000000800cb2800'
Event: 126.956 Thread 0x00007a7b540a13c0 Unloading class 0x0000000800cb2000 'java/lang/invoke/LambdaForm$MH+0x0000000800cb2000'
Event: 126.956 Thread 0x00007a7b540a13c0 Unloading class 0x0000000800cb1c00 'java/lang/invoke/LambdaForm$MH+0x0000000800cb1c00'
Event: 126.956 Thread 0x00007a7b540a13c0 Unloading class 0x0000000800cb1800 'java/lang/invoke/LambdaForm$MH+0x0000000800cb1800'
Event: 126.956 Thread 0x00007a7b540a13c0 Unloading class 0x0000000800cb1000 'java/lang/invoke/LambdaForm$MH+0x0000000800cb1000'
Event: 126.956 Thread 0x00007a7b540a13c0 Unloading class 0x0000000800cb0c00 'java/lang/invoke/LambdaForm$MH+0x0000000800cb0c00'
Event: 126.956 Thread 0x00007a7b540a13c0 Unloading class 0x0000000800cb0800 'java/lang/invoke/LambdaForm$MH+0x0000000800cb0800'
Event: 126.956 Thread 0x00007a7b540a13c0 Unloading class 0x0000000800cb0000 'java/lang/invoke/LambdaForm$MH+0x0000000800cb0000'
Event: 126.956 Thread 0x00007a7b540a13c0 Unloading class 0x0000000800c85000 'jdk/internal/reflect/GeneratedMethodAccessor5'
Event: 126.956 Thread 0x00007a7b540a13c0 Unloading class 0x0000000800c84c00 'jdk/internal/reflect/GeneratedMethodAccessor4'
Event: 126.956 Thread 0x00007a7b540a13c0 Unloading class 0x0000000800c84800 'jdk/internal/reflect/GeneratedMethodAccessor3'
Event: 126.956 Thread 0x00007a7b540a13c0 Unloading class 0x0000000800c84400 'jdk/internal/reflect/GeneratedMethodAccessor2'
Event: 126.956 Thread 0x00007a7b540a13c0 Unloading class 0x0000000800c84000 'jdk/internal/reflect/GeneratedMethodAccessor1'
Event: 126.956 Thread 0x00007a7b540a13c0 Unloading class 0x0000000800c01c00 'java/lang/invoke/LambdaForm$DMH+0x0000000800c01c00'
Event: 398.136 Thread 0x00007a7b540a13c0 Unloading class 0x0000000800d89000 'jdk/internal/reflect/GeneratedConstructorAccessor38'

Classes redefined (0 events):
No events

Internal exceptions (20 events):
Event: 51.149 Thread 0x00007a7ae8001540 Implicit null exception at 0x00007a7b4308f4e9 to 0x00007a7b4308f69b
Event: 52.248 Thread 0x00007a7ae8001540 Exception <a 'sun/nio/fs/UnixException'{0x00000000f6ec8f18}> (0x00000000f6ec8f18) 
thrown [src/hotspot/share/prims/jni.cpp, line 516]
Event: 52.355 Thread 0x00007a7ac4000ff0 Exception <a 'java/lang/NoSuchMethodError'{0x00000000f5641f10}: 'java.lang.Object java.lang.invoke.DirectMethodHandle$Holder.invokeStatic(java.lang.Object, java.lang.Object, int, java.lang.Object)'> (0x00000000f5641f10) 
thrown [src/hotspot/share/interpreter/linkResolver.cpp, line 758]
Event: 52.357 Thread 0x00007a7ac4000ff0 Exception <a 'java/lang/NoSuchMethodError'{0x00000000f569e478}: 'java.lang.Object java.lang.invoke.DirectMethodHandle$Holder.newInvokeSpecial(java.lang.Object, java.lang.Object, int)'> (0x00000000f569e478) 
thrown [src/hotspot/share/interpreter/linkResolver.cpp, line 758]
Event: 52.722 Thread 0x00007a7ae8001540 Exception <a 'sun/nio/fs/UnixException'{0x00000000f6377780}> (0x00000000f6377780) 
thrown [src/hotspot/share/prims/jni.cpp, line 516]
Event: 52.727 Thread 0x00007a7ae8001540 Exception <a 'java/io/FileNotFoundException'{0x00000000f637cbc8}> (0x00000000f637cbc8) 
thrown [src/hotspot/share/prims/jni.cpp, line 516]
Event: 52.967 Thread 0x00007a7ad4001220 Exception <a 'java/lang/NoSuchMethodError'{0x00000000f581df28}: 'java.lang.Object java.lang.invoke.DirectMethodHandle$Holder.newInvokeSpecial(java.lang.Object, java.lang.Object, int, java.lang.Object, java.lang.Object)'> (0x00000000f581df28) 
thrown [src/hotspot/share/interpreter/linkResolver.cpp, line 758]
Event: 52.968 Thread 0x00007a7ad4001220 Exception <a 'java/lang/NoSuchMethodError'{0x00000000f58231a8}: 'java.lang.Object java.lang.invoke.DirectMethodHandle$Holder.invokeSpecial(java.lang.Object, java.lang.Object, java.lang.Object, int, java.lang.Object, java.lang.Object)'> (0x00000000f58231a8) 
thrown [src/hotspot/share/interpreter/linkResolver.cpp, line 758]
Event: 55.725 Thread 0x00007a7ac815dfb0 Exception <a 'java/lang/NoSuchMethodError'{0x00000000f6e2d6c8}: 'int java.lang.invoke.DirectMethodHandle$Holder.invokeSpecialIFC(java.lang.Object, java.lang.Object, java.lang.Object, java.lang.Object)'> (0x00000000f6e2d6c8) 
thrown [src/hotspot/share/interpreter/linkResolver.cpp, line 758]
Event: 60.331 Thread 0x00007a7af0603d10 Implicit null exception at 0x00007a7b43143881 to 0x00007a7b43145c68
Event: 61.156 Thread 0x00007a7ac815d3a0 Exception <a 'java/lang/NoSuchMethodError'{0x00000000f60ac4c0}: 'java.lang.Object java.lang.invoke.DirectMethodHandle$Holder.invokeStatic(java.lang.Object, int, java.lang.Object, java.lang.Object, java.lang.Object, java.lang.Object)'> (0x00000000f60ac4c0) 
thrown [src/hotspot/share/interpreter/linkResolver.cpp, line 758]
Event: 61.224 Thread 0x00007a7ac815d3a0 Exception <a 'java/lang/NoSuchMethodError'{0x00000000f60b4df0}: 'java.lang.Object java.lang.invoke.DirectMethodHandle$Holder.newInvokeSpecial(java.lang.Object, int, java.lang.Object, java.lang.Object, java.lang.Object)'> (0x00000000f60b4df0) 
thrown [src/hotspot/share/interpreter/linkResolver.cpp, line 758]
Event: 63.531 Thread 0x00007a7b543f8c30 Exception <a 'java/lang/ClassNotFoundException'{0x00000000f6c97988}: sun/util/logging/resources/spi/loggingProvider> (0x00000000f6c97988) 
thrown [src/hotspot/share/classfile/systemDictionary.cpp, line 256]
Event: 74.638 Thread 0x00007a7af0603d10 Implicit null exception at 0x00007a7b431a78c2 to 0x00007a7b431aa49b
Event: 107.255 Thread 0x00007a7ac8056a50 Exception <a 'java/lang/ArrayIndexOutOfBoundsException'{0x00000000f7944688}: Index 1532 out of bounds for length 1532> (0x00000000f7944688) 
thrown [src/hotspot/share/interpreter/interpreterRuntime.cpp, line 428]
Event: 141.741 Thread 0x00007a7ac8048c00 Exception <a 'java/lang/OutOfMemoryError'{0x00000000e00d1ec8}> (0x00000000e00d1ec8) 
thrown [src/hotspot/share/gc/shared/memAllocator.cpp, line 136]
Event: 141.746 Thread 0x00007a7ac8048c00 Exception <a 'java/lang/ClassNotFoundException'{0x00000000f7869960}: sun/util/logging/resources/spi/loggingProvider> (0x00000000f7869960) 
thrown [src/hotspot/share/classfile/systemDictionary.cpp, line 256]
Event: 178.454 Thread 0x00007a7ac805b130 Exception <a 'java/lang/ArrayIndexOutOfBoundsException'{0x00000000f7910b88}: Index 551 out of bounds for length 551> (0x00000000f7910b88) 
thrown [src/hotspot/share/interpreter/interpreterRuntime.cpp, line 428]
Event: 184.679 Thread 0x00007a7ac805b130 Exception <a 'java/lang/ArrayIndexOutOfBoundsException'{0x00000000f7904740}: Index 551 out of bounds for length 551> (0x00000000f7904740) 
thrown [src/hotspot/share/interpreter/interpreterRuntime.cpp, line 428]
Event: 1645.440 Thread 0x00007a7b540b19c0 Exception <a 'java/lang/OutOfMemoryError'{0x00000000e00d1ec8}> (0x00000000e00d1ec8) 
thrown [src/hotspot/share/gc/shared/memAllocator.cpp, line 136]

VM Operations (20 events):
Event: 1625.478 Executing VM operation: ParallelGCFailedAllocation
Event: 1627.455 Executing VM operation: ParallelGCFailedAllocation done
Event: 1627.456 Executing VM operation: ParallelGCFailedAllocation
Event: 1629.159 Executing VM operation: ParallelGCFailedAllocation done
Event: 1629.159 Executing VM operation: ParallelGCFailedAllocation
Event: 1630.977 Executing VM operation: ParallelGCFailedAllocation done
Event: 1630.977 Executing VM operation: ParallelGCFailedAllocation
Event: 1632.826 Executing VM operation: ParallelGCFailedAllocation done
Event: 1632.826 Executing VM operation: ParallelGCFailedAllocation
Event: 1634.567 Executing VM operation: ParallelGCFailedAllocation done
Event: 1634.567 Executing VM operation: ParallelGCFailedAllocation
Event: 1636.436 Executing VM operation: ParallelGCFailedAllocation done
Event: 1636.436 Executing VM operation: ParallelGCFailedAllocation
Event: 1638.221 Executing VM operation: ParallelGCFailedAllocation done
Event: 1638.221 Executing VM operation: ParallelGCFailedAllocation
Event: 1639.958 Executing VM operation: ParallelGCFailedAllocation done
Event: 1639.959 Executing VM operation: ParallelGCFailedAllocation
Event: 1641.772 Executing VM operation: ParallelGCFailedAllocation done
Event: 1641.772 Executing VM operation: ParallelGCFailedAllocation
Event: 1645.440 Executing VM operation: ParallelGCFailedAllocation done

Events (20 events):
Event: 184.741 Thread 0x00007a7ac805b130 Thread added: 0x00007a7ac805b130
Event: 184.743 Protecting memory [0x00007a7b02900000,0x00007a7b02904000] with protection modes 0
Event: 186.760 Thread 0x00007a7ac8048570 Thread exited: 0x00007a7ac8048570
Event: 220.074 Thread 0x00007a7ac8048570 Thread added: 0x00007a7ac8048570
Event: 220.120 Protecting memory [0x00007a7b02c00000,0x00007a7b02c04000] with protection modes 0
Event: 220.121 Thread 0x00007a7ac805cff0 Thread added: 0x00007a7ac805cff0
Event: 220.122 Thread 0x00007a7ac8059a60 Thread exited: 0x00007a7ac8059a60
Event: 220.122 Protecting memory [0x00007a7b38000000,0x00007a7b38004000] with protection modes 0
Event: 233.635 Thread 0x00007a7ac8048570 Thread exited: 0x00007a7ac8048570
Event: 235.752 Thread 0x00007a7ac8048570 Thread added: 0x00007a7ac8048570
Event: 235.752 Protecting memory [0x00007a7b02c00000,0x00007a7b02c04000] with protection modes 0
Event: 248.355 Thread 0x00007a7ac8048570 Thread exited: 0x00007a7ac8048570
Event: 252.337 Thread 0x00007a7ac8048570 Thread added: 0x00007a7ac8048570
Event: 252.337 Protecting memory [0x00007a7b02c00000,0x00007a7b02c04000] with protection modes 0
Event: 296.937 Thread 0x00007a7ac8059a60 Thread added: 0x00007a7ac8059a60
Event: 296.937 Protecting memory [0x00007a7b02300000,0x00007a7b02304000] with protection modes 0
Event: 326.221 Thread 0x00007a7abc0300a0 Thread added: 0x00007a7abc0300a0
Event: 326.221 Protecting memory [0x00007a7b03f00000,0x00007a7b03f04000] with protection modes 0
Event: 528.540 Thread 0x00007a7b540b3f30 flushing nmethod 0x00007a7b3c9be390
Event: 871.834 Thread 0x00007a7ac8059a60 Thread exited: 0x00007a7ac8059a60


Dynamic libraries:
e0000000-f0700000 rw-p 00000000 00:00 0 
f0700000-f9480000 rw-p 00000000 00:00 0 
f9480000-100000000 ---p 00000000 00:00 0 
800000000-800449000 rw-p 00001000 08:30 707969865                        /nix/store/gpxl5qgg8kicmcvivwmybwjlpf7wh20l-graalvm17-ce-22.3.0/lib/server/classes.jsa
800449000-800bc8000 r--p 0044a000 08:30 707969865                        /nix/store/gpxl5qgg8kicmcvivwmybwjlpf7wh20l-graalvm17-ce-22.3.0/lib/server/classes.jsa
800bc8000-800c00000 ---p 00000000 00:00 0 
800c00000-800c10000 rw-p 00000000 00:00 0 
800c10000-800c30000 rw-p 00000000 00:00 0 
800c30000-800cb0000 rw-p 00000000 00:00 0 
800cb0000-800cf0000 rw-p 00000000 00:00 0 
800cf0000-800db0000 rw-p 00000000 00:00 0 
800db0000-800df0000 rw-p 00000000 00:00 0 
800df0000-8010f0000 rw-p 00000000 00:00 0 
8010f0000-801100000 ---p 00000000 00:00 0 
801100000-8011a0000 rw-p 00000000 00:00 0 
8011a0000-840c00000 ---p 00000000 00:00 0 
6146e1b06000-6146e1b07000 r-xp 00000000 08:30 672029940                  /nix/store/gpxl5qgg8kicmcvivwmybwjlpf7wh20l-graalvm17-ce-22.3.0/bin/.java-wrapped
6146e1b08000-6146e1b09000 r--p 00001000 08:30 672029940                  /nix/store/gpxl5qgg8kicmcvivwmybwjlpf7wh20l-graalvm17-ce-22.3.0/bin/.java-wrapped
6146e1b09000-6146e1b0a000 rw-p 00002000 08:30 672029940                  /nix/store/gpxl5qgg8kicmcvivwmybwjlpf7wh20l-graalvm17-ce-22.3.0/bin/.java-wrapped
6146e1b0a000-6146e1b0b000 rw-p 00004000 08:30 672029940                  /nix/store/gpxl5qgg8kicmcvivwmybwjlpf7wh20l-graalvm17-ce-22.3.0/bin/.java-wrapped
6146e1b0b000-6146e1b0c000 rw-p 00005000 08:30 672029940                  /nix/store/gpxl5qgg8kicmcvivwmybwjlpf7wh20l-graalvm17-ce-22.3.0/bin/.java-wrapped
6146e1e88000-6146e1ed0000 rw-p 00000000 00:00 0                          [heap]
7a7a9c000000-7a7a9c040000 rw-p 00000000 00:00 0 
7a7a9c040000-7a7aa0000000 ---p 00000000 00:00 0 
7a7aa4000000-7a7aa4099000 rw-p 00000000 00:00 0 
7a7aa4099000-7a7aa8000000 ---p 00000000 00:00 0 
7a7aa8000000-7a7aa8177000 rw-p 00000000 00:00 0 
7a7aa8177000-7a7aac000000 ---p 00000000 00:00 0 
7a7aac000000-7a7aac03b000 rw-p 00000000 00:00 0 
7a7aac03b000-7a7ab0000000 ---p 00000000 00:00 0 
7a7ab1000000-7a7ab10a0000 rw-p 00000000 00:00 0 
7a7ab10a0000-7a7ab1100000 ---p 00000000 00:00 0 
7a7ab1100000-7a7ab1110000 rw-p 00000000 00:00 0 
7a7ab1110000-7a7ab1800000 ---p 00000000 00:00 0 
7a7ab1c00000-7a7ab21b0000 rw-p 00000000 00:00 0 
7a7ab21b0000-7a7ab21f0000 rw-p 00000000 00:00 0 
7a7ab21f0000-7a7ab2400000 rw-p 00000000 00:00 0 
7a7ab24b3000-7a7abc000000 r--s 00000000 08:30 707804677                  /nix/store/gpxl5qgg8kicmcvivwmybwjlpf7wh20l-graalvm17-ce-22.3.0/lib/modules
7a7abc000000-7a7abc0f1000 rw-p 00000000 00:00 0 
7a7abc0f1000-7a7ac0000000 ---p 00000000 00:00 0 
7a7ac0000000-7a7ac0040000 rw-p 00000000 00:00 0 
7a7ac0040000-7a7ac4000000 ---p 00000000 00:00 0 
7a7ac4000000-7a7ac4070000 rw-p 00000000 00:00 0 
7a7ac4070000-7a7ac8000000 ---p 00000000 00:00 0 
7a7ac8000000-7a7ac8171000 rw-p 00000000 00:00 0 
7a7ac8171000-7a7acc000000 ---p 00000000 00:00 0 
7a7acc000000-7a7acc021000 rw-p 00000000 00:00 0 
7a7acc021000-7a7ad0000000 ---p 00000000 00:00 0 
7a7ad0000000-7a7ad0021000 rw-p 00000000 00:00 0 
7a7ad0021000-7a7ad4000000 ---p 00000000 00:00 0 
7a7ad4000000-7a7ad4333000 rw-p 00000000 00:00 0 
7a7ad4333000-7a7ad8000000 ---p 00000000 00:00 0 
7a7ad8000000-7a7ad8078000 rw-p 00000000 00:00 0 
7a7ad8078000-7a7adc000000 ---p 00000000 00:00 0 
7a7adc000000-7a7adc021000 rw-p 00000000 00:00 0 
7a7adc021000-7a7ae0000000 ---p 00000000 00:00 0 
7a7ae0000000-7a7ae004b000 rw-p 00000000 00:00 0 
7a7ae004b000-7a7ae4000000 ---p 00000000 00:00 0 
7a7ae4000000-7a7ae4021000 rw-p 00000000 00:00 0 
7a7ae4021000-7a7ae8000000 ---p 00000000 00:00 0 
7a7ae8000000-7a7ae845b000 rw-p 00000000 00:00 0 
7a7ae845b000-7a7aec000000 ---p 00000000 00:00 0 
7a7aec000000-7a7aec021000 rw-p 00000000 00:00 0 
7a7aec021000-7a7af0000000 ---p 00000000 00:00 0 
7a7af0000000-7a7af08fa000 rw-p 00000000 00:00 0 
7a7af08fa000-7a7af4000000 ---p 00000000 00:00 0 
7a7af4000000-7a7af4021000 rw-p 00000000 00:00 0 
7a7af4021000-7a7af8000000 ---p 00000000 00:00 0 
7a7af8000000-7a7af8077000 rw-p 00000000 00:00 0 
7a7af8077000-7a7afc000000 ---p 00000000 00:00 0 
7a7afc800000-7a7afc8f0000 rw-p 00000000 00:00 0 
7a7afc8f0000-7a7afc9f0000 rw-p 00000000 00:00 0 
7a7afc9f0000-7a7afcf30000 rw-p 00000000 00:00 0 
7a7afcf30000-7a7afcff0000 rw-p 00000000 00:00 0 
7a7afcff0000-7a7afd7f0000 rw-p 00000000 00:00 0 
7a7afd7f0000-7a7afd800000 rw-p 00000000 00:00 0 
7a7afe400000-7a7afe570000 rw-p 00000000 00:00 0 
7a7afe570000-7a7afe5f0000 rw-p 00000000 00:00 0 
7a7afe5f0000-7a7afeaf0000 rw-p 00000000 00:00 0 
7a7afeaf0000-7a7afebf0000 rw-p 00000000 00:00 0 
7a7afebf0000-7a7afecf0000 rw-p 00000000 00:00 0 
7a7afecf0000-7a7afedf0000 rw-p 00000000 00:00 0 
7a7afedf0000-7a7aff2f0000 rw-p 00000000 00:00 0 
7a7aff2f0000-7a7aff400000 rw-p 00000000 00:00 0 
7a7aff800000-7a7aff810000 r-xp 00000000 00:1864 310                      /home/runner/Listadeanimes/.cache/jdt-language-server/config/org.eclipse.equinox.launcher/org.eclipse.equinox.launcher.gtk.linux.x86_64_1.2.400.v20211117-0650/eclipse_11600.so
7a7aff810000-7a7affa0f000 ---p 00010000 00:1864 310                      /home/runner/Listadeanimes/.cache/jdt-language-server/config/org.eclipse.equinox.launcher/org.eclipse.equinox.launcher.gtk.linux.x86_64_1.2.400.v20211117-0650/eclipse_11600.so
7a7affa0f000-7a7affa10000 r--p 0000f000 00:1864 310                      /home/runner/Listadeanimes/.cache/jdt-language-server/config/org.eclipse.equinox.launcher/org.eclipse.equinox.launcher.gtk.linux.x86_64_1.2.400.v20211117-0650/eclipse_11600.so
7a7affa10000-7a7affa11000 rw-p 00010000 00:1864 310                      /home/runner/Listadeanimes/.cache/jdt-language-server/config/org.eclipse.equinox.launcher/org.eclipse.equinox.launcher.gtk.linux.x86_64_1.2.400.v20211117-0650/eclipse_11600.so
7a7b00300000-7a7b00400000 ---p 00000000 00:00 0 
7a7b00400000-7a7b009af000 r--p 01122000 08:30 707802136                  /nix/store/gpxl5qgg8kicmcvivwmybwjlpf7wh20l-graalvm17-ce-22.3.0/lib/libjvmcicompiler.so
7a7b009af000-7a7b00b00000 r--p 00000000 00:00 0 
7a7b00b00000-7a7b00b3d000 rw-p 00000000 00:00 0 
7a7b00b3d000-7a7b0105d000 rw-p 0185f000 08:30 707802136                  /nix/store/gpxl5qgg8kicmcvivwmybwjlpf7wh20l-graalvm17-ce-22.3.0/lib/libjvmcicompiler.so
7a7b0105d000-7a7b01444000 r--p 01d7f000 08:30 707802136                  /nix/store/gpxl5qgg8kicmcvivwmybwjlpf7wh20l-graalvm17-ce-22.3.0/lib/libjvmcicompiler.so
7a7b01500000-7a7b01504000 ---p 00000000 00:00 0 
7a7b01504000-7a7b01600000 rw-p 00000000 00:00 0 
7a7b01700000-7a7b01704000 ---p 00000000 00:00 0 
7a7b01704000-7a7b01800000 rw-p 00000000 00:00 0 
7a7b01900000-7a7b01904000 ---p 00000000 00:00 0 
7a7b01904000-7a7b01a00000 rw-p 00000000 00:00 0 
7a7b01b00000-7a7b01b04000 ---p 00000000 00:00 0 
7a7b01b04000-7a7b01c00000 rw-p 00000000 00:00 0 
7a7b01d00000-7a7b01d04000 ---p 00000000 00:00 0 
7a7b01d04000-7a7b01e00000 rw-p 00000000 00:00 0 
7a7b01f00000-7a7b01f04000 ---p 00000000 00:00 0 
7a7b01f04000-7a7b02000000 rw-p 00000000 00:00 0 
7a7b02100000-7a7b02104000 ---p 00000000 00:00 0 
7a7b02104000-7a7b02200000 rw-p 00000000 00:00 0 
7a7b02300000-7a7b02304000 ---p 00000000 00:00 0 
7a7b02304000-7a7b02400000 rw-p 00000000 00:00 0 
7a7b02500000-7a7b02504000 ---p 00000000 00:00 0 
7a7b02504000-7a7b02600000 rw-p 00000000 00:00 0 
7a7b02700000-7a7b02704000 ---p 00000000 00:00 0 
7a7b02704000-7a7b02800000 rw-p 00000000 00:00 0 
7a7b02800000-7a7b02804000 ---p 00000000 00:00 0 
7a7b02804000-7a7b02900000 rw-p 00000000 00:00 0 
7a7b02900000-7a7b02904000 ---p 00000000 00:00 0 
7a7b02904000-7a7b02a00000 rw-p 00000000 00:00 0 
7a7b02b00000-7a7b02b04000 ---p 00000000 00:00 0 
7a7b02b04000-7a7b02c00000 rw-p 00000000 00:00 0 
7a7b02c00000-7a7b02c04000 ---p 00000000 00:00 0 
7a7b02c04000-7a7b02d00000 rw-p 00000000 00:00 0 
7a7b02d00000-7a7b02d04000 ---p 00000000 00:00 0 
7a7b02d04000-7a7b02e00000 rw-p 00000000 00:00 0 
7a7b03868000-7a7b03d00000 rw-p 00000000 00:00 0 
7a7b03e00000-7a7b03e04000 ---p 00000000 00:00 0 
7a7b03e04000-7a7b03f00000 rw-p 00000000 00:00 0 
7a7b03f00000-7a7b03f04000 ---p 00000000 00:00 0 
7a7b03f04000-7a7b04000000 rw-p 00000000 00:00 0 
7a7b04000000-7a7b04021000 rw-p 00000000 00:00 0 
7a7b04021000-7a7b08000000 ---p 00000000 00:00 0 
7a7b08000000-7a7b08021000 rw-p 00000000 00:00 0 
7a7b08021000-7a7b0c000000 ---p 00000000 00:00 0 
7a7b0c000000-7a7b0c021000 rw-p 00000000 00:00 0 
7a7b0c021000-7a7b10000000 ---p 00000000 00:00 0 
7a7b10000000-7a7b10021000 rw-p 00000000 00:00 0 
7a7b10021000-7a7b14000000 ---p 00000000 00:00 0 
7a7b14000000-7a7b140c7000 rw-p 00000000 00:00 0 
7a7b140c7000-7a7b18000000 ---p 00000000 00:00 0 
7a7b18000000-7a7b18a07000 rw-p 00000000 00:00 0 
7a7b18a07000-7a7b1c000000 ---p 00000000 00:00 0 
7a7b1c000000-7a7b1c021000 rw-p 00000000 00:00 0 
7a7b1c021000-7a7b20000000 ---p 00000000 00:00 0 
7a7b20000000-7a7b20021000 rw-p 00000000 00:00 0 
7a7b20021000-7a7b24000000 ---p 00000000 00:00 0 
7a7b24000000-7a7b24021000 rw-p 00000000 00:00 0 
7a7b24021000-7a7b28000000 ---p 00000000 00:00 0 
7a7b28000000-7a7b28021000 rw-p 00000000 00:00 0 
7a7b28021000-7a7b2c000000 ---p 00000000 00:00 0 
7a7b2c000000-7a7b2c021000 rw-p 00000000 00:00 0 
7a7b2c021000-7a7b30000000 ---p 00000000 00:00 0 
7a7b30000000-7a7b30021000 rw-p 00000000 00:00 0 
7a7b30021000-7a7b34000000 ---p 00000000 00:00 0 
7a7b34000000-7a7b34084000 rw-p 00000000 00:00 0 
7a7b34084000-7a7b38000000 ---p 00000000 00:00 0 
7a7b38000000-7a7b38004000 ---p 00000000 00:00 0 
7a7b38004000-7a7b38100000 rw-p 00000000 00:00 0 
7a7b38100000-7a7b38104000 ---p 00000000 00:00 0 
7a7b38104000-7a7b38200000 rw-p 00000000 00:00 0 
7a7b38200000-7a7b3a36a000 r-xp 00000000 08:30 707802136                  /nix/store/gpxl5qgg8kicmcvivwmybwjlpf7wh20l-graalvm17-ce-22.3.0/lib/libjvmcicompiler.so
7a7b3a36a000-7a7b3a569000 ---p 0216a000 08:30 707802136                  /nix/store/gpxl5qgg8kicmcvivwmybwjlpf7wh20l-graalvm17-ce-22.3.0/lib/libjvmcicompiler.so
7a7b3a569000-7a7b3a56a000 r--p 02169000 08:30 707802136                  /nix/store/gpxl5qgg8kicmcvivwmybwjlpf7wh20l-graalvm17-ce-22.3.0/lib/libjvmcicompiler.so
7a7b3a56a000-7a7b3a56c000 rw-p 0216a000 08:30 707802136                  /nix/store/gpxl5qgg8kicmcvivwmybwjlpf7wh20l-graalvm17-ce-22.3.0/lib/libjvmcicompiler.so
7a7b3a56c000-7a7b3a56d000 rw-p 00000000 00:00 0 
7a7b3a56d000-7a7b3a572000 rw-p 023c3000 08:30 707802136                  /nix/store/gpxl5qgg8kicmcvivwmybwjlpf7wh20l-graalvm17-ce-22.3.0/lib/libjvmcicompiler.so
7a7b3a5cb000-7a7b3a5cf000 ---p 00000000 00:00 0 
7a7b3a5cf000-7a7b3a6cb000 rw-p 00000000 00:00 0 
7a7b3a6cb000-7a7b3a6cc000 ---p 00000000 00:00 0 
7a7b3a6cc000-7a7b3a7cd000 rw-p 00000000 00:00 0 
7a7b3a7cd000-7a7b3a7d1000 ---p 00000000 00:00 0 
7a7b3a7d1000-7a7b3a8cd000 rw-p 00000000 00:00 0 
7a7b3a8cd000-7a7b3a8d1000 ---p 00000000 00:00 0 
7a7b3a8d1000-7a7b3a9cd000 rw-p 00000000 00:00 0 
7a7b3a9cd000-7a7b3a9d1000 ---p 00000000 00:00 0 
7a7b3a9d1000-7a7b3aacd000 rw-p 00000000 00:00 0 
7a7b3aacd000-7a7b3aad1000 ---p 00000000 00:00 0 
7a7b3aad1000-7a7b3accd000 rw-p 00000000 00:00 0 
7a7b3accd000-7a7b3acd1000 ---p 00000000 00:00 0 
7a7b3acd1000-7a7b3aecd000 rw-p 00000000 00:00 0 
7a7b3aecd000-7a7b3aed1000 ---p 00000000 00:00 0 
7a7b3aed1000-7a7b3afcd000 rw-p 00000000 00:00 0 
7a7b3afcd000-7a7b3afd1000 ---p 00000000 00:00 0 
7a7b3afd1000-7a7b3b0cd000 rw-p 00000000 00:00 0 
7a7b3b0cd000-7a7b3b0d1000 ---p 00000000 00:00 0 
7a7b3b0d1000-7a7b3b1cd000 rw-p 00000000 00:00 0 
7a7b3b1cd000-7a7b3b4b3000 r--p 00000000 fc:00 28444448                   /usr/lib/locale/locale-archive
7a7b3b4b3000-7a7b3b723000 rwxp 00000000 00:00 0 
7a7b3b723000-7a7b3ba42000 ---p 00000000 00:00 0 
7a7b3ba42000-7a7b3c9c2000 rwxp 00000000 00:00 0 
7a7b3c9c2000-7a7b42f7a000 ---p 00000000 00:00 0 
7a7b42f7a000-7a7b431ea000 rwxp 00000000 00:00 0 
7a7b431ea000-7a7b4a4b3000 ---p 00000000 00:00 0 
7a7b4a4b3000-7a7b54000000 r--s 00000000 08:30 707804677                  /nix/store/gpxl5qgg8kicmcvivwmybwjlpf7wh20l-graalvm17-ce-22.3.0/lib/modules
7a7b54000000-7a7b543fe000 rw-p 00000000 00:00 0 
7a7b543fe000-7a7b58000000 ---p 00000000 00:00 0 
7a7b5802e000-7a7b58032000 ---p 00000000 00:00 0 
7a7b58032000-7a7b5812e000 rw-p 00000000 00:00 0 
7a7b5812e000-7a7b58132000 ---p 00000000 00:00 0 
7a7b58132000-7a7b5822e000 rw-p 00000000 00:00 0 
7a7b5822e000-7a7b5822f000 ---p 00000000 00:00 0 
7a7b5822f000-7a7b58330000 rw-p 00000000 00:00 0 
7a7b58330000-7a7b583fe000 r-xp 00000000 08:30 707802132                  /nix/store/gpxl5qgg8kicmcvivwmybwjlpf7wh20l-graalvm17-ce-22.3.0/lib/libjsvml.so
7a7b583fe000-7a7b583ff000 r--p 000cd000 08:30 707802132                  /nix/store/gpxl5qgg8kicmcvivwmybwjlpf7wh20l-graalvm17-ce-22.3.0/lib/libjsvml.so
7a7b583ff000-7a7b58400000 rw-p 000ce000 08:30 707802132                  /nix/store/gpxl5qgg8kicmcvivwmybwjlpf7wh20l-graalvm17-ce-22.3.0/lib/libjsvml.so
7a7b58400000-7a7b587f0000 rw-p 00000000 00:00 0 
7a7b587f0000-7a7b58af0000 rw-p 00000000 00:00 0 
7a7b58af0000-7a7b58c00000 rw-p 00000000 00:00 0 
7a7b58c50000-7a7b58c54000 ---p 00000000 00:00 0 
7a7b58c54000-7a7b58c72000 rw-p 00000000 00:00 0 
7a7b58c72000-7a7b58c79000 r-xp 00000000 08:30 707804676                  /nix/store/gpxl5qgg8kicmcvivwmybwjlpf7wh20l-graalvm17-ce-22.3.0/lib/libzip.so
7a7b58c79000-7a7b58c7a000 ---p 00007000 08:30 707804676                  /nix/store/gpxl5qgg8kicmcvivwmybwjlpf7wh20l-graalvm17-ce-22.3.0/lib/libzip.so
7a7b58c7a000-7a7b58c7b000 r--p 00007000 08:30 707804676                  /nix/store/gpxl5qgg8kicmcvivwmybwjlpf7wh20l-graalvm17-ce-22.3.0/lib/libzip.so
7a7b58c7b000-7a7b58c7c000 rw-p 00008000 08:30 707804676                  /nix/store/gpxl5qgg8kicmcvivwmybwjlpf7wh20l-graalvm17-ce-22.3.0/lib/libzip.so
7a7b58c7c000-7a7b58c7e000 rw-p 0000b000 08:30 707804676                  /nix/store/gpxl5qgg8kicmcvivwmybwjlpf7wh20l-graalvm17-ce-22.3.0/lib/libzip.so
7a7b58c7e000-7a7b58c93000 r-xp 00000000 08:30 707804666                  /nix/store/gpxl5qgg8kicmcvivwmybwjlpf7wh20l-graalvm17-ce-22.3.0/lib/libnet.so
7a7b58c93000-7a7b58c94000 ---p 00015000 08:30 707804666                  /nix/store/gpxl5qgg8kicmcvivwmybwjlpf7wh20l-graalvm17-ce-22.3.0/lib/libnet.so
7a7b58c94000-7a7b58c95000 r--p 00015000 08:30 707804666                  /nix/store/gpxl5qgg8kicmcvivwmybwjlpf7wh20l-graalvm17-ce-22.3.0/lib/libnet.so
7a7b58c95000-7a7b58c96000 rw-p 00016000 08:30 707804666                  /nix/store/gpxl5qgg8kicmcvivwmybwjlpf7wh20l-graalvm17-ce-22.3.0/lib/libnet.so
7a7b58c96000-7a7b58c99000 rw-p 0001b000 08:30 707804666                  /nix/store/gpxl5qgg8kicmcvivwmybwjlpf7wh20l-graalvm17-ce-22.3.0/lib/libnet.so
7a7b58c99000-7a7b58cac000 r-xp 00000000 08:30 707804667                  /nix/store/gpxl5qgg8kicmcvivwmybwjlpf7wh20l-graalvm17-ce-22.3.0/lib/libnio.so
7a7b58cac000-7a7b58cad000 r--p 00012000 08:30 707804667                  /nix/store/gpxl5qgg8kicmcvivwmybwjlpf7wh20l-graalvm17-ce-22.3.0/lib/libnio.so
7a7b58cad000-7a7b58cae000 rw-p 00013000 08:30 707804667                  /nix/store/gpxl5qgg8kicmcvivwmybwjlpf7wh20l-graalvm17-ce-22.3.0/lib/libnio.so
7a7b58cae000-7a7b58cb3000 rw-p 00019000 08:30 707804667                  /nix/store/gpxl5qgg8kicmcvivwmybwjlpf7wh20l-graalvm17-ce-22.3.0/lib/libnio.so
7a7b58cb3000-7a7b5a58b000 rw-p 00000000 00:00 0 
7a7b5a58b000-7a7b5a58c000 ---p 00000000 00:00 0 
7a7b5a58c000-7a7b5a711000 rw-p 00000000 00:00 0 
7a7b5a711000-7a7b5a758000 rw-p 00000000 00:00 0 
7a7b5a758000-7a7b5a78d000 ---p 00000000 00:00 0 
7a7b5a78d000-7a7b5a793000 rw-p 00000000 00:00 0 
7a7b5a793000-7a7b5a879000 ---p 00000000 00:00 0 
7a7b5a879000-7a7b5a898000 rw-p 00000000 00:00 0 
7a7b5a898000-7a7b5a964000 ---p 00000000 00:00 0 
7a7b5a964000-7a7b5a969000 rw-p 00000000 00:00 0 
7a7b5a969000-7a7b5a970000 ---p 00000000 00:00 0 
7a7b5a970000-7a7b5a994000 r-xp 00000000 08:30 707802124                  /nix/store/gpxl5qgg8kicmcvivwmybwjlpf7wh20l-graalvm17-ce-22.3.0/lib/libjava.so
7a7b5a994000-7a7b5a995000 ---p 00024000 08:30 707802124                  /nix/store/gpxl5qgg8kicmcvivwmybwjlpf7wh20l-graalvm17-ce-22.3.0/lib/libjava.so
7a7b5a995000-7a7b5a996000 r--p 00024000 08:30 707802124                  /nix/store/gpxl5qgg8kicmcvivwmybwjlpf7wh20l-graalvm17-ce-22.3.0/lib/libjava.so
7a7b5a996000-7a7b5a997000 rw-p 00025000 08:30 707802124                  /nix/store/gpxl5qgg8kicmcvivwmybwjlpf7wh20l-graalvm17-ce-22.3.0/lib/libjava.so
7a7b5a997000-7a7b5a998000 rw-p 00000000 00:00 0 
7a7b5a998000-7a7b5a99f000 rw-p 0002f000 08:30 707802124                  /nix/store/gpxl5qgg8kicmcvivwmybwjlpf7wh20l-graalvm17-ce-22.3.0/lib/libjava.so
7a7b5a99f000-7a7b5a9a7000 rw-s 00000000 00:c6b 375                       /tmp/hsperfdata_runner/38
7a7b5a9a7000-7a7b5a9a8000 ---p 00000000 00:00 0 
7a7b5a9a8000-7a7b5a9a9000 r--p 00000000 00:00 0 
7a7b5a9a9000-7a7b5a9aa000 rwxp 00000000 00:00 0 
7a7b5a9aa000-7a7b5a9c5000 r-xp 00000000 08:30 707802128                  /nix/store/gpxl5qgg8kicmcvivwmybwjlpf7wh20l-graalvm17-ce-22.3.0/lib/libjimage.so
7a7b5a9c5000-7a7b5a9c6000 ---p 0001b000 08:30 707802128                  /nix/store/gpxl5qgg8kicmcvivwmybwjlpf7wh20l-graalvm17-ce-22.3.0/lib/libjimage.so
7a7b5a9c6000-7a7b5a9c8000 r--p 0001b000 08:30 707802128                  /nix/store/gpxl5qgg8kicmcvivwmybwjlpf7wh20l-graalvm17-ce-22.3.0/lib/libjimage.so
7a7b5a9c8000-7a7b5a9c9000 rw-p 0001d000 08:30 707802128                  /nix/store/gpxl5qgg8kicmcvivwmybwjlpf7wh20l-graalvm17-ce-22.3.0/lib/libjimage.so
7a7b5a9c9000-7a7b5a9ca000 rw-p 00024000 08:30 707802128                  /nix/store/gpxl5qgg8kicmcvivwmybwjlpf7wh20l-graalvm17-ce-22.3.0/lib/libjimage.so
7a7b5a9ca000-7a7b5a9ce000 ---p 00000000 00:00 0 
7a7b5a9ce000-7a7b5aaca000 rw-p 00000000 00:00 0 
7a7b5aaca000-7a7b5aad8000 r--p 00000000 08:30 600592023                  /nix/store/4nlgxhb09sdr51nc9hdm8az5b08vzkgx-glibc-2.35-163/lib/libm.so.6
7a7b5aad8000-7a7b5ab4b000 r-xp 0000e000 08:30 600592023                  /nix/store/4nlgxhb09sdr51nc9hdm8az5b08vzkgx-glibc-2.35-163/lib/libm.so.6
7a7b5ab4b000-7a7b5aba8000 r--p 00081000 08:30 600592023                  /nix/store/4nlgxhb09sdr51nc9hdm8az5b08vzkgx-glibc-2.35-163/lib/libm.so.6
7a7b5aba8000-7a7b5aba9000 r--p 000dd000 08:30 600592023                  /nix/store/4nlgxhb09sdr51nc9hdm8az5b08vzkgx-glibc-2.35-163/lib/libm.so.6
7a7b5aba9000-7a7b5abaa000 rw-p 000de000 08:30 600592023                  /nix/store/4nlgxhb09sdr51nc9hdm8az5b08vzkgx-glibc-2.35-163/lib/libm.so.6
7a7b5abaa000-7a7b5abab000 r--p 00000000 08:30 600592042                  /nix/store/4nlgxhb09sdr51nc9hdm8az5b08vzkgx-glibc-2.35-163/lib/librt.so.1
7a7b5abab000-7a7b5abac000 r-xp 00001000 08:30 600592042                  /nix/store/4nlgxhb09sdr51nc9hdm8az5b08vzkgx-glibc-2.35-163/lib/librt.so.1
7a7b5abac000-7a7b5abad000 r--p 00002000 08:30 600592042                  /nix/store/4nlgxhb09sdr51nc9hdm8az5b08vzkgx-glibc-2.35-163/lib/librt.so.1
7a7b5abad000-7a7b5abae000 r--p 00002000 08:30 600592042                  /nix/store/4nlgxhb09sdr51nc9hdm8az5b08vzkgx-glibc-2.35-163/lib/librt.so.1
7a7b5abae000-7a7b5abaf000 rw-p 00003000 08:30 600592042                  /nix/store/4nlgxhb09sdr51nc9hdm8az5b08vzkgx-glibc-2.35-163/lib/librt.so.1
7a7b5abaf000-7a7b5bcc2000 r-xp 00000000 08:30 707972962                  /nix/store/gpxl5qgg8kicmcvivwmybwjlpf7wh20l-graalvm17-ce-22.3.0/lib/server/libjvm.so
7a7b5bcc2000-7a7b5bcc3000 ---p 01113000 08:30 707972962                  /nix/store/gpxl5qgg8kicmcvivwmybwjlpf7wh20l-graalvm17-ce-22.3.0/lib/server/libjvm.so
7a7b5bcc3000-7a7b5bd78000 r--p 01113000 08:30 707972962                  /nix/store/gpxl5qgg8kicmcvivwmybwjlpf7wh20l-graalvm17-ce-22.3.0/lib/server/libjvm.so
7a7b5bd78000-7a7b5bdac000 rw-p 011c8000 08:30 707972962                  /nix/store/gpxl5qgg8kicmcvivwmybwjlpf7wh20l-graalvm17-ce-22.3.0/lib/server/libjvm.so
7a7b5bdac000-7a7b5be08000 rw-p 00000000 00:00 0 
7a7b5be08000-7a7b5be30000 r--p 00000000 08:30 600592014                  /nix/store/4nlgxhb09sdr51nc9hdm8az5b08vzkgx-glibc-2.35-163/lib/libc.so.6
7a7b5be30000-7a7b5bfa6000 r-xp 00028000 08:30 600592014                  /nix/store/4nlgxhb09sdr51nc9hdm8az5b08vzkgx-glibc-2.35-163/lib/libc.so.6
7a7b5bfa6000-7a7b5bffe000 r--p 0019e000 08:30 600592014                  /nix/store/4nlgxhb09sdr51nc9hdm8az5b08vzkgx-glibc-2.35-163/lib/libc.so.6
7a7b5bffe000-7a7b5c002000 r--p 001f6000 08:30 600592014                  /nix/store/4nlgxhb09sdr51nc9hdm8az5b08vzkgx-glibc-2.35-163/lib/libc.so.6
7a7b5c002000-7a7b5c004000 rw-p 001fa000 08:30 600592014                  /nix/store/4nlgxhb09sdr51nc9hdm8az5b08vzkgx-glibc-2.35-163/lib/libc.so.6
7a7b5c004000-7a7b5c013000 rw-p 00000000 00:00 0 
7a7b5c013000-7a7b5c014000 r--p 00000000 08:30 600592019                  /nix/store/4nlgxhb09sdr51nc9hdm8az5b08vzkgx-glibc-2.35-163/lib/libdl.so.2
7a7b5c014000-7a7b5c015000 r-xp 00001000 08:30 600592019                  /nix/store/4nlgxhb09sdr51nc9hdm8az5b08vzkgx-glibc-2.35-163/lib/libdl.so.2
7a7b5c015000-7a7b5c016000 r--p 00002000 08:30 600592019                  /nix/store/4nlgxhb09sdr51nc9hdm8az5b08vzkgx-glibc-2.35-163/lib/libdl.so.2
7a7b5c016000-7a7b5c017000 r--p 00002000 08:30 600592019                  /nix/store/4nlgxhb09sdr51nc9hdm8az5b08vzkgx-glibc-2.35-163/lib/libdl.so.2
7a7b5c017000-7a7b5c018000 rw-p 00003000 08:30 600592019                  /nix/store/4nlgxhb09sdr51nc9hdm8az5b08vzkgx-glibc-2.35-163/lib/libdl.so.2
7a7b5c018000-7a7b5c019000 r--p 00000000 08:30 600592038                  /nix/store/4nlgxhb09sdr51nc9hdm8az5b08vzkgx-glibc-2.35-163/lib/libpthread.so.0
7a7b5c019000-7a7b5c01a000 r-xp 00001000 08:30 600592038                  /nix/store/4nlgxhb09sdr51nc9hdm8az5b08vzkgx-glibc-2.35-163/lib/libpthread.so.0
7a7b5c01a000-7a7b5c01b000 r--p 00002000 08:30 600592038                  /nix/store/4nlgxhb09sdr51nc9hdm8az5b08vzkgx-glibc-2.35-163/lib/libpthread.so.0
7a7b5c01b000-7a7b5c01c000 r--p 00002000 08:30 600592038                  /nix/store/4nlgxhb09sdr51nc9hdm8az5b08vzkgx-glibc-2.35-163/lib/libpthread.so.0
7a7b5c01c000-7a7b5c01d000 rw-p 00003000 08:30 600592038                  /nix/store/4nlgxhb09sdr51nc9hdm8az5b08vzkgx-glibc-2.35-163/lib/libpthread.so.0
7a7b5c01d000-7a7b5c02b000 r-xp 00000000 08:30 707802129                  /nix/store/gpxl5qgg8kicmcvivwmybwjlpf7wh20l-graalvm17-ce-22.3.0/lib/libjli.so
7a7b5c02b000-7a7b5c02c000 ---p 0000e000 08:30 707802129                  /nix/store/gpxl5qgg8kicmcvivwmybwjlpf7wh20l-graalvm17-ce-22.3.0/lib/libjli.so
7a7b5c02c000-7a7b5c02d000 r--p 0000e000 08:30 707802129                  /nix/store/gpxl5qgg8kicmcvivwmybwjlpf7wh20l-graalvm17-ce-22.3.0/lib/libjli.so
7a7b5c02d000-7a7b5c02e000 rw-p 0000f000 08:30 707802129                  /nix/store/gpxl5qgg8kicmcvivwmybwjlpf7wh20l-graalvm17-ce-22.3.0/lib/libjli.so
7a7b5c02e000-7a7b5c02f000 rw-p 00012000 08:30 707802129                  /nix/store/gpxl5qgg8kicmcvivwmybwjlpf7wh20l-graalvm17-ce-22.3.0/lib/libjli.so
7a7b5c02f000-7a7b5c032000 r--p 00000000 08:30 678822167                  /nix/store/026hln0aq1hyshaxsdvhg0kmcm6yf45r-zlib-1.2.13/lib/libz.so.1.2.13
7a7b5c032000-7a7b5c044000 r-xp 00003000 08:30 678822167                  /nix/store/026hln0aq1hyshaxsdvhg0kmcm6yf45r-zlib-1.2.13/lib/libz.so.1.2.13
7a7b5c044000-7a7b5c04b000 r--p 00015000 08:30 678822167                  /nix/store/026hln0aq1hyshaxsdvhg0kmcm6yf45r-zlib-1.2.13/lib/libz.so.1.2.13
7a7b5c04b000-7a7b5c04c000 r--p 0001b000 08:30 678822167                  /nix/store/026hln0aq1hyshaxsdvhg0kmcm6yf45r-zlib-1.2.13/lib/libz.so.1.2.13
7a7b5c04c000-7a7b5c04d000 rw-p 0001c000 08:30 678822167                  /nix/store/026hln0aq1hyshaxsdvhg0kmcm6yf45r-zlib-1.2.13/lib/libz.so.1.2.13
7a7b5c04d000-7a7b5c04f000 rw-p 00000000 00:00 0 
7a7b5c04f000-7a7b5c051000 r--p 00000000 08:30 600592008                  /nix/store/4nlgxhb09sdr51nc9hdm8az5b08vzkgx-glibc-2.35-163/lib/ld-linux-x86-64.so.2
7a7b5c051000-7a7b5c078000 r-xp 00002000 08:30 600592008                  /nix/store/4nlgxhb09sdr51nc9hdm8az5b08vzkgx-glibc-2.35-163/lib/ld-linux-x86-64.so.2
7a7b5c078000-7a7b5c084000 r--p 00029000 08:30 600592008                  /nix/store/4nlgxhb09sdr51nc9hdm8az5b08vzkgx-glibc-2.35-163/lib/ld-linux-x86-64.so.2
7a7b5c084000-7a7b5c086000 r--p 00034000 08:30 600592008                  /nix/store/4nlgxhb09sdr51nc9hdm8az5b08vzkgx-glibc-2.35-163/lib/ld-linux-x86-64.so.2
7a7b5c086000-7a7b5c088000 rw-p 00036000 08:30 600592008                  /nix/store/4nlgxhb09sdr51nc9hdm8az5b08vzkgx-glibc-2.35-163/lib/ld-linux-x86-64.so.2
7fffb8654000-7fffb8679000 rw-p 00000000 00:00 0                          [stack]
7fffb8791000-7fffb8795000 r--p 00000000 00:00 0                          [vvar]
7fffb8795000-7fffb8797000 r-xp 00000000 00:00 0                          [vdso]
ffffffffff600000-ffffffffff601000 --xp 00000000 00:00 0                  [vsyscall]


VM Arguments:
jvm_args: -XX:ThreadPriorityPolicy=1 -XX:+UnlockExperimentalVMOptions -XX:+EnableJVMCIProduct -XX:JVMCIThreadsPerNativeLibraryRuntime=1 -XX:-UnlockExperimentalVMOptions -Declipse.application=org.eclipse.jdt.ls.core.id1 -Dosgi.bundles.defaultStartLevel=4 -Declipse.product=org.eclipse.jdt.ls.core.product -Dlog.level=ALL -Xverify:none -XX:+UseParallelGC -XX:GCTimeRatio=4 -XX:AdaptiveSizePolicyWeight=90 -Dsun.zip.disableMemoryMapping=true -Xmx512m -Xms100m 
java_command: /nix/store/q9712qvwdh22a4krw4jz2sjrz07mvjbl-jdt-language-server-1.9.0/share/java/plugins/org.eclipse.equinox.launcher_1.6.400.v20210924-0641.jar --add-modules=ALL-SYSTEM --add-opens java.base/java.util=ALL-UNNAMED --add-opens java.base/java.lang=ALL-UNNAMED -configuration /home/runner/Listadeanimes/.cache/jdt-language-server/config -data /home/runner/.cache/jdt-language-server/data/home/runner/Listadeanimes
java_class_path (initial): /nix/store/q9712qvwdh22a4krw4jz2sjrz07mvjbl-jdt-language-server-1.9.0/share/java/plugins/org.eclipse.equinox.launcher_1.6.400.v20210924-0641.jar
Launcher Type: SUN_STANDARD

[Global flags]
    uintx AdaptiveSizePolicyWeight                 = 90                                        {product} {command line}
     intx CICompilerCount                          = 2                                         {product} {ergonomic}
     bool EnableJVMCIProduct                       = true                                {JVMCI product} {jimage}
    uintx GCTimeRatio                              = 4                                         {product} {command line}
   size_t InitialHeapSize                          = 104857600                                 {product} {command line}
     uint JVMCIThreadsPerNativeLibraryRuntime      = 1                                   {JVMCI product} {jimage}
   size_t MaxHeapSize                              = 536870912                                 {product} {command line}
   size_t MaxNewSize                               = 178782208                                 {product} {ergonomic}
   size_t MinHeapDeltaBytes                        = 524288                                    {product} {ergonomic}
   size_t MinHeapSize                              = 104857600                                 {product} {command line}
   size_t NewSize                                  = 34603008                                  {product} {ergonomic}
    uintx NonNMethodCodeHeapSize                   = 5826188                                {pd product} {ergonomic}
    uintx NonProfiledCodeHeapSize                  = 122916026                              {pd product} {ergonomic}
   size_t OldSize                                  = 70254592                                  {product} {ergonomic}
    uintx ProfiledCodeHeapSize                     = 122916026                              {pd product} {ergonomic}
    uintx ReservedCodeCacheSize                    = 251658240                              {pd product} {ergonomic}
     bool SegmentedCodeCache                       = true                                      {product} {ergonomic}
   size_t SoftMaxHeapSize                          = 536870912                              {manageable} {ergonomic}
     intx ThreadPriorityPolicy                     = 1                                         {product} {jimage}
     bool UseCompressedClassPointers               = true                           {product lp64_product} {ergonomic}
     bool UseCompressedOops                        = true                           {product lp64_product} {ergonomic}
     bool UseParallelGC                            = true                                      {product} {command line}

Logging:
Log output configuration:
 #0: stdout all=warning uptime,level,tags
 #1: stderr all=off uptime,level,tags

Environment Variables:
JAVA_HOME=/nix/store/gpxl5qgg8kicmcvivwmybwjlpf7wh20l-graalvm17-ce-22.3.0
PATH=/nix/store/1d6ian3r8kdzspw8hacjhl3xkp40g1lj-binutils-wrapper-2.39/bin:/nix/store/dq0xwmsk1g0i2ayg6pb7y87na2knzylh-gcc-wrapper-11.3.0/bin:/nix/store/bap4d0lpcrhpwmpb8ayjcgkmvfj62lnq-bash-interactive-5.1-p16/bin:/nix/store/pr5n59mb4jzmfx6kanwxly0l07p861fg-patchelf-0.15.0/bin:/nix/store/1gf2flfqnpqbr1b4p4qz2f72y42bs56r-gcc-11.3.0/bin:/nix/store/57xv61c5zi8pphjbcwxxjlgc34p61ic9-glibc-2.35-163-bin/bin:/nix/store/a7gvj343m05j2s32xcnwr35v31ynlypr-coreutils-9.1/bin:/nix/store/039g378vc3pc3dvi9dzdlrd0i4q93qwf-binutils-2.39/bin:/nix/store/gpxl5qgg8kicmcvivwmybwjlpf7wh20l-graalvm17-ce-22.3.0/bin:/nix/store/6z9ag3ihc8mq2hzsw48lhbznvzny65nz-apache-maven-3.8.6/bin:/nix/store/q9712qvwdh22a4krw4jz2sjrz07mvjbl-jdt-language-server-1.9.0/bin:/nix/store/9zdrgm97n766nc0kj11x4xvvp00qlfk9-java-debug/bin:/nix/store/18y8p4mjwjy26npih04hfv48wz9czgk3-attr-2.5.1-bin/bin:/nix/store/q8s1kzhsblr2a1p2g0lh2dkcgca1im3z-libcap-2.66/bin:/nix/store/bvihhgw8bh6cqqlj0d4s8cvmm4mqmzfc-pulseaudio-16.1/bin:/nix/store/mydc6f4k2z73xlcz7ilif3v2lcaiqvza-findutils-4.9.0/bin:/nix/store/j9p3g8472iijd50vhdprx0nmk2fqn5gv-diffutils-3.8/bin:/nix/store/89zs7rms6x00xfq4dq6m7mjnhkr8a6r4-gnused-4.8/bin:/nix/store/86bp03jkmsl6f92w0yzg4s59g5mhxwmy-gnugrep-3.7/bin:/nix/store/hwcdqw4jrjnd37wxqgsd47hd0j8bnj09-gawk-5.1.1/bin:/nix/store/cfbhw8r8ags41vwqaz47r583d0p4h4a1-gnutar-1.34/bin:/nix/store/p3m1ndl1lapwrlh698bnb5lvvxh67378-gzip-1.12/bin:/nix/store/a8mhcagrsly7c7mpjrpsnaahk4aax056-bzip2-1.0.8-bin/bin:/nix/store/mblgz65m3zv9x548a3d5m96fj2pbwr09-gnumake-4.3/bin:/nix/store/dsd5gz46hdbdk2rfdimqddhq6m8m8fqs-bash-5.1-p16/bin:/nix/store/v7ljksji50mg3w61dykaa3n3y79n6nil-patch-2.7.6/bin:/nix/store/zlcnmqq14jz5x9439jf937mvayyl63da-xz-5.2.7-bin/bin:/nix/store/y6aj732zm9m87c82fpvf103a1xb22blp-file-5.43/bin:/nix/store/yq0vlv3d2f5si3ibawpq5ay2pc6knixp-nix-2.18.0pre20230808_c0e6466/bin:/nix/store/n8qj14kgnj938ngykwhiwvnq79m6fr9d-prybar-elisp-0.0.0-2e68688/bin:/nix/store/2v4whij98zq4nvn69icixz6495187j0v-prybar-lua-0.0.0-2e68688/bin:/nix/st
LD_LIBRARY_PATH=/nix/store/a4pff549sk2idnkpzk5nsfps3mdkdnvm-cups-2.4.2-lib/lib:/nix/store/72mqxxhh3cy5yifh92wh2yb8cl2hikyy-cairo-1.16.0/lib:/nix/store/2k366jrbsra97gjfxwvrhvixjfxdach5-glib-2.74.1/lib:/nix/store/2j2znigd8ak37rlwh9khz0ry3clqlw1l-gtk+3-3.24.34/lib
DISPLAY=:0
LANG=en_US.UTF-8

Signal Handlers:
   SIGSEGV: crash_handler in libjvm.so, mask=11100100010111111101111111111110, flags=SA_RESTART|SA_SIGINFO
    SIGBUS: crash_handler in libjvm.so, mask=11100100010111111101111111111110, flags=SA_RESTART|SA_SIGINFO
    SIGFPE: crash_handler in libjvm.so, mask=11100100010111111101111111111110, flags=SA_RESTART|SA_SIGINFO
   SIGPIPE: IsolateEnterStub_IgnoreSIGPIPEStartupHook_noopSignalHandler_8f19bff2f35b5f630d83b364d6b2339320d4ec70_216e8361c6bc87a8f89f58cc10d3b2fd4415bf87 in libjvmcicompiler.so, mask=00000000000000000000000000000000, flags=SA_RESTART
  *** Handler was modified!
  *** Expected: javaSignalHandler in libjvm.so, mask=11100100110111111111111111111110, flags=SA_RESTART|SA_SIGINFO
   SIGXFSZ: javaSignalHandler in libjvm.so, mask=11100100010111111101111111111110, flags=SA_RESTART|SA_SIGINFO
    SIGILL: crash_handler in libjvm.so, mask=11100100010111111101111111111110, flags=SA_RESTART|SA_SIGINFO
   SIGUSR2: SR_handler in libjvm.so, mask=00000000000000000000000000000000, flags=SA_RESTART|SA_SIGINFO
    SIGHUP: UserHandler in libjvm.so, mask=11100100010111111101111111111110, flags=SA_RESTART|SA_SIGINFO
    SIGINT: UserHandler in libjvm.so, mask=11100100010111111101111111111110, flags=SA_RESTART|SA_SIGINFO
   SIGTERM: UserHandler in libjvm.so, mask=11100100010111111101111111111110, flags=SA_RESTART|SA_SIGINFO
   SIGQUIT: UserHandler in libjvm.so, mask=11100100010111111101111111111110, flags=SA_RESTART|SA_SIGINFO
  *** Handler was modified!
  *** Expected: javaSignalHandler in libjvm.so, mask=11100100110111111111111111111110, flags=SA_RESTART|SA_SIGINFO
   SIGTRAP: crash_handler in libjvm.so, mask=11100100010111111101111111111110, flags=SA_RESTART|SA_SIGINFO


---------------  S Y S T E M  ---------------

OS:
DISTRIB_ID=Ubuntu
DISTRIB_RELEASE=20.04
DISTRIB_CODENAME=focal
DISTRIB_DESCRIPTION="Ubuntu 20.04.2 LTS"
uname: Linux 6.5.0-1016-gcp #16~22.04.1-Ubuntu SMP Sat Mar  9 00:58:37 UTC 2024 x86_64
OS uptime: 0 days 4:11 hours
libc: glibc 2.35 NPTL 2.35 
rlimit (soft/hard): STACK 8192k/infinity , CORE infinity/infinity , NPROC infinity/infinity , NOFILE 5242/5242 , AS infinity/infinity , CPU infinity/infinity , DATA infinity/infinity , FSIZE infinity/infinity , MEMLOCK 8192k/8192k
load average: 10.08 11.81 15.64

/proc/meminfo:
MemTotal:       65835408 kB
MemFree:        31336324 kB
MemAvailable:   42221764 kB
Buffers:          589492 kB
Cached:          9764876 kB
SwapCached:            0 kB
Active:         23741300 kB
Inactive:        7402904 kB
Active(anon):   18581436 kB
Inactive(anon):  2023920 kB
Active(file):    5159864 kB
Inactive(file):  5378984 kB
Unevictable:       28448 kB
Mlocked:           28448 kB
SwapTotal:             0 kB
SwapFree:              0 kB
Zswap:                 0 kB
Zswapped:              0 kB
Dirty:              5440 kB
Writeback:             0 kB
AnonPages:      20586140 kB
Mapped:          2031412 kB
Shmem:            127176 kB
KReclaimable:    1073044 kB
Slab:            1735828 kB
SReclaimable:    1073044 kB
SUnreclaim:       662784 kB
KernelStack:      188916 kB
PageTables:       382424 kB
SecPageTables:         0 kB
NFS_Unstable:          0 kB
Bounce:                0 kB
WritebackTmp:          0 kB
CommitLimit:    32917704 kB
Committed_AS:   68184592 kB
VmallocTotal:   34359738367 kB
VmallocUsed:      218148 kB
VmallocChunk:          0 kB
Percpu:            47392 kB
HardwareCorrupted:     0 kB
AnonHugePages:    985088 kB
ShmemHugePages:        0 kB
ShmemPmdMapped:        0 kB
FileHugePages:         0 kB
FilePmdMapped:         0 kB
Unaccepted:            0 kB
HugePages_Total:       0
HugePages_Free:        0
HugePages_Rsvd:        0
HugePages_Surp:        0
Hugepagesize:       2048 kB
Hugetlb:               0 kB
DirectMap4k:      185144 kB
DirectMap2M:    14491648 kB
DirectMap1G:    54525952 kB

/sys/kernel/mm/transparent_hugepage/enabled: always [madvise] never
/sys/kernel/mm/transparent_hugepage/defrag (defrag/compaction efforts parameter): always defer defer+madvise [madvise] never

Process Memory:
Virtual Size: 4590188K (peak: 4640556K)
Resident Set Size: 754536K (peak: 791024K) (anon: 557596K, file: 196940K, shmem: 0K)
Swapped out: 0K
C-Heap outstanding allocations: 39729K, retained: 14294K
glibc malloc tunables: (default)

/proc/sys/kernel/threads-max (system-wide limit on the number of threads): 514277
/proc/sys/vm/max_map_count (maximum number of memory map areas a process may have): 65530
/proc/sys/kernel/pid_max (system-wide limit on number of process identifiers): 4194304

container (cgroup) information:
container_type: cgroupv2
cpu_cpuset_cpus: not supported
cpu_memory_nodes: not supported
active_processor_count: 1
cpu_quota: 50000
cpu_period: 100000
cpu_shares: no shares
memory_limit_in_bytes: 1048576 k
memory_and_swap_limit_in_bytes: unlimited
memory_soft_limit_in_bytes: 524288 k
memory_usage_in_bytes: 628252 k
memory_max_usage_in_bytes: not supported
maximum number of tasks: not supported
current number of tasks: not supported

KVM virtualization detected
Steal ticks since vm start: 2064
Steal ticks percentage since vm start:  0.002

CPU: total 8 (initial active 1) (4 cores per cpu, 2 threads per core) family 6 model 79 stepping 0 microcode 0xffffffff, cx8, cmov, fxsr, ht, mmx, 3dnowpref, sse, sse2, sse3, ssse3, sse4.1, sse4.2, popcnt, lzcnt, tsc, tscinvbit, avx, avx2, aes, erms, clmul, bmi1, bmi2, rtm, adx, fma, vzeroupper, clflush, hv
CPU Model and flags from /proc/cpuinfo:
model name	: Intel(R) Xeon(R) CPU @ 2.20GHz
flags		: fpu vme de pse tsc msr pae mce cx8 apic sep mtrr pge mca cmov pat pse36 clflush mmx fxsr sse sse2 ss ht syscall nx pdpe1gb rdtscp lm constant_tsc rep_good nopl xtopology nonstop_tsc cpuid tsc_known_freq pni pclmulqdq ssse3 fma cx16 pcid sse4_1 sse4_2 x2apic movbe popcnt aes xsave avx f16c rdrand hypervisor lahf_lm abm 3dnowprefetch invpcid_single pti ssbd ibrs ibpb stibp fsgsbase tsc_adjust bmi1 hle avx2 smep bmi2 erms invpcid rtm rdseed adx smap xsaveopt arat md_clear arch_capabilities

Online cpus: 0-7
Offline cpus: 
BIOS frequency limitation: <Not Available>
Frequency switch latency (ns): <Not Available>
Available cpu frequencies: <Not Available>
Current governor: <Not Available>
Core performance/turbo boost: <Not Available>

Memory: 4k page, physical 1048576k(420316k free), swap 0k(0k free)
Page Sizes: 4k

vm_info: OpenJDK 64-Bit Server VM (17.0.5+8-jvmci-22.3-b08) for linux-amd64 JRE (17.0.5+8-jvmci-22.3-b08), built on Oct 19 2022 09:01:27 by "buildslave" with gcc 10.3.0

END.
